
AVRASM ver. 2.1.30  E:\University\00012-MP-L\4\Debug\List\program.asm Sun Mar 13 19:36:15 2022

E:\University\00012-MP-L\4\Debug\List\program.asm(1088): warning: Register r4 already defined by the .DEF directive
E:\University\00012-MP-L\4\Debug\List\program.asm(1089): warning: Register r5 already defined by the .DEF directive
                 
                 
                 ;CodeVisionAVR C Compiler V3.12 Advanced
                 ;(C) Copyright 1998-2014 Pavel Haiduc, HP InfoTech s.r.l.
                 ;http://www.hpinfotech.com
                 
                 ;Build configuration    : Debug
                 ;Chip type              : ATmega32
                 ;Program type           : Application
                 ;Clock frequency        : 8.000000 MHz
                 ;Memory model           : Small
                 ;Optimize for           : Size
                 ;(s)printf features     : int, width
                 ;(s)scanf features      : int, width
                 ;External RAM size      : 0
                 ;Data Stack size        : 512 byte(s)
                 ;Heap size              : 0 byte(s)
                 ;Promote 'char' to 'int': Yes
                 ;'char' is unsigned     : Yes
                 ;8 bit enums            : Yes
                 ;Global 'const' stored in FLASH: Yes
                 ;Enhanced function parameter passing: Yes
                 ;Enhanced core instructions: On
                 ;Automatic register allocation for global variables: On
                 ;Smart register allocation: On
                 
                 	#define _MODEL_SMALL_
                 
                 	#pragma AVRPART ADMIN PART_NAME ATmega32
                 	#pragma AVRPART MEMORY PROG_FLASH 32768
                 	#pragma AVRPART MEMORY EEPROM 1024
                 	#pragma AVRPART MEMORY INT_SRAM SIZE 2048
                 	#pragma AVRPART MEMORY INT_SRAM START_ADDR 0x60
                 
                 	#define CALL_SUPPORTED 1
                 
                 	.LISTMAC
                 	.EQU UDRE=0x5
                 	.EQU RXC=0x7
                 	.EQU USR=0xB
                 	.EQU UDR=0xC
                 	.EQU SPSR=0xE
                 	.EQU SPDR=0xF
                 	.EQU EERE=0x0
                 	.EQU EEWE=0x1
                 	.EQU EEMWE=0x2
                 	.EQU EECR=0x1C
                 	.EQU EEDR=0x1D
                 	.EQU EEARL=0x1E
                 	.EQU EEARH=0x1F
                 	.EQU WDTCR=0x21
                 	.EQU MCUCR=0x35
                 	.EQU GICR=0x3B
                 	.EQU SPL=0x3D
                 	.EQU SPH=0x3E
                 	.EQU SREG=0x3F
                 
                 	.DEF R0X0=R0
                 	.DEF R0X1=R1
                 	.DEF R0X2=R2
                 	.DEF R0X3=R3
                 	.DEF R0X4=R4
                 	.DEF R0X5=R5
                 	.DEF R0X6=R6
                 	.DEF R0X7=R7
                 	.DEF R0X8=R8
                 	.DEF R0X9=R9
                 	.DEF R0XA=R10
                 	.DEF R0XB=R11
                 	.DEF R0XC=R12
                 	.DEF R0XD=R13
                 	.DEF R0XE=R14
                 	.DEF R0XF=R15
                 	.DEF R0X10=R16
                 	.DEF R0X11=R17
                 	.DEF R0X12=R18
                 	.DEF R0X13=R19
                 	.DEF R0X14=R20
                 	.DEF R0X15=R21
                 	.DEF R0X16=R22
                 	.DEF R0X17=R23
                 	.DEF R0X18=R24
                 	.DEF R0X19=R25
                 	.DEF R0X1A=R26
                 	.DEF R0X1B=R27
                 	.DEF R0X1C=R28
                 	.DEF R0X1D=R29
                 	.DEF R0X1E=R30
                 	.DEF R0X1F=R31
                 
                 	.EQU __SRAM_START=0x0060
                 	.EQU __SRAM_END=0x085F
                 	.EQU __DSTACK_SIZE=0x0200
                 	.EQU __HEAP_SIZE=0x0000
                 	.EQU __CLEAR_SRAM_SIZE=__SRAM_END-__SRAM_START+1
                 
                 	.MACRO __CPD1N
                 	CPI  R30,LOW(@0)
                 	LDI  R26,HIGH(@0)
                 	CPC  R31,R26
                 	LDI  R26,BYTE3(@0)
                 	CPC  R22,R26
                 	LDI  R26,BYTE4(@0)
                 	CPC  R23,R26
                 	.ENDM
                 
                 	.MACRO __CPD2N
                 	CPI  R26,LOW(@0)
                 	LDI  R30,HIGH(@0)
                 	CPC  R27,R30
                 	LDI  R30,BYTE3(@0)
                 	CPC  R24,R30
                 	LDI  R30,BYTE4(@0)
                 	CPC  R25,R30
                 	.ENDM
                 
                 	.MACRO __CPWRR
                 	CP   R@0,R@2
                 	CPC  R@1,R@3
                 	.ENDM
                 
                 	.MACRO __CPWRN
                 	CPI  R@0,LOW(@2)
                 	LDI  R30,HIGH(@2)
                 	CPC  R@1,R30
                 	.ENDM
                 
                 	.MACRO __ADDB1MN
                 	SUBI R30,LOW(-@0-(@1))
                 	.ENDM
                 
                 	.MACRO __ADDB2MN
                 	SUBI R26,LOW(-@0-(@1))
                 	.ENDM
                 
                 	.MACRO __ADDW1MN
                 	SUBI R30,LOW(-@0-(@1))
                 	SBCI R31,HIGH(-@0-(@1))
                 	.ENDM
                 
                 	.MACRO __ADDW2MN
                 	SUBI R26,LOW(-@0-(@1))
                 	SBCI R27,HIGH(-@0-(@1))
                 	.ENDM
                 
                 	.MACRO __ADDW1FN
                 	SUBI R30,LOW(-2*@0-(@1))
                 	SBCI R31,HIGH(-2*@0-(@1))
                 	.ENDM
                 
                 	.MACRO __ADDD1FN
                 	SUBI R30,LOW(-2*@0-(@1))
                 	SBCI R31,HIGH(-2*@0-(@1))
                 	SBCI R22,BYTE3(-2*@0-(@1))
                 	.ENDM
                 
                 	.MACRO __ADDD1N
                 	SUBI R30,LOW(-@0)
                 	SBCI R31,HIGH(-@0)
                 	SBCI R22,BYTE3(-@0)
                 	SBCI R23,BYTE4(-@0)
                 	.ENDM
                 
                 	.MACRO __ADDD2N
                 	SUBI R26,LOW(-@0)
                 	SBCI R27,HIGH(-@0)
                 	SBCI R24,BYTE3(-@0)
                 	SBCI R25,BYTE4(-@0)
                 	.ENDM
                 
                 	.MACRO __SUBD1N
                 	SUBI R30,LOW(@0)
                 	SBCI R31,HIGH(@0)
                 	SBCI R22,BYTE3(@0)
                 	SBCI R23,BYTE4(@0)
                 	.ENDM
                 
                 	.MACRO __SUBD2N
                 	SUBI R26,LOW(@0)
                 	SBCI R27,HIGH(@0)
                 	SBCI R24,BYTE3(@0)
                 	SBCI R25,BYTE4(@0)
                 	.ENDM
                 
                 	.MACRO __ANDBMNN
                 	LDS  R30,@0+(@1)
                 	ANDI R30,LOW(@2)
                 	STS  @0+(@1),R30
                 	.ENDM
                 
                 	.MACRO __ANDWMNN
                 	LDS  R30,@0+(@1)
                 	ANDI R30,LOW(@2)
                 	STS  @0+(@1),R30
                 	LDS  R30,@0+(@1)+1
                 	ANDI R30,HIGH(@2)
                 	STS  @0+(@1)+1,R30
                 	.ENDM
                 
                 	.MACRO __ANDD1N
                 	ANDI R30,LOW(@0)
                 	ANDI R31,HIGH(@0)
                 	ANDI R22,BYTE3(@0)
                 	ANDI R23,BYTE4(@0)
                 	.ENDM
                 
                 	.MACRO __ANDD2N
                 	ANDI R26,LOW(@0)
                 	ANDI R27,HIGH(@0)
                 	ANDI R24,BYTE3(@0)
                 	ANDI R25,BYTE4(@0)
                 	.ENDM
                 
                 	.MACRO __ORBMNN
                 	LDS  R30,@0+(@1)
                 	ORI  R30,LOW(@2)
                 	STS  @0+(@1),R30
                 	.ENDM
                 
                 	.MACRO __ORWMNN
                 	LDS  R30,@0+(@1)
                 	ORI  R30,LOW(@2)
                 	STS  @0+(@1),R30
                 	LDS  R30,@0+(@1)+1
                 	ORI  R30,HIGH(@2)
                 	STS  @0+(@1)+1,R30
                 	.ENDM
                 
                 	.MACRO __ORD1N
                 	ORI  R30,LOW(@0)
                 	ORI  R31,HIGH(@0)
                 	ORI  R22,BYTE3(@0)
                 	ORI  R23,BYTE4(@0)
                 	.ENDM
                 
                 	.MACRO __ORD2N
                 	ORI  R26,LOW(@0)
                 	ORI  R27,HIGH(@0)
                 	ORI  R24,BYTE3(@0)
                 	ORI  R25,BYTE4(@0)
                 	.ENDM
                 
                 	.MACRO __DELAY_USB
                 	LDI  R24,LOW(@0)
                 __DELAY_USB_LOOP:
                 	DEC  R24
                 	BRNE __DELAY_USB_LOOP
                 	.ENDM
                 
                 	.MACRO __DELAY_USW
                 	LDI  R24,LOW(@0)
                 	LDI  R25,HIGH(@0)
                 __DELAY_USW_LOOP:
                 	SBIW R24,1
                 	BRNE __DELAY_USW_LOOP
                 	.ENDM
                 
                 	.MACRO __GETD1S
                 	LDD  R30,Y+@0
                 	LDD  R31,Y+@0+1
                 	LDD  R22,Y+@0+2
                 	LDD  R23,Y+@0+3
                 	.ENDM
                 
                 	.MACRO __GETD2S
                 	LDD  R26,Y+@0
                 	LDD  R27,Y+@0+1
                 	LDD  R24,Y+@0+2
                 	LDD  R25,Y+@0+3
                 	.ENDM
                 
                 	.MACRO __PUTD1S
                 	STD  Y+@0,R30
                 	STD  Y+@0+1,R31
                 	STD  Y+@0+2,R22
                 	STD  Y+@0+3,R23
                 	.ENDM
                 
                 	.MACRO __PUTD2S
                 	STD  Y+@0,R26
                 	STD  Y+@0+1,R27
                 	STD  Y+@0+2,R24
                 	STD  Y+@0+3,R25
                 	.ENDM
                 
                 	.MACRO __PUTDZ2
                 	STD  Z+@0,R26
                 	STD  Z+@0+1,R27
                 	STD  Z+@0+2,R24
                 	STD  Z+@0+3,R25
                 	.ENDM
                 
                 	.MACRO __CLRD1S
                 	STD  Y+@0,R30
                 	STD  Y+@0+1,R30
                 	STD  Y+@0+2,R30
                 	STD  Y+@0+3,R30
                 	.ENDM
                 
                 	.MACRO __POINTB1MN
                 	LDI  R30,LOW(@0+(@1))
                 	.ENDM
                 
                 	.MACRO __POINTW1MN
                 	LDI  R30,LOW(@0+(@1))
                 	LDI  R31,HIGH(@0+(@1))
                 	.ENDM
                 
                 	.MACRO __POINTD1M
                 	LDI  R30,LOW(@0)
                 	LDI  R31,HIGH(@0)
                 	LDI  R22,BYTE3(@0)
                 	LDI  R23,BYTE4(@0)
                 	.ENDM
                 
                 	.MACRO __POINTW1FN
                 	LDI  R30,LOW(2*@0+(@1))
                 	LDI  R31,HIGH(2*@0+(@1))
                 	.ENDM
                 
                 	.MACRO __POINTD1FN
                 	LDI  R30,LOW(2*@0+(@1))
                 	LDI  R31,HIGH(2*@0+(@1))
                 	LDI  R22,BYTE3(2*@0+(@1))
                 	LDI  R23,BYTE4(2*@0+(@1))
                 	.ENDM
                 
                 	.MACRO __POINTB2MN
                 	LDI  R26,LOW(@0+(@1))
                 	.ENDM
                 
                 	.MACRO __POINTW2MN
                 	LDI  R26,LOW(@0+(@1))
                 	LDI  R27,HIGH(@0+(@1))
                 	.ENDM
                 
                 	.MACRO __POINTW2FN
                 	LDI  R26,LOW(2*@0+(@1))
                 	LDI  R27,HIGH(2*@0+(@1))
                 	.ENDM
                 
                 	.MACRO __POINTD2FN
                 	LDI  R26,LOW(2*@0+(@1))
                 	LDI  R27,HIGH(2*@0+(@1))
                 	LDI  R24,BYTE3(2*@0+(@1))
                 	LDI  R25,BYTE4(2*@0+(@1))
                 	.ENDM
                 
                 	.MACRO __POINTBRM
                 	LDI  R@0,LOW(@1)
                 	.ENDM
                 
                 	.MACRO __POINTWRM
                 	LDI  R@0,LOW(@2)
                 	LDI  R@1,HIGH(@2)
                 	.ENDM
                 
                 	.MACRO __POINTBRMN
                 	LDI  R@0,LOW(@1+(@2))
                 	.ENDM
                 
                 	.MACRO __POINTWRMN
                 	LDI  R@0,LOW(@2+(@3))
                 	LDI  R@1,HIGH(@2+(@3))
                 	.ENDM
                 
                 	.MACRO __POINTWRFN
                 	LDI  R@0,LOW(@2*2+(@3))
                 	LDI  R@1,HIGH(@2*2+(@3))
                 	.ENDM
                 
                 	.MACRO __GETD1N
                 	LDI  R30,LOW(@0)
                 	LDI  R31,HIGH(@0)
                 	LDI  R22,BYTE3(@0)
                 	LDI  R23,BYTE4(@0)
                 	.ENDM
                 
                 	.MACRO __GETD2N
                 	LDI  R26,LOW(@0)
                 	LDI  R27,HIGH(@0)
                 	LDI  R24,BYTE3(@0)
                 	LDI  R25,BYTE4(@0)
                 	.ENDM
                 
                 	.MACRO __GETB1MN
                 	LDS  R30,@0+(@1)
                 	.ENDM
                 
                 	.MACRO __GETB1HMN
                 	LDS  R31,@0+(@1)
                 	.ENDM
                 
                 	.MACRO __GETW1MN
                 	LDS  R30,@0+(@1)
                 	LDS  R31,@0+(@1)+1
                 	.ENDM
                 
                 	.MACRO __GETD1MN
                 	LDS  R30,@0+(@1)
                 	LDS  R31,@0+(@1)+1
                 	LDS  R22,@0+(@1)+2
                 	LDS  R23,@0+(@1)+3
                 	.ENDM
                 
                 	.MACRO __GETBRMN
                 	LDS  R@0,@1+(@2)
                 	.ENDM
                 
                 	.MACRO __GETWRMN
                 	LDS  R@0,@2+(@3)
                 	LDS  R@1,@2+(@3)+1
                 	.ENDM
                 
                 	.MACRO __GETWRZ
                 	LDD  R@0,Z+@2
                 	LDD  R@1,Z+@2+1
                 	.ENDM
                 
                 	.MACRO __GETD2Z
                 	LDD  R26,Z+@0
                 	LDD  R27,Z+@0+1
                 	LDD  R24,Z+@0+2
                 	LDD  R25,Z+@0+3
                 	.ENDM
                 
                 	.MACRO __GETB2MN
                 	LDS  R26,@0+(@1)
                 	.ENDM
                 
                 	.MACRO __GETW2MN
                 	LDS  R26,@0+(@1)
                 	LDS  R27,@0+(@1)+1
                 	.ENDM
                 
                 	.MACRO __GETD2MN
                 	LDS  R26,@0+(@1)
                 	LDS  R27,@0+(@1)+1
                 	LDS  R24,@0+(@1)+2
                 	LDS  R25,@0+(@1)+3
                 	.ENDM
                 
                 	.MACRO __PUTB1MN
                 	STS  @0+(@1),R30
                 	.ENDM
                 
                 	.MACRO __PUTW1MN
                 	STS  @0+(@1),R30
                 	STS  @0+(@1)+1,R31
                 	.ENDM
                 
                 	.MACRO __PUTD1MN
                 	STS  @0+(@1),R30
                 	STS  @0+(@1)+1,R31
                 	STS  @0+(@1)+2,R22
                 	STS  @0+(@1)+3,R23
                 	.ENDM
                 
                 	.MACRO __PUTB1EN
                 	LDI  R26,LOW(@0+(@1))
                 	LDI  R27,HIGH(@0+(@1))
                 	CALL __EEPROMWRB
                 	.ENDM
                 
                 	.MACRO __PUTW1EN
                 	LDI  R26,LOW(@0+(@1))
                 	LDI  R27,HIGH(@0+(@1))
                 	CALL __EEPROMWRW
                 	.ENDM
                 
                 	.MACRO __PUTD1EN
                 	LDI  R26,LOW(@0+(@1))
                 	LDI  R27,HIGH(@0+(@1))
                 	CALL __EEPROMWRD
                 	.ENDM
                 
                 	.MACRO __PUTBR0MN
                 	STS  @0+(@1),R0
                 	.ENDM
                 
                 	.MACRO __PUTBMRN
                 	STS  @0+(@1),R@2
                 	.ENDM
                 
                 	.MACRO __PUTWMRN
                 	STS  @0+(@1),R@2
                 	STS  @0+(@1)+1,R@3
                 	.ENDM
                 
                 	.MACRO __PUTBZR
                 	STD  Z+@1,R@0
                 	.ENDM
                 
                 	.MACRO __PUTWZR
                 	STD  Z+@2,R@0
                 	STD  Z+@2+1,R@1
                 	.ENDM
                 
                 	.MACRO __GETW1R
                 	MOV  R30,R@0
                 	MOV  R31,R@1
                 	.ENDM
                 
                 	.MACRO __GETW2R
                 	MOV  R26,R@0
                 	MOV  R27,R@1
                 	.ENDM
                 
                 	.MACRO __GETWRN
                 	LDI  R@0,LOW(@2)
                 	LDI  R@1,HIGH(@2)
                 	.ENDM
                 
                 	.MACRO __PUTW1R
                 	MOV  R@0,R30
                 	MOV  R@1,R31
                 	.ENDM
                 
                 	.MACRO __PUTW2R
                 	MOV  R@0,R26
                 	MOV  R@1,R27
                 	.ENDM
                 
                 	.MACRO __ADDWRN
                 	SUBI R@0,LOW(-@2)
                 	SBCI R@1,HIGH(-@2)
                 	.ENDM
                 
                 	.MACRO __ADDWRR
                 	ADD  R@0,R@2
                 	ADC  R@1,R@3
                 	.ENDM
                 
                 	.MACRO __SUBWRN
                 	SUBI R@0,LOW(@2)
                 	SBCI R@1,HIGH(@2)
                 	.ENDM
                 
                 	.MACRO __SUBWRR
                 	SUB  R@0,R@2
                 	SBC  R@1,R@3
                 	.ENDM
                 
                 	.MACRO __ANDWRN
                 	ANDI R@0,LOW(@2)
                 	ANDI R@1,HIGH(@2)
                 	.ENDM
                 
                 	.MACRO __ANDWRR
                 	AND  R@0,R@2
                 	AND  R@1,R@3
                 	.ENDM
                 
                 	.MACRO __ORWRN
                 	ORI  R@0,LOW(@2)
                 	ORI  R@1,HIGH(@2)
                 	.ENDM
                 
                 	.MACRO __ORWRR
                 	OR   R@0,R@2
                 	OR   R@1,R@3
                 	.ENDM
                 
                 	.MACRO __EORWRR
                 	EOR  R@0,R@2
                 	EOR  R@1,R@3
                 	.ENDM
                 
                 	.MACRO __GETWRS
                 	LDD  R@0,Y+@2
                 	LDD  R@1,Y+@2+1
                 	.ENDM
                 
                 	.MACRO __PUTBSR
                 	STD  Y+@1,R@0
                 	.ENDM
                 
                 	.MACRO __PUTWSR
                 	STD  Y+@2,R@0
                 	STD  Y+@2+1,R@1
                 	.ENDM
                 
                 	.MACRO __MOVEWRR
                 	MOV  R@0,R@2
                 	MOV  R@1,R@3
                 	.ENDM
                 
                 	.MACRO __INWR
                 	IN   R@0,@2
                 	IN   R@1,@2+1
                 	.ENDM
                 
                 	.MACRO __OUTWR
                 	OUT  @2+1,R@1
                 	OUT  @2,R@0
                 	.ENDM
                 
                 	.MACRO __CALL1MN
                 	LDS  R30,@0+(@1)
                 	LDS  R31,@0+(@1)+1
                 	ICALL
                 	.ENDM
                 
                 	.MACRO __CALL1FN
                 	LDI  R30,LOW(2*@0+(@1))
                 	LDI  R31,HIGH(2*@0+(@1))
                 	CALL __GETW1PF
                 	ICALL
                 	.ENDM
                 
                 	.MACRO __CALL2EN
                 	PUSH R26
                 	PUSH R27
                 	LDI  R26,LOW(@0+(@1))
                 	LDI  R27,HIGH(@0+(@1))
                 	CALL __EEPROMRDW
                 	POP  R27
                 	POP  R26
                 	ICALL
                 	.ENDM
                 
                 	.MACRO __CALL2EX
                 	SUBI R26,LOW(-@0)
                 	SBCI R27,HIGH(-@0)
                 	CALL __EEPROMRDD
                 	ICALL
                 	.ENDM
                 
                 	.MACRO __GETW1STACK
                 	IN   R30,SPL
                 	IN   R31,SPH
                 	ADIW R30,@0+1
                 	LD   R0,Z+
                 	LD   R31,Z
                 	MOV  R30,R0
                 	.ENDM
                 
                 	.MACRO __GETD1STACK
                 	IN   R30,SPL
                 	IN   R31,SPH
                 	ADIW R30,@0+1
                 	LD   R0,Z+
                 	LD   R1,Z+
                 	LD   R22,Z
                 	MOVW R30,R0
                 	.ENDM
                 
                 	.MACRO __NBST
                 	BST  R@0,@1
                 	IN   R30,SREG
                 	LDI  R31,0x40
                 	EOR  R30,R31
                 	OUT  SREG,R30
                 	.ENDM
                 
                 
                 	.MACRO __PUTB1SN
                 	LDD  R26,Y+@0
                 	LDD  R27,Y+@0+1
                 	SUBI R26,LOW(-@1)
                 	SBCI R27,HIGH(-@1)
                 	ST   X,R30
                 	.ENDM
                 
                 	.MACRO __PUTW1SN
                 	LDD  R26,Y+@0
                 	LDD  R27,Y+@0+1
                 	SUBI R26,LOW(-@1)
                 	SBCI R27,HIGH(-@1)
                 	ST   X+,R30
                 	ST   X,R31
                 	.ENDM
                 
                 	.MACRO __PUTD1SN
                 	LDD  R26,Y+@0
                 	LDD  R27,Y+@0+1
                 	SUBI R26,LOW(-@1)
                 	SBCI R27,HIGH(-@1)
                 	CALL __PUTDP1
                 	.ENDM
                 
                 	.MACRO __PUTB1SNS
                 	LDD  R26,Y+@0
                 	LDD  R27,Y+@0+1
                 	ADIW R26,@1
                 	ST   X,R30
                 	.ENDM
                 
                 	.MACRO __PUTW1SNS
                 	LDD  R26,Y+@0
                 	LDD  R27,Y+@0+1
                 	ADIW R26,@1
                 	ST   X+,R30
                 	ST   X,R31
                 	.ENDM
                 
                 	.MACRO __PUTD1SNS
                 	LDD  R26,Y+@0
                 	LDD  R27,Y+@0+1
                 	ADIW R26,@1
                 	CALL __PUTDP1
                 	.ENDM
                 
                 	.MACRO __PUTB1PMN
                 	LDS  R26,@0
                 	LDS  R27,@0+1
                 	SUBI R26,LOW(-@1)
                 	SBCI R27,HIGH(-@1)
                 	ST   X,R30
                 	.ENDM
                 
                 	.MACRO __PUTW1PMN
                 	LDS  R26,@0
                 	LDS  R27,@0+1
                 	SUBI R26,LOW(-@1)
                 	SBCI R27,HIGH(-@1)
                 	ST   X+,R30
                 	ST   X,R31
                 	.ENDM
                 
                 	.MACRO __PUTD1PMN
                 	LDS  R26,@0
                 	LDS  R27,@0+1
                 	SUBI R26,LOW(-@1)
                 	SBCI R27,HIGH(-@1)
                 	CALL __PUTDP1
                 	.ENDM
                 
                 	.MACRO __PUTB1PMNS
                 	LDS  R26,@0
                 	LDS  R27,@0+1
                 	ADIW R26,@1
                 	ST   X,R30
                 	.ENDM
                 
                 	.MACRO __PUTW1PMNS
                 	LDS  R26,@0
                 	LDS  R27,@0+1
                 	ADIW R26,@1
                 	ST   X+,R30
                 	ST   X,R31
                 	.ENDM
                 
                 	.MACRO __PUTD1PMNS
                 	LDS  R26,@0
                 	LDS  R27,@0+1
                 	ADIW R26,@1
                 	CALL __PUTDP1
                 	.ENDM
                 
                 	.MACRO __PUTB1RN
                 	MOVW R26,R@0
                 	SUBI R26,LOW(-@1)
                 	SBCI R27,HIGH(-@1)
                 	ST   X,R30
                 	.ENDM
                 
                 	.MACRO __PUTW1RN
                 	MOVW R26,R@0
                 	SUBI R26,LOW(-@1)
                 	SBCI R27,HIGH(-@1)
                 	ST   X+,R30
                 	ST   X,R31
                 	.ENDM
                 
                 	.MACRO __PUTD1RN
                 	MOVW R26,R@0
                 	SUBI R26,LOW(-@1)
                 	SBCI R27,HIGH(-@1)
                 	CALL __PUTDP1
                 	.ENDM
                 
                 	.MACRO __PUTB1RNS
                 	MOVW R26,R@0
                 	ADIW R26,@1
                 	ST   X,R30
                 	.ENDM
                 
                 	.MACRO __PUTW1RNS
                 	MOVW R26,R@0
                 	ADIW R26,@1
                 	ST   X+,R30
                 	ST   X,R31
                 	.ENDM
                 
                 	.MACRO __PUTD1RNS
                 	MOVW R26,R@0
                 	ADIW R26,@1
                 	CALL __PUTDP1
                 	.ENDM
                 
                 	.MACRO __PUTB1RON
                 	MOV  R26,R@0
                 	MOV  R27,R@1
                 	SUBI R26,LOW(-@2)
                 	SBCI R27,HIGH(-@2)
                 	ST   X,R30
                 	.ENDM
                 
                 	.MACRO __PUTW1RON
                 	MOV  R26,R@0
                 	MOV  R27,R@1
                 	SUBI R26,LOW(-@2)
                 	SBCI R27,HIGH(-@2)
                 	ST   X+,R30
                 	ST   X,R31
                 	.ENDM
                 
                 	.MACRO __PUTD1RON
                 	MOV  R26,R@0
                 	MOV  R27,R@1
                 	SUBI R26,LOW(-@2)
                 	SBCI R27,HIGH(-@2)
                 	CALL __PUTDP1
                 	.ENDM
                 
                 	.MACRO __PUTB1RONS
                 	MOV  R26,R@0
                 	MOV  R27,R@1
                 	ADIW R26,@2
                 	ST   X,R30
                 	.ENDM
                 
                 	.MACRO __PUTW1RONS
                 	MOV  R26,R@0
                 	MOV  R27,R@1
                 	ADIW R26,@2
                 	ST   X+,R30
                 	ST   X,R31
                 	.ENDM
                 
                 	.MACRO __PUTD1RONS
                 	MOV  R26,R@0
                 	MOV  R27,R@1
                 	ADIW R26,@2
                 	CALL __PUTDP1
                 	.ENDM
                 
                 
                 	.MACRO __GETB1SX
                 	MOVW R30,R28
                 	SUBI R30,LOW(-@0)
                 	SBCI R31,HIGH(-@0)
                 	LD   R30,Z
                 	.ENDM
                 
                 	.MACRO __GETB1HSX
                 	MOVW R30,R28
                 	SUBI R30,LOW(-@0)
                 	SBCI R31,HIGH(-@0)
                 	LD   R31,Z
                 	.ENDM
                 
                 	.MACRO __GETW1SX
                 	MOVW R30,R28
                 	SUBI R30,LOW(-@0)
                 	SBCI R31,HIGH(-@0)
                 	LD   R0,Z+
                 	LD   R31,Z
                 	MOV  R30,R0
                 	.ENDM
                 
                 	.MACRO __GETD1SX
                 	MOVW R30,R28
                 	SUBI R30,LOW(-@0)
                 	SBCI R31,HIGH(-@0)
                 	LD   R0,Z+
                 	LD   R1,Z+
                 	LD   R22,Z+
                 	LD   R23,Z
                 	MOVW R30,R0
                 	.ENDM
                 
                 	.MACRO __GETB2SX
                 	MOVW R26,R28
                 	SUBI R26,LOW(-@0)
                 	SBCI R27,HIGH(-@0)
                 	LD   R26,X
                 	.ENDM
                 
                 	.MACRO __GETW2SX
                 	MOVW R26,R28
                 	SUBI R26,LOW(-@0)
                 	SBCI R27,HIGH(-@0)
                 	LD   R0,X+
                 	LD   R27,X
                 	MOV  R26,R0
                 	.ENDM
                 
                 	.MACRO __GETD2SX
                 	MOVW R26,R28
                 	SUBI R26,LOW(-@0)
                 	SBCI R27,HIGH(-@0)
                 	LD   R0,X+
                 	LD   R1,X+
                 	LD   R24,X+
                 	LD   R25,X
                 	MOVW R26,R0
                 	.ENDM
                 
                 	.MACRO __GETBRSX
                 	MOVW R30,R28
                 	SUBI R30,LOW(-@1)
                 	SBCI R31,HIGH(-@1)
                 	LD   R@0,Z
                 	.ENDM
                 
                 	.MACRO __GETWRSX
                 	MOVW R30,R28
                 	SUBI R30,LOW(-@2)
                 	SBCI R31,HIGH(-@2)
                 	LD   R@0,Z+
                 	LD   R@1,Z
                 	.ENDM
                 
                 	.MACRO __GETBRSX2
                 	MOVW R26,R28
                 	SUBI R26,LOW(-@1)
                 	SBCI R27,HIGH(-@1)
                 	LD   R@0,X
                 	.ENDM
                 
                 	.MACRO __GETWRSX2
                 	MOVW R26,R28
                 	SUBI R26,LOW(-@2)
                 	SBCI R27,HIGH(-@2)
                 	LD   R@0,X+
                 	LD   R@1,X
                 	.ENDM
                 
                 	.MACRO __LSLW8SX
                 	MOVW R30,R28
                 	SUBI R30,LOW(-@0)
                 	SBCI R31,HIGH(-@0)
                 	LD   R31,Z
                 	CLR  R30
                 	.ENDM
                 
                 	.MACRO __PUTB1SX
                 	MOVW R26,R28
                 	SUBI R26,LOW(-@0)
                 	SBCI R27,HIGH(-@0)
                 	ST   X,R30
                 	.ENDM
                 
                 	.MACRO __PUTW1SX
                 	MOVW R26,R28
                 	SUBI R26,LOW(-@0)
                 	SBCI R27,HIGH(-@0)
                 	ST   X+,R30
                 	ST   X,R31
                 	.ENDM
                 
                 	.MACRO __PUTD1SX
                 	MOVW R26,R28
                 	SUBI R26,LOW(-@0)
                 	SBCI R27,HIGH(-@0)
                 	ST   X+,R30
                 	ST   X+,R31
                 	ST   X+,R22
                 	ST   X,R23
                 	.ENDM
                 
                 	.MACRO __CLRW1SX
                 	MOVW R26,R28
                 	SUBI R26,LOW(-@0)
                 	SBCI R27,HIGH(-@0)
                 	ST   X+,R30
                 	ST   X,R30
                 	.ENDM
                 
                 	.MACRO __CLRD1SX
                 	MOVW R26,R28
                 	SUBI R26,LOW(-@0)
                 	SBCI R27,HIGH(-@0)
                 	ST   X+,R30
                 	ST   X+,R30
                 	ST   X+,R30
                 	ST   X,R30
                 	.ENDM
                 
                 	.MACRO __PUTB2SX
                 	MOVW R30,R28
                 	SUBI R30,LOW(-@0)
                 	SBCI R31,HIGH(-@0)
                 	ST   Z,R26
                 	.ENDM
                 
                 	.MACRO __PUTW2SX
                 	MOVW R30,R28
                 	SUBI R30,LOW(-@0)
                 	SBCI R31,HIGH(-@0)
                 	ST   Z+,R26
                 	ST   Z,R27
                 	.ENDM
                 
                 	.MACRO __PUTD2SX
                 	MOVW R30,R28
                 	SUBI R30,LOW(-@0)
                 	SBCI R31,HIGH(-@0)
                 	ST   Z+,R26
                 	ST   Z+,R27
                 	ST   Z+,R24
                 	ST   Z,R25
                 	.ENDM
                 
                 	.MACRO __PUTBSRX
                 	MOVW R30,R28
                 	SUBI R30,LOW(-@1)
                 	SBCI R31,HIGH(-@1)
                 	ST   Z,R@0
                 	.ENDM
                 
                 	.MACRO __PUTWSRX
                 	MOVW R30,R28
                 	SUBI R30,LOW(-@2)
                 	SBCI R31,HIGH(-@2)
                 	ST   Z+,R@0
                 	ST   Z,R@1
                 	.ENDM
                 
                 	.MACRO __PUTB1SNX
                 	MOVW R26,R28
                 	SUBI R26,LOW(-@0)
                 	SBCI R27,HIGH(-@0)
                 	LD   R0,X+
                 	LD   R27,X
                 	MOV  R26,R0
                 	SUBI R26,LOW(-@1)
                 	SBCI R27,HIGH(-@1)
                 	ST   X,R30
                 	.ENDM
                 
                 	.MACRO __PUTW1SNX
                 	MOVW R26,R28
                 	SUBI R26,LOW(-@0)
                 	SBCI R27,HIGH(-@0)
                 	LD   R0,X+
                 	LD   R27,X
                 	MOV  R26,R0
                 	SUBI R26,LOW(-@1)
                 	SBCI R27,HIGH(-@1)
                 	ST   X+,R30
                 	ST   X,R31
                 	.ENDM
                 
                 	.MACRO __PUTD1SNX
                 	MOVW R26,R28
                 	SUBI R26,LOW(-@0)
                 	SBCI R27,HIGH(-@0)
                 	LD   R0,X+
                 	LD   R27,X
                 	MOV  R26,R0
                 	SUBI R26,LOW(-@1)
                 	SBCI R27,HIGH(-@1)
                 	ST   X+,R30
                 	ST   X+,R31
                 	ST   X+,R22
                 	ST   X,R23
                 	.ENDM
                 
                 	.MACRO __MULBRR
                 	MULS R@0,R@1
                 	MOVW R30,R0
                 	.ENDM
                 
                 	.MACRO __MULBRRU
                 	MUL  R@0,R@1
                 	MOVW R30,R0
                 	.ENDM
                 
                 	.MACRO __MULBRR0
                 	MULS R@0,R@1
                 	.ENDM
                 
                 	.MACRO __MULBRRU0
                 	MUL  R@0,R@1
                 	.ENDM
                 
                 	.MACRO __MULBNWRU
                 	LDI  R26,@2
                 	MUL  R26,R@0
                 	MOVW R30,R0
                 	MUL  R26,R@1
                 	ADD  R31,R0
                 	.ENDM
                 
                 ;NAME DEFINITIONS FOR GLOBAL VARIABLES ALLOCATED TO REGISTERS
                 	.DEF _counter=R4
                 	.DEF _counter_msb=R5
                 
                 	.CSEG
                 	.ORG 0x00
                 
                 ;START OF CODE MARKER
                 __START_OF_CODE:
                 
                 ;INTERRUPT VECTORS
000000 940c 003e 	JMP  __RESET
000002 940c 0000 	JMP  0x00
000004 940c 0000 	JMP  0x00
000006 940c 0000 	JMP  0x00
000008 940c 0000 	JMP  0x00
00000a 940c 0000 	JMP  0x00
00000c 940c 0000 	JMP  0x00
00000e 940c 0087 	JMP  _timer1_compa_isr
000010 940c 0000 	JMP  0x00
000012 940c 0000 	JMP  0x00
000014 940c 006b 	JMP  _timer0_comp_isr
000016 940c 0000 	JMP  0x00
000018 940c 0000 	JMP  0x00
00001a 940c 0000 	JMP  0x00
00001c 940c 0000 	JMP  0x00
00001e 940c 0000 	JMP  0x00
000020 940c 0000 	JMP  0x00
000022 940c 0000 	JMP  0x00
000024 940c 0000 	JMP  0x00
000026 940c 0000 	JMP  0x00
000028 940c 0000 	JMP  0x00
                 
                 ;GLOBAL REGISTER VARIABLES INITIALIZATION
                 __REG_VARS:
00002a 0000      	.DB  0x0,0x0
                 
                 _0x3:
00002b 0002
00002c 0003
00002d 0005
E:\University\00012-MP-L\4\Debug\List\program.asm(1125): warning: .cseg .db misalignment - padding zero byte
00002e 0008      	.DB  0x2,0x0,0x3,0x0,0x5,0x0,0x8
                 _0x4:
00002f 063f
000030 4f5b
000031 6d66
000032 077d      	.DB  0x3F,0x6,0x5B,0x4F,0x66,0x6D,0x7D,0x7
000033 6f7f      	.DB  0x7F,0x6F
                 
                 __GLOBAL_INI_TBL:
000034 0002      	.DW  0x02
000035 0004      	.DW  0x04
000036 0054      	.DW  __REG_VARS*2
                 
000037 0007      	.DW  0x07
000038 0260      	.DW  _time
000039 0056      	.DW  _0x3*2
                 
00003a 000a      	.DW  0x0A
00003b 026c      	.DW  _number
00003c 005e      	.DW  _0x4*2
                 
                 _0xFFFFFFFF:
00003d 0000      	.DW  0
                 
                 #define __GLOBAL_INI_TBL_PRESENT 1
                 
                 __RESET:
00003e 94f8      	CLI
00003f 27ee      	CLR  R30
000040 bbec      	OUT  EECR,R30
                 
                 ;INTERRUPT VECTORS ARE PLACED
                 ;AT THE START OF FLASH
000041 e0f1      	LDI  R31,1
000042 bffb      	OUT  GICR,R31
000043 bfeb      	OUT  GICR,R30
000044 bfe5      	OUT  MCUCR,R30
                 
                 ;CLEAR R2-R14
000045 e08d      	LDI  R24,(14-2)+1
000046 e0a2      	LDI  R26,2
000047 27bb      	CLR  R27
                 __CLEAR_REG:
000048 93ed      	ST   X+,R30
000049 958a      	DEC  R24
00004a f7e9      	BRNE __CLEAR_REG
                 
                 ;CLEAR SRAM
00004b e080      	LDI  R24,LOW(__CLEAR_SRAM_SIZE)
00004c e098      	LDI  R25,HIGH(__CLEAR_SRAM_SIZE)
00004d e6a0      	LDI  R26,__SRAM_START
                 __CLEAR_SRAM:
00004e 93ed      	ST   X+,R30
00004f 9701      	SBIW R24,1
000050 f7e9      	BRNE __CLEAR_SRAM
                 
                 ;GLOBAL VARIABLES INITIALIZATION
000051 e6e8      	LDI  R30,LOW(__GLOBAL_INI_TBL*2)
000052 e0f0      	LDI  R31,HIGH(__GLOBAL_INI_TBL*2)
                 __GLOBAL_INI_NEXT:
000053 9185      	LPM  R24,Z+
000054 9195      	LPM  R25,Z+
000055 9700      	SBIW R24,0
000056 f061      	BREQ __GLOBAL_INI_END
000057 91a5      	LPM  R26,Z+
000058 91b5      	LPM  R27,Z+
000059 9005      	LPM  R0,Z+
00005a 9015      	LPM  R1,Z+
00005b 01bf      	MOVW R22,R30
00005c 01f0      	MOVW R30,R0
                 __GLOBAL_INI_LOOP:
00005d 9005      	LPM  R0,Z+
00005e 920d      	ST   X+,R0
00005f 9701      	SBIW R24,1
000060 f7e1      	BRNE __GLOBAL_INI_LOOP
000061 01fb      	MOVW R30,R22
000062 cff0      	RJMP __GLOBAL_INI_NEXT
                 __GLOBAL_INI_END:
                 
                 ;HARDWARE STACK POINTER INITIALIZATION
000063 e5ef      	LDI  R30,LOW(__SRAM_END-__HEAP_SIZE)
000064 bfed      	OUT  SPL,R30
000065 e0e8      	LDI  R30,HIGH(__SRAM_END-__HEAP_SIZE)
000066 bfee      	OUT  SPH,R30
                 
                 ;DATA STACK POINTER INITIALIZATION
000067 e6c0      	LDI  R28,LOW(__SRAM_START+__DSTACK_SIZE)
000068 e0d2      	LDI  R29,HIGH(__SRAM_START+__DSTACK_SIZE)
                 
000069 940c 00f8 	JMP  _main
                 
                 	.ESEG
                 	.ORG 0
                 
                 	.DSEG
                 	.ORG 0x260
                 
                 	.CSEG
                 ;/*******************************************************
                 ;This program was created by the
                 ;CodeWizardAVR V3.12 Advanced
                 ;Automatic Program Generator
                 ;© Copyright 1998-2014 Pavel Haiduc, HP InfoTech s.r.l.
                 ;http://www.hpinfotech.com
                 ;
                 ;Project :
                 ;Version :
                 ;Date    : 3/13/2022
                 ;Author  :
                 ;Company :
                 ;Comments:
                 ;
                 ;
                 ;Chip type               : ATmega32
                 ;Program type            : Application
                 ;AVR Core Clock frequency: 8.000000 MHz
                 ;Memory model            : Small
                 ;External RAM size       : 0
                 ;Data Stack size         : 512
                 ;*******************************************************/
                 ;
                 ;#include <mega32.h>
                 	#ifndef __SLEEP_DEFINED__
                 	#define __SLEEP_DEFINED__
                 	.EQU __se_bit=0x80
                 	.EQU __sm_mask=0x70
                 	.EQU __sm_powerdown=0x20
                 	.EQU __sm_powersave=0x30
                 	.EQU __sm_standby=0x60
                 	.EQU __sm_ext_standby=0x70
                 	.EQU __sm_adc_noise_red=0x10
                 	.SET power_ctrl_reg=mcucr
                 	#endif
                 ;#include <delay.h>
                 ;
                 ;unsigned int time[] = {2, 3, 5, 8, 0, 0};
                 
                 	.DSEG
                 ;
                 ;unsigned int counter = 0;
                 ;
                 ;char number[] = {0x3F, 0x06, 0x5B, 0x4F, 0x66, 0x6D, 0x7D, 0x07, 0x7F, 0x6F} ;
                 ;
                 ;// Timer 0 output compare interrupt service routine
                 ;interrupt [TIM0_COMP] void timer0_comp_isr(void) {
                 ; 0000 0022 interrupt [11] void timer0_comp_isr(void) {
                 
                 	.CSEG
                 _timer0_comp_isr:
                 ; .FSTART _timer0_comp_isr
00006b 920a      	ST   -Y,R0
00006c 921a      	ST   -Y,R1
00006d 939a      	ST   -Y,R25
00006e 93aa      	ST   -Y,R26
00006f 93ba      	ST   -Y,R27
000070 93ea      	ST   -Y,R30
000071 93fa      	ST   -Y,R31
000072 b7ef      	IN   R30,SREG
000073 93ea      	ST   -Y,R30
                 ; 0000 0023     counter++;
000074 01f2      	MOVW R30,R4
000075 9631      	ADIW R30,1
000076 012f      	MOVW R4,R30
                 ; 0000 0024     counter %= 6;
000077 01d2      	MOVW R26,R4
000078 e0e6      	LDI  R30,LOW(6)
000079 e0f0      	LDI  R31,HIGH(6)
00007a 940e 01aa 	CALL __MODW21U
00007c 012f      	MOVW R4,R30
                 ; 0000 0025 }
00007d 91e9      	LD   R30,Y+
00007e bfef      	OUT  SREG,R30
00007f 91f9      	LD   R31,Y+
000080 91e9      	LD   R30,Y+
000081 91b9      	LD   R27,Y+
000082 91a9      	LD   R26,Y+
000083 9199      	LD   R25,Y+
000084 9019      	LD   R1,Y+
000085 9009      	LD   R0,Y+
000086 9518      	RETI
                 ; .FEND
                 ;
                 ;// Timer1 output compare A interrupt service routine
                 ;interrupt [TIM1_COMPA] void timer1_compa_isr(void) {
                 ; 0000 0028 interrupt [8] void timer1_compa_isr(void) {
                 _timer1_compa_isr:
                 ; .FSTART _timer1_compa_isr
000087 93aa      	ST   -Y,R26
000088 93ba      	ST   -Y,R27
000089 93ea      	ST   -Y,R30
00008a 93fa      	ST   -Y,R31
00008b b7ef      	IN   R30,SREG
00008c 93ea      	ST   -Y,R30
                 ; 0000 0029     time[5] += 1;
00008d d0eb      	RCALL SUBOPT_0x0
00008e 9631      	ADIW R30,1
                +
00008f 93e0 026a+STS _time + ( 10 ) , R30
000091 93f0 026b+STS _time + ( 10 ) + 1 , R31
                 	__PUTW1MN _time,10
                 ; 0000 002A     if(time[5] == 10) {
000093 d0e5      	RCALL SUBOPT_0x0
000094 30ea      	CPI  R30,LOW(0xA)
000095 e0a0      	LDI  R26,HIGH(0xA)
000096 07fa      	CPC  R31,R26
000097 f009      	BREQ PC+2
000098 c058      	RJMP _0x5
                 ; 0000 002B         time[5] = 0;
                +
000099 e6ea     +LDI R30 , LOW ( _time + ( 10 ) )
00009a e0f2     +LDI R31 , HIGH ( _time + ( 10 ) )
                 	__POINTW1MN _time,10
00009b d0e2      	RCALL SUBOPT_0x1
                 ; 0000 002C         time[4] += 1;
00009c d0e6      	RCALL SUBOPT_0x2
00009d 9631      	ADIW R30,1
                +
00009e 93e0 0268+STS _time + ( 8 ) , R30
0000a0 93f0 0269+STS _time + ( 8 ) + 1 , R31
                 	__PUTW1MN _time,8
                 ; 0000 002D         if(time[4] == 6) {
0000a2 d0e0      	RCALL SUBOPT_0x2
0000a3 30e6      	CPI  R30,LOW(0x6)
0000a4 e0a0      	LDI  R26,HIGH(0x6)
0000a5 07fa      	CPC  R31,R26
0000a6 f009      	BREQ PC+2
0000a7 c049      	RJMP _0x6
                 ; 0000 002E             time[4] = 0;
                +
0000a8 e6e8     +LDI R30 , LOW ( _time + ( 8 ) )
0000a9 e0f2     +LDI R31 , HIGH ( _time + ( 8 ) )
                 	__POINTW1MN _time,8
0000aa d0d3      	RCALL SUBOPT_0x1
                 ; 0000 002F             time[3] += 1;
0000ab d0dc      	RCALL SUBOPT_0x3
0000ac 9631      	ADIW R30,1
                +
0000ad 93e0 0266+STS _time + ( 6 ) , R30
0000af 93f0 0267+STS _time + ( 6 ) + 1 , R31
                 	__PUTW1MN _time,6
                 ; 0000 0030             if (time[3] == 10) {
0000b1 d0d6      	RCALL SUBOPT_0x3
0000b2 30ea      	CPI  R30,LOW(0xA)
0000b3 e0a0      	LDI  R26,HIGH(0xA)
0000b4 07fa      	CPC  R31,R26
0000b5 f5d9      	BRNE _0x7
                 ; 0000 0031                 time[3] = 0;
                +
0000b6 e6e6     +LDI R30 , LOW ( _time + ( 6 ) )
0000b7 e0f2     +LDI R31 , HIGH ( _time + ( 6 ) )
                 	__POINTW1MN _time,6
0000b8 d0c5      	RCALL SUBOPT_0x1
                 ; 0000 0032                 time[2] += 1;
0000b9 d0d3      	RCALL SUBOPT_0x4
0000ba 9631      	ADIW R30,1
                +
0000bb 93e0 0264+STS _time + ( 4 ) , R30
0000bd 93f0 0265+STS _time + ( 4 ) + 1 , R31
                 	__PUTW1MN _time,4
                 ; 0000 0033                 if (time[2] == 6) {
0000bf d0cd      	RCALL SUBOPT_0x4
0000c0 30e6      	CPI  R30,LOW(0x6)
0000c1 e0a0      	LDI  R26,HIGH(0x6)
0000c2 07fa      	CPC  R31,R26
0000c3 f569      	BRNE _0x8
                 ; 0000 0034                     time[2] = 0;
                +
0000c4 e6e4     +LDI R30 , LOW ( _time + ( 4 ) )
0000c5 e0f2     +LDI R31 , HIGH ( _time + ( 4 ) )
                 	__POINTW1MN _time,4
0000c6 d0b7      	RCALL SUBOPT_0x1
                 ; 0000 0035                     time[1] += 1;
0000c7 d0ca      	RCALL SUBOPT_0x5
0000c8 9631      	ADIW R30,1
                +
0000c9 93e0 0262+STS _time + ( 2 ) , R30
0000cb 93f0 0263+STS _time + ( 2 ) + 1 , R31
                 	__PUTW1MN _time,2
                 ; 0000 0036                     if (time[1] == 4 && time[0] == 2) {
0000cd d0c4      	RCALL SUBOPT_0x5
0000ce 9734      	SBIW R30,4
0000cf f431      	BRNE _0xA
0000d0 91a0 0260 	LDS  R26,_time
0000d2 91b0 0261 	LDS  R27,_time+1
0000d4 9712      	SBIW R26,2
0000d5 f009      	BREQ _0xB
                 _0xA:
0000d6 c009      	RJMP _0x9
                 _0xB:
                 ; 0000 0037                         time[1] = 0;
                +
0000d7 e6e2     +LDI R30 , LOW ( _time + ( 2 ) )
0000d8 e0f2     +LDI R31 , HIGH ( _time + ( 2 ) )
                 	__POINTW1MN _time,2
0000d9 d0a4      	RCALL SUBOPT_0x1
                 ; 0000 0038                         time[0] = 0;
0000da e0e0      	LDI  R30,LOW(0)
0000db 93e0 0260 	STS  _time,R30
0000dd 93e0 0261 	STS  _time+1,R30
                 ; 0000 0039                     } else if (time[1] == 10) {
0000df c011      	RJMP _0xC
                 _0x9:
0000e0 d0b1      	RCALL SUBOPT_0x5
0000e1 30ea      	CPI  R30,LOW(0xA)
0000e2 e0a0      	LDI  R26,HIGH(0xA)
0000e3 07fa      	CPC  R31,R26
0000e4 f461      	BRNE _0xD
                 ; 0000 003A                         time[1] = 0;
                +
0000e5 e6e2     +LDI R30 , LOW ( _time + ( 2 ) )
0000e6 e0f2     +LDI R31 , HIGH ( _time + ( 2 ) )
                 	__POINTW1MN _time,2
0000e7 d096      	RCALL SUBOPT_0x1
                 ; 0000 003B                         time[0] += 1;
0000e8 91e0 0260 	LDS  R30,_time
0000ea 91f0 0261 	LDS  R31,_time+1
0000ec 9631      	ADIW R30,1
0000ed 93e0 0260 	STS  _time,R30
0000ef 93f0 0261 	STS  _time+1,R31
                 ; 0000 003C                     }
                 ; 0000 003D                 }
                 _0xD:
                 _0xC:
                 ; 0000 003E             }
                 _0x8:
                 ; 0000 003F         }
                 _0x7:
                 ; 0000 0040     }
                 _0x6:
                 ; 0000 0041 }
                 _0x5:
0000f1 91e9      	LD   R30,Y+
0000f2 bfef      	OUT  SREG,R30
0000f3 91f9      	LD   R31,Y+
0000f4 91e9      	LD   R30,Y+
0000f5 91b9      	LD   R27,Y+
0000f6 91a9      	LD   R26,Y+
0000f7 9518      	RETI
                 ; .FEND
                 ;
                 ;// Declare your global variables here
                 ;void main(void) {
                 ; 0000 0044 void main(void) {
                 _main:
                 ; .FSTART _main
                 ; 0000 0045 
                 ; 0000 0046     PORTA=0x00;
0000f8 e0e0      	LDI  R30,LOW(0)
0000f9 bbeb      	OUT  0x1B,R30
                 ; 0000 0047     DDRA=0x00;
0000fa bbea      	OUT  0x1A,R30
                 ; 0000 0048 
                 ; 0000 0049     PORTB=0x00;
0000fb bbe8      	OUT  0x18,R30
                 ; 0000 004A     DDRB=0x00;
0000fc bbe7      	OUT  0x17,R30
                 ; 0000 004B 
                 ; 0000 004C     PORTC=0x00;
0000fd bbe5      	OUT  0x15,R30
                 ; 0000 004D     DDRC=0xFF;
0000fe efef      	LDI  R30,LOW(255)
0000ff bbe4      	OUT  0x14,R30
                 ; 0000 004E 
                 ; 0000 004F     PORTD=0x00;
000100 e0e0      	LDI  R30,LOW(0)
000101 bbe2      	OUT  0x12,R30
                 ; 0000 0050     DDRD=0xFF;
000102 efef      	LDI  R30,LOW(255)
000103 bbe1      	OUT  0x11,R30
                 ; 0000 0051 
                 ; 0000 0052     TCCR0=0x0C;
000104 e0ec      	LDI  R30,LOW(12)
000105 bfe3      	OUT  0x33,R30
                 ; 0000 0053     TCNT0=0x00;
000106 e0e0      	LDI  R30,LOW(0)
000107 bfe2      	OUT  0x32,R30
                 ; 0000 0054     OCR0=0x63;
000108 e6e3      	LDI  R30,LOW(99)
000109 bfec      	OUT  0x3C,R30
                 ; 0000 0055 
                 ; 0000 0056     TCCR1A=0x00;
00010a e0e0      	LDI  R30,LOW(0)
00010b bdef      	OUT  0x2F,R30
                 ; 0000 0057     TCCR1B=0x0C;
00010c e0ec      	LDI  R30,LOW(12)
00010d bdee      	OUT  0x2E,R30
                 ; 0000 0058     TCNT1H=0x00;
00010e e0e0      	LDI  R30,LOW(0)
00010f bded      	OUT  0x2D,R30
                 ; 0000 0059     TCNT1L=0x00;
000110 bdec      	OUT  0x2C,R30
                 ; 0000 005A     ICR1H=0x00;
000111 bde7      	OUT  0x27,R30
                 ; 0000 005B     ICR1L=0x00;
000112 bde6      	OUT  0x26,R30
                 ; 0000 005C     OCR1AH=0x7A;
000113 e7ea      	LDI  R30,LOW(122)
000114 bdeb      	OUT  0x2B,R30
                 ; 0000 005D     OCR1AL=0x12;
000115 e1e2      	LDI  R30,LOW(18)
000116 bdea      	OUT  0x2A,R30
                 ; 0000 005E     OCR1BH=0x00;
000117 e0e0      	LDI  R30,LOW(0)
000118 bde9      	OUT  0x29,R30
                 ; 0000 005F     OCR1BL=0x00;
000119 bde8      	OUT  0x28,R30
                 ; 0000 0060 
                 ; 0000 0061     TCCR2=0x00;
00011a bde5      	OUT  0x25,R30
                 ; 0000 0062     TCNT2=0x00;
00011b bde4      	OUT  0x24,R30
                 ; 0000 0063     OCR2=0x00;
00011c bde3      	OUT  0x23,R30
                 ; 0000 0064 
                 ; 0000 0065     MCUCR=0x00;
00011d bfe5      	OUT  0x35,R30
                 ; 0000 0066     MCUCSR=0x00;
00011e bfe4      	OUT  0x34,R30
                 ; 0000 0067 
                 ; 0000 0068     TIMSK=0x12;
00011f e1e2      	LDI  R30,LOW(18)
000120 bfe9      	OUT  0x39,R30
                 ; 0000 0069 
                 ; 0000 006A     // Analog Comparator initialization
                 ; 0000 006B     ACSR=0x80;
000121 e8e0      	LDI  R30,LOW(128)
000122 b9e8      	OUT  0x8,R30
                 ; 0000 006C     SFIOR=0x00;
000123 e0e0      	LDI  R30,LOW(0)
000124 bfe0      	OUT  0x30,R30
                 ; 0000 006D 
                 ; 0000 006E     // Global enable interrupts
                 ; 0000 006F     #asm("sei")
000125 9478      	sei
                 ; 0000 0070 
                 ; 0000 0071     while (1) {
                 _0xE:
                 ; 0000 0072 
                 ; 0000 0073         int dot = 0;
                 ; 0000 0074         if (time[5] % 2 == 0) {
000126 9722      	SBIW R28,2
000127 e0e0      	LDI  R30,LOW(0)
000128 83e8      	ST   Y,R30
000129 83e9      	STD  Y+1,R30
                 ;	dot -> Y+0
00012a d04e      	RCALL SUBOPT_0x0
00012b 70e1      	ANDI R30,LOW(0x1)
00012c f421      	BRNE _0x11
                 ; 0000 0075             dot = 0x80;
00012d e8e0      	LDI  R30,LOW(128)
00012e e0f0      	LDI  R31,HIGH(128)
00012f 83e8      	ST   Y,R30
000130 83f9      	STD  Y+1,R31
                 ; 0000 0076         }
                 ; 0000 0077 
                 ; 0000 0078         if(counter == 0) {
                 _0x11:
000131 2c04      	MOV  R0,R4
000132 2805      	OR   R0,R5
000133 f451      	BRNE _0x12
                 ; 0000 0079             PORTD = 0b11111110;
000134 efee      	LDI  R30,LOW(254)
000135 bbe2      	OUT  0x12,R30
                 ; 0000 007A             PORTC = number[time[0]];
000136 91e0 0260 	LDS  R30,_time
000138 91f0 0261 	LDS  R31,_time+1
00013a 59e4      	SUBI R30,LOW(-_number)
00013b 4ffd      	SBCI R31,HIGH(-_number)
00013c 81e0      	LD   R30,Z
00013d c037      	RJMP _0x1E
                 ; 0000 007B         } else if(counter == 1) {
                 _0x12:
00013e e0e1      	LDI  R30,LOW(1)
00013f e0f0      	LDI  R31,HIGH(1)
000140 15e4      	CP   R30,R4
000141 05f5      	CPC  R31,R5
000142 f421      	BRNE _0x14
                 ; 0000 007C             PORTD = 0b11111101;
000143 efed      	LDI  R30,LOW(253)
000144 bbe2      	OUT  0x12,R30
                 ; 0000 007D             PORTC = number[time[1]] | dot;
000145 d04c      	RCALL SUBOPT_0x5
000146 c029      	RJMP _0x1F
                 ; 0000 007E         } else if(counter == 2) {
                 _0x14:
000147 e0e2      	LDI  R30,LOW(2)
000148 e0f0      	LDI  R31,HIGH(2)
000149 15e4      	CP   R30,R4
00014a 05f5      	CPC  R31,R5
00014b f439      	BRNE _0x16
                 ; 0000 007F             PORTD = 0b11111011;
00014c efeb      	LDI  R30,LOW(251)
00014d bbe2      	OUT  0x12,R30
                 ; 0000 0080             PORTC = number[time[2]];
00014e d03e      	RCALL SUBOPT_0x4
00014f 59e4      	SUBI R30,LOW(-_number)
000150 4ffd      	SBCI R31,HIGH(-_number)
000151 81e0      	LD   R30,Z
000152 c022      	RJMP _0x1E
                 ; 0000 0081         } else if(counter == 3) {
                 _0x16:
000153 e0e3      	LDI  R30,LOW(3)
000154 e0f0      	LDI  R31,HIGH(3)
000155 15e4      	CP   R30,R4
000156 05f5      	CPC  R31,R5
000157 f421      	BRNE _0x18
                 ; 0000 0082             PORTD = 0b11110111;
000158 efe7      	LDI  R30,LOW(247)
000159 bbe2      	OUT  0x12,R30
                 ; 0000 0083             PORTC = number[time[3]] | dot;
00015a d02d      	RCALL SUBOPT_0x3
00015b c014      	RJMP _0x1F
                 ; 0000 0084         } else if(counter == 4) {
                 _0x18:
00015c e0e4      	LDI  R30,LOW(4)
00015d e0f0      	LDI  R31,HIGH(4)
00015e 15e4      	CP   R30,R4
00015f 05f5      	CPC  R31,R5
000160 f439      	BRNE _0x1A
                 ; 0000 0085             PORTD = 0b11101111;
000161 eeef      	LDI  R30,LOW(239)
000162 bbe2      	OUT  0x12,R30
                 ; 0000 0086             PORTC = number[time[4]];
000163 d01f      	RCALL SUBOPT_0x2
000164 59e4      	SUBI R30,LOW(-_number)
000165 4ffd      	SBCI R31,HIGH(-_number)
000166 81e0      	LD   R30,Z
000167 c00d      	RJMP _0x1E
                 ; 0000 0087         } else if(counter == 5){
                 _0x1A:
000168 e0e5      	LDI  R30,LOW(5)
000169 e0f0      	LDI  R31,HIGH(5)
00016a 15e4      	CP   R30,R4
00016b 05f5      	CPC  R31,R5
00016c f449      	BRNE _0x1C
                 ; 0000 0088             PORTD = 0b11011111;
00016d edef      	LDI  R30,LOW(223)
00016e bbe2      	OUT  0x12,R30
                 ; 0000 0089             PORTC = number[time[5]] | dot;
00016f d009      	RCALL SUBOPT_0x0
                 _0x1F:
000170 59e4      	SUBI R30,LOW(-_number)
000171 4ffd      	SBCI R31,HIGH(-_number)
000172 81e0      	LD   R30,Z
000173 81a8      	LD   R26,Y
000174 2bea      	OR   R30,R26
                 _0x1E:
000175 bbe5      	OUT  0x15,R30
                 ; 0000 008A         }
                 ; 0000 008B     }
                 _0x1C:
000176 9622      	ADIW R28,2
000177 cfae      	RJMP _0xE
                 ; 0000 008C }
                 _0x1D:
000178 cfff      	RJMP _0x1D
                 ; .FEND
                 
                 	.DSEG
                 _time:
000260           	.BYTE 0xC
                 _number:
00026c           	.BYTE 0xA
                 
                 	.CSEG
                 ;OPTIMIZER ADDED SUBROUTINE, CALLED 4 TIMES, CODE SIZE REDUCTION:3 WORDS
                 SUBOPT_0x0:
                +
000179 91e0 026a+LDS R30 , _time + ( 10 )
00017b 91f0 026b+LDS R31 , _time + ( 10 ) + 1
                 	__GETW1MN _time,10
00017d 9508      	RET
                 
                 ;OPTIMIZER ADDED SUBROUTINE, CALLED 6 TIMES, CODE SIZE REDUCTION:7 WORDS
                 SUBOPT_0x1:
00017e e0a0      	LDI  R26,LOW(0)
00017f e0b0      	LDI  R27,HIGH(0)
000180 83a0      	STD  Z+0,R26
000181 83b1      	STD  Z+1,R27
000182 9508      	RET
                 
                 ;OPTIMIZER ADDED SUBROUTINE, CALLED 3 TIMES, CODE SIZE REDUCTION:1 WORDS
                 SUBOPT_0x2:
                +
000183 91e0 0268+LDS R30 , _time + ( 8 )
000185 91f0 0269+LDS R31 , _time + ( 8 ) + 1
                 	__GETW1MN _time,8
000187 9508      	RET
                 
                 ;OPTIMIZER ADDED SUBROUTINE, CALLED 3 TIMES, CODE SIZE REDUCTION:1 WORDS
                 SUBOPT_0x3:
                +
000188 91e0 0266+LDS R30 , _time + ( 6 )
00018a 91f0 0267+LDS R31 , _time + ( 6 ) + 1
                 	__GETW1MN _time,6
00018c 9508      	RET
                 
                 ;OPTIMIZER ADDED SUBROUTINE, CALLED 3 TIMES, CODE SIZE REDUCTION:1 WORDS
                 SUBOPT_0x4:
                +
00018d 91e0 0264+LDS R30 , _time + ( 4 )
00018f 91f0 0265+LDS R31 , _time + ( 4 ) + 1
                 	__GETW1MN _time,4
000191 9508      	RET
                 
                 ;OPTIMIZER ADDED SUBROUTINE, CALLED 4 TIMES, CODE SIZE REDUCTION:3 WORDS
                 SUBOPT_0x5:
                +
000192 91e0 0262+LDS R30 , _time + ( 2 )
000194 91f0 0263+LDS R31 , _time + ( 2 ) + 1
                 	__GETW1MN _time,2
000196 9508      	RET
                 
                 
                 	.CSEG
                 __DIVW21U:
000197 2400      	CLR  R0
000198 2411      	CLR  R1
000199 e190      	LDI  R25,16
                 __DIVW21U1:
00019a 0faa      	LSL  R26
00019b 1fbb      	ROL  R27
00019c 1c00      	ROL  R0
00019d 1c11      	ROL  R1
00019e 1a0e      	SUB  R0,R30
00019f 0a1f      	SBC  R1,R31
0001a0 f418      	BRCC __DIVW21U2
0001a1 0e0e      	ADD  R0,R30
0001a2 1e1f      	ADC  R1,R31
0001a3 c001      	RJMP __DIVW21U3
                 __DIVW21U2:
0001a4 60a1      	SBR  R26,1
                 __DIVW21U3:
0001a5 959a      	DEC  R25
0001a6 f799      	BRNE __DIVW21U1
0001a7 01fd      	MOVW R30,R26
0001a8 01d0      	MOVW R26,R0
0001a9 9508      	RET
                 
                 __MODW21U:
0001aa dfec      	RCALL __DIVW21U
0001ab 01fd      	MOVW R30,R26
0001ac 9508      	RET
                 
                 ;END OF CODE MARKER
                 __END_OF_CODE:


RESOURCE USE INFORMATION
------------------------

Notice:
The register and instruction counts are symbol table hit counts,
and hence implicitly used resources are not counted, eg, the
'lpm' instruction without operands implicitly uses r0 and z,
none of which are counted.

x,y,z are separate entities in the symbol table and are
counted separately from r26..r31 here.

.dseg memory usage only counts static data declared with .byte

ATmega32 register use summary:
r0 :  13 r1 :   7 r2 :   0 r3 :   0 r4 :  10 r5 :   6 r6 :   0 r7 :   0 
r8 :   0 r9 :   0 r10:   0 r11:   0 r12:   0 r13:   0 r14:   0 r15:   0 
r16:   0 r17:   0 r18:   0 r19:   0 r20:   0 r21:   0 r22:   2 r23:   0 
r24:   7 r25:   6 r26:  29 r27:  10 r28:   3 r29:   1 r30: 152 r31:  50 
x  :   3 y  :  31 z  :  13 
Registers used: 16 out of 35 (45.7%)

ATmega32 instruction use summary:
.lds  :   0 .lds.l:   0 .sts  :   0 .sts.l:   0 adc   :   1 add   :   1 
adiw  :   8 and   :   0 andi  :   1 asr   :   0 bclr  :   0 bld   :   0 
brbc  :   0 brbs  :   0 brcc  :   1 brcs  :   0 break :   0 breq  :   4 
brge  :   0 brhc  :   0 brhs  :   0 brid  :   0 brie  :   0 brlo  :   0 
brlt  :   0 brmi  :   0 brne  :  15 brpl  :   0 brsh  :   0 brtc  :   0 
brts  :   0 brvc  :   0 brvs  :   0 bset  :   0 bst   :   0 call  :   1 
cbi   :   0 cbr   :   0 clc   :   0 clh   :   0 cli   :   1 cln   :   0 
clr   :   4 cls   :   0 clt   :   0 clv   :   0 clz   :   0 com   :   0 
cp    :   5 cpc   :  10 cpi   :   5 cpse  :   0 dec   :   2 des   :   0 
eor   :   0 fmul  :   0 fmuls :   0 fmulsu:   0 icall :   0 ijmp  :   0 
in    :   2 inc   :   0 jmp   :  22 ld    :  18 ldd   :   0 ldi   :  70 
lds   :  16 lpm   :   7 lsl   :   1 lsr   :   0 mov   :   1 movw  :  10 
mul   :   0 muls  :   0 mulsu :   0 neg   :   0 nop   :   0 or    :   2 
ori   :   0 out   :  44 pop   :   0 push  :   0 rcall :  24 ret   :   8 
reti  :   2 rjmp  :  13 rol   :   3 ror   :   0 sbc   :   1 sbci  :   4 
sbi   :   0 sbic  :   0 sbis  :   0 sbiw  :   6 sbr   :   1 sbrc  :   0 
sbrs  :   0 sec   :   0 seh   :   0 sei   :   1 sen   :   0 ser   :   0 
ses   :   0 set   :   0 sev   :   0 sez   :   0 sleep :   0 spm   :   0 
st    :  18 std   :   4 sts   :  14 sub   :   1 subi  :   4 swap  :   0 
tst   :   0 wdr   :   0 
Instructions used: 40 out of 116 (34.5%)

ATmega32 memory use summary [bytes]:
Segment   Begin    End      Code   Data   Used    Size   Use%
---------------------------------------------------------------
[.cseg] 0x000000 0x00035a    818     40    858   32768   2.6%
[.dseg] 0x000060 0x000276      0     22     22    2048   1.1%
[.eseg] 0x000000 0x000000      0      0      0    1024   0.0%

Assembly complete, 0 errors, 3 warnings
