
AVRASM ver. 2.1.30  E:\University\00012-MP-L\11\Debug\List\program.asm Tue Jul 12 17:19:45 2022

E:\University\00012-MP-L\11\Debug\List\program.asm(1088): warning: Register r5 already defined by the .DEF directive
E:\University\00012-MP-L\11\Debug\List\program.asm(1089): warning: Register r4 already defined by the .DEF directive
E:\University\00012-MP-L\11\Debug\List\program.asm(1090): warning: Register r7 already defined by the .DEF directive
E:\University\00012-MP-L\11\Debug\List\program.asm(1091): warning: Register r6 already defined by the .DEF directive
E:\University\00012-MP-L\11\Debug\List\program.asm(1092): warning: Register r9 already defined by the .DEF directive
E:\University\00012-MP-L\11\Debug\List\program.asm(1093): warning: Register r8 already defined by the .DEF directive
E:\University\00012-MP-L\11\Debug\List\program.asm(1094): warning: Register r11 already defined by the .DEF directive
E:\University\00012-MP-L\11\Debug\List\program.asm(1095): warning: Register r12 already defined by the .DEF directive
E:\University\00012-MP-L\11\Debug\List\program.asm(1096): warning: Register r13 already defined by the .DEF directive
E:\University\00012-MP-L\11\Debug\List\program.asm(1097): warning: Register r10 already defined by the .DEF directive
                 
                 
                 ;CodeVisionAVR C Compiler V3.12 Advanced
                 ;(C) Copyright 1998-2014 Pavel Haiduc, HP InfoTech s.r.l.
                 ;http://www.hpinfotech.com
                 
                 ;Build configuration    : Debug
                 ;Chip type              : ATmega32
                 ;Program type           : Application
                 ;Clock frequency        : 8.000000 MHz
                 ;Memory model           : Small
                 ;Optimize for           : Size
                 ;(s)printf features     : int, width
                 ;(s)scanf features      : int, width
                 ;External RAM size      : 0
                 ;Data Stack size        : 512 byte(s)
                 ;Heap size              : 0 byte(s)
                 ;Promote 'char' to 'int': Yes
                 ;'char' is unsigned     : Yes
                 ;8 bit enums            : Yes
                 ;Global 'const' stored in FLASH: Yes
                 ;Enhanced function parameter passing: Yes
                 ;Enhanced core instructions: On
                 ;Automatic register allocation for global variables: On
                 ;Smart register allocation: On
                 
                 	#define _MODEL_SMALL_
                 
                 	#pragma AVRPART ADMIN PART_NAME ATmega32
                 	#pragma AVRPART MEMORY PROG_FLASH 32768
                 	#pragma AVRPART MEMORY EEPROM 1024
                 	#pragma AVRPART MEMORY INT_SRAM SIZE 2048
                 	#pragma AVRPART MEMORY INT_SRAM START_ADDR 0x60
                 
                 	#define CALL_SUPPORTED 1
                 
                 	.LISTMAC
                 	.EQU UDRE=0x5
                 	.EQU RXC=0x7
                 	.EQU USR=0xB
                 	.EQU UDR=0xC
                 	.EQU SPSR=0xE
                 	.EQU SPDR=0xF
                 	.EQU EERE=0x0
                 	.EQU EEWE=0x1
                 	.EQU EEMWE=0x2
                 	.EQU EECR=0x1C
                 	.EQU EEDR=0x1D
                 	.EQU EEARL=0x1E
                 	.EQU EEARH=0x1F
                 	.EQU WDTCR=0x21
                 	.EQU MCUCR=0x35
                 	.EQU GICR=0x3B
                 	.EQU SPL=0x3D
                 	.EQU SPH=0x3E
                 	.EQU SREG=0x3F
                 
                 	.DEF R0X0=R0
                 	.DEF R0X1=R1
                 	.DEF R0X2=R2
                 	.DEF R0X3=R3
                 	.DEF R0X4=R4
                 	.DEF R0X5=R5
                 	.DEF R0X6=R6
                 	.DEF R0X7=R7
                 	.DEF R0X8=R8
                 	.DEF R0X9=R9
                 	.DEF R0XA=R10
                 	.DEF R0XB=R11
                 	.DEF R0XC=R12
                 	.DEF R0XD=R13
                 	.DEF R0XE=R14
                 	.DEF R0XF=R15
                 	.DEF R0X10=R16
                 	.DEF R0X11=R17
                 	.DEF R0X12=R18
                 	.DEF R0X13=R19
                 	.DEF R0X14=R20
                 	.DEF R0X15=R21
                 	.DEF R0X16=R22
                 	.DEF R0X17=R23
                 	.DEF R0X18=R24
                 	.DEF R0X19=R25
                 	.DEF R0X1A=R26
                 	.DEF R0X1B=R27
                 	.DEF R0X1C=R28
                 	.DEF R0X1D=R29
                 	.DEF R0X1E=R30
                 	.DEF R0X1F=R31
                 
                 	.EQU __SRAM_START=0x0060
                 	.EQU __SRAM_END=0x085F
                 	.EQU __DSTACK_SIZE=0x0200
                 	.EQU __HEAP_SIZE=0x0000
                 	.EQU __CLEAR_SRAM_SIZE=__SRAM_END-__SRAM_START+1
                 
                 	.MACRO __CPD1N
                 	CPI  R30,LOW(@0)
                 	LDI  R26,HIGH(@0)
                 	CPC  R31,R26
                 	LDI  R26,BYTE3(@0)
                 	CPC  R22,R26
                 	LDI  R26,BYTE4(@0)
                 	CPC  R23,R26
                 	.ENDM
                 
                 	.MACRO __CPD2N
                 	CPI  R26,LOW(@0)
                 	LDI  R30,HIGH(@0)
                 	CPC  R27,R30
                 	LDI  R30,BYTE3(@0)
                 	CPC  R24,R30
                 	LDI  R30,BYTE4(@0)
                 	CPC  R25,R30
                 	.ENDM
                 
                 	.MACRO __CPWRR
                 	CP   R@0,R@2
                 	CPC  R@1,R@3
                 	.ENDM
                 
                 	.MACRO __CPWRN
                 	CPI  R@0,LOW(@2)
                 	LDI  R30,HIGH(@2)
                 	CPC  R@1,R30
                 	.ENDM
                 
                 	.MACRO __ADDB1MN
                 	SUBI R30,LOW(-@0-(@1))
                 	.ENDM
                 
                 	.MACRO __ADDB2MN
                 	SUBI R26,LOW(-@0-(@1))
                 	.ENDM
                 
                 	.MACRO __ADDW1MN
                 	SUBI R30,LOW(-@0-(@1))
                 	SBCI R31,HIGH(-@0-(@1))
                 	.ENDM
                 
                 	.MACRO __ADDW2MN
                 	SUBI R26,LOW(-@0-(@1))
                 	SBCI R27,HIGH(-@0-(@1))
                 	.ENDM
                 
                 	.MACRO __ADDW1FN
                 	SUBI R30,LOW(-2*@0-(@1))
                 	SBCI R31,HIGH(-2*@0-(@1))
                 	.ENDM
                 
                 	.MACRO __ADDD1FN
                 	SUBI R30,LOW(-2*@0-(@1))
                 	SBCI R31,HIGH(-2*@0-(@1))
                 	SBCI R22,BYTE3(-2*@0-(@1))
                 	.ENDM
                 
                 	.MACRO __ADDD1N
                 	SUBI R30,LOW(-@0)
                 	SBCI R31,HIGH(-@0)
                 	SBCI R22,BYTE3(-@0)
                 	SBCI R23,BYTE4(-@0)
                 	.ENDM
                 
                 	.MACRO __ADDD2N
                 	SUBI R26,LOW(-@0)
                 	SBCI R27,HIGH(-@0)
                 	SBCI R24,BYTE3(-@0)
                 	SBCI R25,BYTE4(-@0)
                 	.ENDM
                 
                 	.MACRO __SUBD1N
                 	SUBI R30,LOW(@0)
                 	SBCI R31,HIGH(@0)
                 	SBCI R22,BYTE3(@0)
                 	SBCI R23,BYTE4(@0)
                 	.ENDM
                 
                 	.MACRO __SUBD2N
                 	SUBI R26,LOW(@0)
                 	SBCI R27,HIGH(@0)
                 	SBCI R24,BYTE3(@0)
                 	SBCI R25,BYTE4(@0)
                 	.ENDM
                 
                 	.MACRO __ANDBMNN
                 	LDS  R30,@0+(@1)
                 	ANDI R30,LOW(@2)
                 	STS  @0+(@1),R30
                 	.ENDM
                 
                 	.MACRO __ANDWMNN
                 	LDS  R30,@0+(@1)
                 	ANDI R30,LOW(@2)
                 	STS  @0+(@1),R30
                 	LDS  R30,@0+(@1)+1
                 	ANDI R30,HIGH(@2)
                 	STS  @0+(@1)+1,R30
                 	.ENDM
                 
                 	.MACRO __ANDD1N
                 	ANDI R30,LOW(@0)
                 	ANDI R31,HIGH(@0)
                 	ANDI R22,BYTE3(@0)
                 	ANDI R23,BYTE4(@0)
                 	.ENDM
                 
                 	.MACRO __ANDD2N
                 	ANDI R26,LOW(@0)
                 	ANDI R27,HIGH(@0)
                 	ANDI R24,BYTE3(@0)
                 	ANDI R25,BYTE4(@0)
                 	.ENDM
                 
                 	.MACRO __ORBMNN
                 	LDS  R30,@0+(@1)
                 	ORI  R30,LOW(@2)
                 	STS  @0+(@1),R30
                 	.ENDM
                 
                 	.MACRO __ORWMNN
                 	LDS  R30,@0+(@1)
                 	ORI  R30,LOW(@2)
                 	STS  @0+(@1),R30
                 	LDS  R30,@0+(@1)+1
                 	ORI  R30,HIGH(@2)
                 	STS  @0+(@1)+1,R30
                 	.ENDM
                 
                 	.MACRO __ORD1N
                 	ORI  R30,LOW(@0)
                 	ORI  R31,HIGH(@0)
                 	ORI  R22,BYTE3(@0)
                 	ORI  R23,BYTE4(@0)
                 	.ENDM
                 
                 	.MACRO __ORD2N
                 	ORI  R26,LOW(@0)
                 	ORI  R27,HIGH(@0)
                 	ORI  R24,BYTE3(@0)
                 	ORI  R25,BYTE4(@0)
                 	.ENDM
                 
                 	.MACRO __DELAY_USB
                 	LDI  R24,LOW(@0)
                 __DELAY_USB_LOOP:
                 	DEC  R24
                 	BRNE __DELAY_USB_LOOP
                 	.ENDM
                 
                 	.MACRO __DELAY_USW
                 	LDI  R24,LOW(@0)
                 	LDI  R25,HIGH(@0)
                 __DELAY_USW_LOOP:
                 	SBIW R24,1
                 	BRNE __DELAY_USW_LOOP
                 	.ENDM
                 
                 	.MACRO __GETD1S
                 	LDD  R30,Y+@0
                 	LDD  R31,Y+@0+1
                 	LDD  R22,Y+@0+2
                 	LDD  R23,Y+@0+3
                 	.ENDM
                 
                 	.MACRO __GETD2S
                 	LDD  R26,Y+@0
                 	LDD  R27,Y+@0+1
                 	LDD  R24,Y+@0+2
                 	LDD  R25,Y+@0+3
                 	.ENDM
                 
                 	.MACRO __PUTD1S
                 	STD  Y+@0,R30
                 	STD  Y+@0+1,R31
                 	STD  Y+@0+2,R22
                 	STD  Y+@0+3,R23
                 	.ENDM
                 
                 	.MACRO __PUTD2S
                 	STD  Y+@0,R26
                 	STD  Y+@0+1,R27
                 	STD  Y+@0+2,R24
                 	STD  Y+@0+3,R25
                 	.ENDM
                 
                 	.MACRO __PUTDZ2
                 	STD  Z+@0,R26
                 	STD  Z+@0+1,R27
                 	STD  Z+@0+2,R24
                 	STD  Z+@0+3,R25
                 	.ENDM
                 
                 	.MACRO __CLRD1S
                 	STD  Y+@0,R30
                 	STD  Y+@0+1,R30
                 	STD  Y+@0+2,R30
                 	STD  Y+@0+3,R30
                 	.ENDM
                 
                 	.MACRO __POINTB1MN
                 	LDI  R30,LOW(@0+(@1))
                 	.ENDM
                 
                 	.MACRO __POINTW1MN
                 	LDI  R30,LOW(@0+(@1))
                 	LDI  R31,HIGH(@0+(@1))
                 	.ENDM
                 
                 	.MACRO __POINTD1M
                 	LDI  R30,LOW(@0)
                 	LDI  R31,HIGH(@0)
                 	LDI  R22,BYTE3(@0)
                 	LDI  R23,BYTE4(@0)
                 	.ENDM
                 
                 	.MACRO __POINTW1FN
                 	LDI  R30,LOW(2*@0+(@1))
                 	LDI  R31,HIGH(2*@0+(@1))
                 	.ENDM
                 
                 	.MACRO __POINTD1FN
                 	LDI  R30,LOW(2*@0+(@1))
                 	LDI  R31,HIGH(2*@0+(@1))
                 	LDI  R22,BYTE3(2*@0+(@1))
                 	LDI  R23,BYTE4(2*@0+(@1))
                 	.ENDM
                 
                 	.MACRO __POINTB2MN
                 	LDI  R26,LOW(@0+(@1))
                 	.ENDM
                 
                 	.MACRO __POINTW2MN
                 	LDI  R26,LOW(@0+(@1))
                 	LDI  R27,HIGH(@0+(@1))
                 	.ENDM
                 
                 	.MACRO __POINTW2FN
                 	LDI  R26,LOW(2*@0+(@1))
                 	LDI  R27,HIGH(2*@0+(@1))
                 	.ENDM
                 
                 	.MACRO __POINTD2FN
                 	LDI  R26,LOW(2*@0+(@1))
                 	LDI  R27,HIGH(2*@0+(@1))
                 	LDI  R24,BYTE3(2*@0+(@1))
                 	LDI  R25,BYTE4(2*@0+(@1))
                 	.ENDM
                 
                 	.MACRO __POINTBRM
                 	LDI  R@0,LOW(@1)
                 	.ENDM
                 
                 	.MACRO __POINTWRM
                 	LDI  R@0,LOW(@2)
                 	LDI  R@1,HIGH(@2)
                 	.ENDM
                 
                 	.MACRO __POINTBRMN
                 	LDI  R@0,LOW(@1+(@2))
                 	.ENDM
                 
                 	.MACRO __POINTWRMN
                 	LDI  R@0,LOW(@2+(@3))
                 	LDI  R@1,HIGH(@2+(@3))
                 	.ENDM
                 
                 	.MACRO __POINTWRFN
                 	LDI  R@0,LOW(@2*2+(@3))
                 	LDI  R@1,HIGH(@2*2+(@3))
                 	.ENDM
                 
                 	.MACRO __GETD1N
                 	LDI  R30,LOW(@0)
                 	LDI  R31,HIGH(@0)
                 	LDI  R22,BYTE3(@0)
                 	LDI  R23,BYTE4(@0)
                 	.ENDM
                 
                 	.MACRO __GETD2N
                 	LDI  R26,LOW(@0)
                 	LDI  R27,HIGH(@0)
                 	LDI  R24,BYTE3(@0)
                 	LDI  R25,BYTE4(@0)
                 	.ENDM
                 
                 	.MACRO __GETB1MN
                 	LDS  R30,@0+(@1)
                 	.ENDM
                 
                 	.MACRO __GETB1HMN
                 	LDS  R31,@0+(@1)
                 	.ENDM
                 
                 	.MACRO __GETW1MN
                 	LDS  R30,@0+(@1)
                 	LDS  R31,@0+(@1)+1
                 	.ENDM
                 
                 	.MACRO __GETD1MN
                 	LDS  R30,@0+(@1)
                 	LDS  R31,@0+(@1)+1
                 	LDS  R22,@0+(@1)+2
                 	LDS  R23,@0+(@1)+3
                 	.ENDM
                 
                 	.MACRO __GETBRMN
                 	LDS  R@0,@1+(@2)
                 	.ENDM
                 
                 	.MACRO __GETWRMN
                 	LDS  R@0,@2+(@3)
                 	LDS  R@1,@2+(@3)+1
                 	.ENDM
                 
                 	.MACRO __GETWRZ
                 	LDD  R@0,Z+@2
                 	LDD  R@1,Z+@2+1
                 	.ENDM
                 
                 	.MACRO __GETD2Z
                 	LDD  R26,Z+@0
                 	LDD  R27,Z+@0+1
                 	LDD  R24,Z+@0+2
                 	LDD  R25,Z+@0+3
                 	.ENDM
                 
                 	.MACRO __GETB2MN
                 	LDS  R26,@0+(@1)
                 	.ENDM
                 
                 	.MACRO __GETW2MN
                 	LDS  R26,@0+(@1)
                 	LDS  R27,@0+(@1)+1
                 	.ENDM
                 
                 	.MACRO __GETD2MN
                 	LDS  R26,@0+(@1)
                 	LDS  R27,@0+(@1)+1
                 	LDS  R24,@0+(@1)+2
                 	LDS  R25,@0+(@1)+3
                 	.ENDM
                 
                 	.MACRO __PUTB1MN
                 	STS  @0+(@1),R30
                 	.ENDM
                 
                 	.MACRO __PUTW1MN
                 	STS  @0+(@1),R30
                 	STS  @0+(@1)+1,R31
                 	.ENDM
                 
                 	.MACRO __PUTD1MN
                 	STS  @0+(@1),R30
                 	STS  @0+(@1)+1,R31
                 	STS  @0+(@1)+2,R22
                 	STS  @0+(@1)+3,R23
                 	.ENDM
                 
                 	.MACRO __PUTB1EN
                 	LDI  R26,LOW(@0+(@1))
                 	LDI  R27,HIGH(@0+(@1))
                 	CALL __EEPROMWRB
                 	.ENDM
                 
                 	.MACRO __PUTW1EN
                 	LDI  R26,LOW(@0+(@1))
                 	LDI  R27,HIGH(@0+(@1))
                 	CALL __EEPROMWRW
                 	.ENDM
                 
                 	.MACRO __PUTD1EN
                 	LDI  R26,LOW(@0+(@1))
                 	LDI  R27,HIGH(@0+(@1))
                 	CALL __EEPROMWRD
                 	.ENDM
                 
                 	.MACRO __PUTBR0MN
                 	STS  @0+(@1),R0
                 	.ENDM
                 
                 	.MACRO __PUTBMRN
                 	STS  @0+(@1),R@2
                 	.ENDM
                 
                 	.MACRO __PUTWMRN
                 	STS  @0+(@1),R@2
                 	STS  @0+(@1)+1,R@3
                 	.ENDM
                 
                 	.MACRO __PUTBZR
                 	STD  Z+@1,R@0
                 	.ENDM
                 
                 	.MACRO __PUTWZR
                 	STD  Z+@2,R@0
                 	STD  Z+@2+1,R@1
                 	.ENDM
                 
                 	.MACRO __GETW1R
                 	MOV  R30,R@0
                 	MOV  R31,R@1
                 	.ENDM
                 
                 	.MACRO __GETW2R
                 	MOV  R26,R@0
                 	MOV  R27,R@1
                 	.ENDM
                 
                 	.MACRO __GETWRN
                 	LDI  R@0,LOW(@2)
                 	LDI  R@1,HIGH(@2)
                 	.ENDM
                 
                 	.MACRO __PUTW1R
                 	MOV  R@0,R30
                 	MOV  R@1,R31
                 	.ENDM
                 
                 	.MACRO __PUTW2R
                 	MOV  R@0,R26
                 	MOV  R@1,R27
                 	.ENDM
                 
                 	.MACRO __ADDWRN
                 	SUBI R@0,LOW(-@2)
                 	SBCI R@1,HIGH(-@2)
                 	.ENDM
                 
                 	.MACRO __ADDWRR
                 	ADD  R@0,R@2
                 	ADC  R@1,R@3
                 	.ENDM
                 
                 	.MACRO __SUBWRN
                 	SUBI R@0,LOW(@2)
                 	SBCI R@1,HIGH(@2)
                 	.ENDM
                 
                 	.MACRO __SUBWRR
                 	SUB  R@0,R@2
                 	SBC  R@1,R@3
                 	.ENDM
                 
                 	.MACRO __ANDWRN
                 	ANDI R@0,LOW(@2)
                 	ANDI R@1,HIGH(@2)
                 	.ENDM
                 
                 	.MACRO __ANDWRR
                 	AND  R@0,R@2
                 	AND  R@1,R@3
                 	.ENDM
                 
                 	.MACRO __ORWRN
                 	ORI  R@0,LOW(@2)
                 	ORI  R@1,HIGH(@2)
                 	.ENDM
                 
                 	.MACRO __ORWRR
                 	OR   R@0,R@2
                 	OR   R@1,R@3
                 	.ENDM
                 
                 	.MACRO __EORWRR
                 	EOR  R@0,R@2
                 	EOR  R@1,R@3
                 	.ENDM
                 
                 	.MACRO __GETWRS
                 	LDD  R@0,Y+@2
                 	LDD  R@1,Y+@2+1
                 	.ENDM
                 
                 	.MACRO __PUTBSR
                 	STD  Y+@1,R@0
                 	.ENDM
                 
                 	.MACRO __PUTWSR
                 	STD  Y+@2,R@0
                 	STD  Y+@2+1,R@1
                 	.ENDM
                 
                 	.MACRO __MOVEWRR
                 	MOV  R@0,R@2
                 	MOV  R@1,R@3
                 	.ENDM
                 
                 	.MACRO __INWR
                 	IN   R@0,@2
                 	IN   R@1,@2+1
                 	.ENDM
                 
                 	.MACRO __OUTWR
                 	OUT  @2+1,R@1
                 	OUT  @2,R@0
                 	.ENDM
                 
                 	.MACRO __CALL1MN
                 	LDS  R30,@0+(@1)
                 	LDS  R31,@0+(@1)+1
                 	ICALL
                 	.ENDM
                 
                 	.MACRO __CALL1FN
                 	LDI  R30,LOW(2*@0+(@1))
                 	LDI  R31,HIGH(2*@0+(@1))
                 	CALL __GETW1PF
                 	ICALL
                 	.ENDM
                 
                 	.MACRO __CALL2EN
                 	PUSH R26
                 	PUSH R27
                 	LDI  R26,LOW(@0+(@1))
                 	LDI  R27,HIGH(@0+(@1))
                 	CALL __EEPROMRDW
                 	POP  R27
                 	POP  R26
                 	ICALL
                 	.ENDM
                 
                 	.MACRO __CALL2EX
                 	SUBI R26,LOW(-@0)
                 	SBCI R27,HIGH(-@0)
                 	CALL __EEPROMRDD
                 	ICALL
                 	.ENDM
                 
                 	.MACRO __GETW1STACK
                 	IN   R30,SPL
                 	IN   R31,SPH
                 	ADIW R30,@0+1
                 	LD   R0,Z+
                 	LD   R31,Z
                 	MOV  R30,R0
                 	.ENDM
                 
                 	.MACRO __GETD1STACK
                 	IN   R30,SPL
                 	IN   R31,SPH
                 	ADIW R30,@0+1
                 	LD   R0,Z+
                 	LD   R1,Z+
                 	LD   R22,Z
                 	MOVW R30,R0
                 	.ENDM
                 
                 	.MACRO __NBST
                 	BST  R@0,@1
                 	IN   R30,SREG
                 	LDI  R31,0x40
                 	EOR  R30,R31
                 	OUT  SREG,R30
                 	.ENDM
                 
                 
                 	.MACRO __PUTB1SN
                 	LDD  R26,Y+@0
                 	LDD  R27,Y+@0+1
                 	SUBI R26,LOW(-@1)
                 	SBCI R27,HIGH(-@1)
                 	ST   X,R30
                 	.ENDM
                 
                 	.MACRO __PUTW1SN
                 	LDD  R26,Y+@0
                 	LDD  R27,Y+@0+1
                 	SUBI R26,LOW(-@1)
                 	SBCI R27,HIGH(-@1)
                 	ST   X+,R30
                 	ST   X,R31
                 	.ENDM
                 
                 	.MACRO __PUTD1SN
                 	LDD  R26,Y+@0
                 	LDD  R27,Y+@0+1
                 	SUBI R26,LOW(-@1)
                 	SBCI R27,HIGH(-@1)
                 	CALL __PUTDP1
                 	.ENDM
                 
                 	.MACRO __PUTB1SNS
                 	LDD  R26,Y+@0
                 	LDD  R27,Y+@0+1
                 	ADIW R26,@1
                 	ST   X,R30
                 	.ENDM
                 
                 	.MACRO __PUTW1SNS
                 	LDD  R26,Y+@0
                 	LDD  R27,Y+@0+1
                 	ADIW R26,@1
                 	ST   X+,R30
                 	ST   X,R31
                 	.ENDM
                 
                 	.MACRO __PUTD1SNS
                 	LDD  R26,Y+@0
                 	LDD  R27,Y+@0+1
                 	ADIW R26,@1
                 	CALL __PUTDP1
                 	.ENDM
                 
                 	.MACRO __PUTB1PMN
                 	LDS  R26,@0
                 	LDS  R27,@0+1
                 	SUBI R26,LOW(-@1)
                 	SBCI R27,HIGH(-@1)
                 	ST   X,R30
                 	.ENDM
                 
                 	.MACRO __PUTW1PMN
                 	LDS  R26,@0
                 	LDS  R27,@0+1
                 	SUBI R26,LOW(-@1)
                 	SBCI R27,HIGH(-@1)
                 	ST   X+,R30
                 	ST   X,R31
                 	.ENDM
                 
                 	.MACRO __PUTD1PMN
                 	LDS  R26,@0
                 	LDS  R27,@0+1
                 	SUBI R26,LOW(-@1)
                 	SBCI R27,HIGH(-@1)
                 	CALL __PUTDP1
                 	.ENDM
                 
                 	.MACRO __PUTB1PMNS
                 	LDS  R26,@0
                 	LDS  R27,@0+1
                 	ADIW R26,@1
                 	ST   X,R30
                 	.ENDM
                 
                 	.MACRO __PUTW1PMNS
                 	LDS  R26,@0
                 	LDS  R27,@0+1
                 	ADIW R26,@1
                 	ST   X+,R30
                 	ST   X,R31
                 	.ENDM
                 
                 	.MACRO __PUTD1PMNS
                 	LDS  R26,@0
                 	LDS  R27,@0+1
                 	ADIW R26,@1
                 	CALL __PUTDP1
                 	.ENDM
                 
                 	.MACRO __PUTB1RN
                 	MOVW R26,R@0
                 	SUBI R26,LOW(-@1)
                 	SBCI R27,HIGH(-@1)
                 	ST   X,R30
                 	.ENDM
                 
                 	.MACRO __PUTW1RN
                 	MOVW R26,R@0
                 	SUBI R26,LOW(-@1)
                 	SBCI R27,HIGH(-@1)
                 	ST   X+,R30
                 	ST   X,R31
                 	.ENDM
                 
                 	.MACRO __PUTD1RN
                 	MOVW R26,R@0
                 	SUBI R26,LOW(-@1)
                 	SBCI R27,HIGH(-@1)
                 	CALL __PUTDP1
                 	.ENDM
                 
                 	.MACRO __PUTB1RNS
                 	MOVW R26,R@0
                 	ADIW R26,@1
                 	ST   X,R30
                 	.ENDM
                 
                 	.MACRO __PUTW1RNS
                 	MOVW R26,R@0
                 	ADIW R26,@1
                 	ST   X+,R30
                 	ST   X,R31
                 	.ENDM
                 
                 	.MACRO __PUTD1RNS
                 	MOVW R26,R@0
                 	ADIW R26,@1
                 	CALL __PUTDP1
                 	.ENDM
                 
                 	.MACRO __PUTB1RON
                 	MOV  R26,R@0
                 	MOV  R27,R@1
                 	SUBI R26,LOW(-@2)
                 	SBCI R27,HIGH(-@2)
                 	ST   X,R30
                 	.ENDM
                 
                 	.MACRO __PUTW1RON
                 	MOV  R26,R@0
                 	MOV  R27,R@1
                 	SUBI R26,LOW(-@2)
                 	SBCI R27,HIGH(-@2)
                 	ST   X+,R30
                 	ST   X,R31
                 	.ENDM
                 
                 	.MACRO __PUTD1RON
                 	MOV  R26,R@0
                 	MOV  R27,R@1
                 	SUBI R26,LOW(-@2)
                 	SBCI R27,HIGH(-@2)
                 	CALL __PUTDP1
                 	.ENDM
                 
                 	.MACRO __PUTB1RONS
                 	MOV  R26,R@0
                 	MOV  R27,R@1
                 	ADIW R26,@2
                 	ST   X,R30
                 	.ENDM
                 
                 	.MACRO __PUTW1RONS
                 	MOV  R26,R@0
                 	MOV  R27,R@1
                 	ADIW R26,@2
                 	ST   X+,R30
                 	ST   X,R31
                 	.ENDM
                 
                 	.MACRO __PUTD1RONS
                 	MOV  R26,R@0
                 	MOV  R27,R@1
                 	ADIW R26,@2
                 	CALL __PUTDP1
                 	.ENDM
                 
                 
                 	.MACRO __GETB1SX
                 	MOVW R30,R28
                 	SUBI R30,LOW(-@0)
                 	SBCI R31,HIGH(-@0)
                 	LD   R30,Z
                 	.ENDM
                 
                 	.MACRO __GETB1HSX
                 	MOVW R30,R28
                 	SUBI R30,LOW(-@0)
                 	SBCI R31,HIGH(-@0)
                 	LD   R31,Z
                 	.ENDM
                 
                 	.MACRO __GETW1SX
                 	MOVW R30,R28
                 	SUBI R30,LOW(-@0)
                 	SBCI R31,HIGH(-@0)
                 	LD   R0,Z+
                 	LD   R31,Z
                 	MOV  R30,R0
                 	.ENDM
                 
                 	.MACRO __GETD1SX
                 	MOVW R30,R28
                 	SUBI R30,LOW(-@0)
                 	SBCI R31,HIGH(-@0)
                 	LD   R0,Z+
                 	LD   R1,Z+
                 	LD   R22,Z+
                 	LD   R23,Z
                 	MOVW R30,R0
                 	.ENDM
                 
                 	.MACRO __GETB2SX
                 	MOVW R26,R28
                 	SUBI R26,LOW(-@0)
                 	SBCI R27,HIGH(-@0)
                 	LD   R26,X
                 	.ENDM
                 
                 	.MACRO __GETW2SX
                 	MOVW R26,R28
                 	SUBI R26,LOW(-@0)
                 	SBCI R27,HIGH(-@0)
                 	LD   R0,X+
                 	LD   R27,X
                 	MOV  R26,R0
                 	.ENDM
                 
                 	.MACRO __GETD2SX
                 	MOVW R26,R28
                 	SUBI R26,LOW(-@0)
                 	SBCI R27,HIGH(-@0)
                 	LD   R0,X+
                 	LD   R1,X+
                 	LD   R24,X+
                 	LD   R25,X
                 	MOVW R26,R0
                 	.ENDM
                 
                 	.MACRO __GETBRSX
                 	MOVW R30,R28
                 	SUBI R30,LOW(-@1)
                 	SBCI R31,HIGH(-@1)
                 	LD   R@0,Z
                 	.ENDM
                 
                 	.MACRO __GETWRSX
                 	MOVW R30,R28
                 	SUBI R30,LOW(-@2)
                 	SBCI R31,HIGH(-@2)
                 	LD   R@0,Z+
                 	LD   R@1,Z
                 	.ENDM
                 
                 	.MACRO __GETBRSX2
                 	MOVW R26,R28
                 	SUBI R26,LOW(-@1)
                 	SBCI R27,HIGH(-@1)
                 	LD   R@0,X
                 	.ENDM
                 
                 	.MACRO __GETWRSX2
                 	MOVW R26,R28
                 	SUBI R26,LOW(-@2)
                 	SBCI R27,HIGH(-@2)
                 	LD   R@0,X+
                 	LD   R@1,X
                 	.ENDM
                 
                 	.MACRO __LSLW8SX
                 	MOVW R30,R28
                 	SUBI R30,LOW(-@0)
                 	SBCI R31,HIGH(-@0)
                 	LD   R31,Z
                 	CLR  R30
                 	.ENDM
                 
                 	.MACRO __PUTB1SX
                 	MOVW R26,R28
                 	SUBI R26,LOW(-@0)
                 	SBCI R27,HIGH(-@0)
                 	ST   X,R30
                 	.ENDM
                 
                 	.MACRO __PUTW1SX
                 	MOVW R26,R28
                 	SUBI R26,LOW(-@0)
                 	SBCI R27,HIGH(-@0)
                 	ST   X+,R30
                 	ST   X,R31
                 	.ENDM
                 
                 	.MACRO __PUTD1SX
                 	MOVW R26,R28
                 	SUBI R26,LOW(-@0)
                 	SBCI R27,HIGH(-@0)
                 	ST   X+,R30
                 	ST   X+,R31
                 	ST   X+,R22
                 	ST   X,R23
                 	.ENDM
                 
                 	.MACRO __CLRW1SX
                 	MOVW R26,R28
                 	SUBI R26,LOW(-@0)
                 	SBCI R27,HIGH(-@0)
                 	ST   X+,R30
                 	ST   X,R30
                 	.ENDM
                 
                 	.MACRO __CLRD1SX
                 	MOVW R26,R28
                 	SUBI R26,LOW(-@0)
                 	SBCI R27,HIGH(-@0)
                 	ST   X+,R30
                 	ST   X+,R30
                 	ST   X+,R30
                 	ST   X,R30
                 	.ENDM
                 
                 	.MACRO __PUTB2SX
                 	MOVW R30,R28
                 	SUBI R30,LOW(-@0)
                 	SBCI R31,HIGH(-@0)
                 	ST   Z,R26
                 	.ENDM
                 
                 	.MACRO __PUTW2SX
                 	MOVW R30,R28
                 	SUBI R30,LOW(-@0)
                 	SBCI R31,HIGH(-@0)
                 	ST   Z+,R26
                 	ST   Z,R27
                 	.ENDM
                 
                 	.MACRO __PUTD2SX
                 	MOVW R30,R28
                 	SUBI R30,LOW(-@0)
                 	SBCI R31,HIGH(-@0)
                 	ST   Z+,R26
                 	ST   Z+,R27
                 	ST   Z+,R24
                 	ST   Z,R25
                 	.ENDM
                 
                 	.MACRO __PUTBSRX
                 	MOVW R30,R28
                 	SUBI R30,LOW(-@1)
                 	SBCI R31,HIGH(-@1)
                 	ST   Z,R@0
                 	.ENDM
                 
                 	.MACRO __PUTWSRX
                 	MOVW R30,R28
                 	SUBI R30,LOW(-@2)
                 	SBCI R31,HIGH(-@2)
                 	ST   Z+,R@0
                 	ST   Z,R@1
                 	.ENDM
                 
                 	.MACRO __PUTB1SNX
                 	MOVW R26,R28
                 	SUBI R26,LOW(-@0)
                 	SBCI R27,HIGH(-@0)
                 	LD   R0,X+
                 	LD   R27,X
                 	MOV  R26,R0
                 	SUBI R26,LOW(-@1)
                 	SBCI R27,HIGH(-@1)
                 	ST   X,R30
                 	.ENDM
                 
                 	.MACRO __PUTW1SNX
                 	MOVW R26,R28
                 	SUBI R26,LOW(-@0)
                 	SBCI R27,HIGH(-@0)
                 	LD   R0,X+
                 	LD   R27,X
                 	MOV  R26,R0
                 	SUBI R26,LOW(-@1)
                 	SBCI R27,HIGH(-@1)
                 	ST   X+,R30
                 	ST   X,R31
                 	.ENDM
                 
                 	.MACRO __PUTD1SNX
                 	MOVW R26,R28
                 	SUBI R26,LOW(-@0)
                 	SBCI R27,HIGH(-@0)
                 	LD   R0,X+
                 	LD   R27,X
                 	MOV  R26,R0
                 	SUBI R26,LOW(-@1)
                 	SBCI R27,HIGH(-@1)
                 	ST   X+,R30
                 	ST   X+,R31
                 	ST   X+,R22
                 	ST   X,R23
                 	.ENDM
                 
                 	.MACRO __MULBRR
                 	MULS R@0,R@1
                 	MOVW R30,R0
                 	.ENDM
                 
                 	.MACRO __MULBRRU
                 	MUL  R@0,R@1
                 	MOVW R30,R0
                 	.ENDM
                 
                 	.MACRO __MULBRR0
                 	MULS R@0,R@1
                 	.ENDM
                 
                 	.MACRO __MULBRRU0
                 	MUL  R@0,R@1
                 	.ENDM
                 
                 	.MACRO __MULBNWRU
                 	LDI  R26,@2
                 	MUL  R26,R@0
                 	MOVW R30,R0
                 	MUL  R26,R@1
                 	ADD  R31,R0
                 	.ENDM
                 
                 ;NAME DEFINITIONS FOR GLOBAL VARIABLES ALLOCATED TO REGISTERS
                 	.DEF _hour=R5
                 	.DEF _minute=R4
                 	.DEF _second=R7
                 	.DEF _week_day=R6
                 	.DEF _day=R9
                 	.DEF _month=R8
                 	.DEF _year=R11
                 	.DEF _str=R12
                 	.DEF _str_msb=R13
                 	.DEF __lcd_x=R10
                 
                 	.CSEG
                 	.ORG 0x00
                 
                 ;START OF CODE MARKER
                 __START_OF_CODE:
                 
                 ;INTERRUPT VECTORS
000000 940c 0048 	JMP  __RESET
000002 940c 0000 	JMP  0x00
000004 940c 0000 	JMP  0x00
000006 940c 0000 	JMP  0x00
000008 940c 0000 	JMP  0x00
00000a 940c 0000 	JMP  0x00
00000c 940c 0000 	JMP  0x00
00000e 940c 0000 	JMP  0x00
000010 940c 0000 	JMP  0x00
000012 940c 0000 	JMP  0x00
000014 940c 0000 	JMP  0x00
000016 940c 0000 	JMP  0x00
000018 940c 0000 	JMP  0x00
00001a 940c 0000 	JMP  0x00
00001c 940c 0000 	JMP  0x00
00001e 940c 0000 	JMP  0x00
000020 940c 0000 	JMP  0x00
000022 940c 0000 	JMP  0x00
000024 940c 0000 	JMP  0x00
000026 940c 0000 	JMP  0x00
000028 940c 0000 	JMP  0x00
                 
                 _0x0:
00002a 4954
00002b 454d
00002c 2d20
00002d 203e      	.DB  0x54,0x49,0x4D,0x45,0x20,0x2D,0x3E,0x20
00002e 3a00
00002f 4400
000030 5441
000031 2045      	.DB  0x0,0x3A,0x0,0x44,0x41,0x54,0x45,0x20
000032 3e2d
000033 0020
000034 002d
000035 3032      	.DB  0x2D,0x3E,0x20,0x0,0x2D,0x0,0x32,0x30
E:\University\00012-MP-L\11\Debug\List\program.asm(1132): warning: .cseg .db misalignment - padding zero byte
000036 0000      	.DB  0x0
                 _0x2020003:
000037 c080      	.DB  0x80,0xC0
                 _0x2040060:
E:\University\00012-MP-L\11\Debug\List\program.asm(1136): warning: .cseg .db misalignment - padding zero byte
000038 0001      	.DB  0x1
                 _0x2040000:
000039 4e2d
00003a 4e41
00003b 4900
00003c 464e      	.DB  0x2D,0x4E,0x41,0x4E,0x0,0x49,0x4E,0x46
E:\University\00012-MP-L\11\Debug\List\program.asm(1139): warning: .cseg .db misalignment - padding zero byte
00003d 0000      	.DB  0x0
                 
                 __GLOBAL_INI_TBL:
00003e 0002      	.DW  0x02
00003f 0260      	.DW  _0x6
000040 0068      	.DW  _0x0*2+20
                 
000041 0002      	.DW  0x02
000042 0262      	.DW  __base_y_G101
000043 006e      	.DW  _0x2020003*2
                 
000044 0001      	.DW  0x01
000045 0268      	.DW  __seed_G102
000046 0070      	.DW  _0x2040060*2
                 
                 _0xFFFFFFFF:
000047 0000      	.DW  0
                 
                 #define __GLOBAL_INI_TBL_PRESENT 1
                 
                 __RESET:
000048 94f8      	CLI
000049 27ee      	CLR  R30
00004a bbec      	OUT  EECR,R30
                 
                 ;INTERRUPT VECTORS ARE PLACED
                 ;AT THE START OF FLASH
00004b e0f1      	LDI  R31,1
00004c bffb      	OUT  GICR,R31
00004d bfeb      	OUT  GICR,R30
00004e bfe5      	OUT  MCUCR,R30
                 
                 ;CLEAR R2-R14
00004f e08d      	LDI  R24,(14-2)+1
000050 e0a2      	LDI  R26,2
000051 27bb      	CLR  R27
                 __CLEAR_REG:
000052 93ed      	ST   X+,R30
000053 958a      	DEC  R24
000054 f7e9      	BRNE __CLEAR_REG
                 
                 ;CLEAR SRAM
000055 e080      	LDI  R24,LOW(__CLEAR_SRAM_SIZE)
000056 e098      	LDI  R25,HIGH(__CLEAR_SRAM_SIZE)
000057 e6a0      	LDI  R26,__SRAM_START
                 __CLEAR_SRAM:
000058 93ed      	ST   X+,R30
000059 9701      	SBIW R24,1
00005a f7e9      	BRNE __CLEAR_SRAM
                 
                 ;GLOBAL VARIABLES INITIALIZATION
00005b e7ec      	LDI  R30,LOW(__GLOBAL_INI_TBL*2)
00005c e0f0      	LDI  R31,HIGH(__GLOBAL_INI_TBL*2)
                 __GLOBAL_INI_NEXT:
00005d 9185      	LPM  R24,Z+
00005e 9195      	LPM  R25,Z+
00005f 9700      	SBIW R24,0
000060 f061      	BREQ __GLOBAL_INI_END
000061 91a5      	LPM  R26,Z+
000062 91b5      	LPM  R27,Z+
000063 9005      	LPM  R0,Z+
000064 9015      	LPM  R1,Z+
000065 01bf      	MOVW R22,R30
000066 01f0      	MOVW R30,R0
                 __GLOBAL_INI_LOOP:
000067 9005      	LPM  R0,Z+
000068 920d      	ST   X+,R0
000069 9701      	SBIW R24,1
00006a f7e1      	BRNE __GLOBAL_INI_LOOP
00006b 01fb      	MOVW R30,R22
00006c cff0      	RJMP __GLOBAL_INI_NEXT
                 __GLOBAL_INI_END:
                 
                 ;HARDWARE STACK POINTER INITIALIZATION
00006d e5ef      	LDI  R30,LOW(__SRAM_END-__HEAP_SIZE)
00006e bfed      	OUT  SPL,R30
00006f e0e8      	LDI  R30,HIGH(__SRAM_END-__HEAP_SIZE)
000070 bfee      	OUT  SPH,R30
                 
                 ;DATA STACK POINTER INITIALIZATION
000071 e6c0      	LDI  R28,LOW(__SRAM_START+__DSTACK_SIZE)
000072 e0d2      	LDI  R29,HIGH(__SRAM_START+__DSTACK_SIZE)
                 
000073 940c 0075 	JMP  _main
                 
                 	.ESEG
                 	.ORG 0
                 
                 	.DSEG
                 	.ORG 0x260
                 
                 	.CSEG
                 ;/*******************************************************
                 ;This program was created by the
                 ;CodeWizardAVR V3.12 Advanced
                 ;Automatic Program Generator
                 ;© Copyright 1998-2014 Pavel Haiduc, HP InfoTech s.r.l.
                 ;http://www.hpinfotech.com
                 ;
                 ;Project :
                 ;Version :
                 ;Date    : 5/23/2022
                 ;Author  :
                 ;Company :
                 ;Comments:
                 ;
                 ;
                 ;Chip type               : ATmega32
                 ;Program type            : Application
                 ;AVR Core Clock frequency: 8.000000 MHz
                 ;Memory model            : Small
                 ;External RAM size       : 0
                 ;Data Stack size         : 512
                 ;*******************************************************/
                 ;
                 ;#include <mega32.h>
                 	#ifndef __SLEEP_DEFINED__
                 	#define __SLEEP_DEFINED__
                 	.EQU __se_bit=0x80
                 	.EQU __sm_mask=0x70
                 	.EQU __sm_powerdown=0x20
                 	.EQU __sm_powersave=0x30
                 	.EQU __sm_standby=0x60
                 	.EQU __sm_ext_standby=0x70
                 	.EQU __sm_adc_noise_red=0x10
                 	.SET power_ctrl_reg=mcucr
                 	#endif
                 ;
                 ;// I2C Bus functions
                 ;#include <i2c.h>
                 ;
                 ;// DS1307 Real Time Clock functions
                 ;#include <ds1307.h>
                 ;
                 ;// Alphanumeric LCD functions
                 ;#include <alcd.h>
                 ;#include <stdlib.h>
                 ;#include <delay.h>
                 ;
                 ;// Declare your global variables here
                 ;
                 ;unsigned char hour, minute, second;
                 ;unsigned char week_day, day, month, year;
                 ;char* str;
                 ;
                 ;void main(void)
                 ; 0000 002C {
                 
                 	.CSEG
                 _main:
                 ; .FSTART _main
                 ; 0000 002D // Declare your local variables here
                 ; 0000 002E 
                 ; 0000 002F // Input/Output Ports initialization
                 ; 0000 0030 // Port A initialization
                 ; 0000 0031 // Function: Bit7=Out Bit6=Out Bit5=Out Bit4=Out Bit3=Out Bit2=Out Bit1=Out Bit0=Out
                 ; 0000 0032 DDRA=(1<<DDA7) | (1<<DDA6) | (1<<DDA5) | (1<<DDA4) | (1<<DDA3) | (1<<DDA2) | (1<<DDA1) | (1<<DDA0);
000075 efef      	LDI  R30,LOW(255)
000076 bbea      	OUT  0x1A,R30
                 ; 0000 0033 // State: Bit7=0 Bit6=0 Bit5=0 Bit4=0 Bit3=0 Bit2=0 Bit1=0 Bit0=0
                 ; 0000 0034 PORTA=(0<<PORTA7) | (0<<PORTA6) | (0<<PORTA5) | (0<<PORTA4) | (0<<PORTA3) | (0<<PORTA2) | (0<<PORTA1) | (0<<PORTA0);
000077 e0e0      	LDI  R30,LOW(0)
000078 bbeb      	OUT  0x1B,R30
                 ; 0000 0035 
                 ; 0000 0036 // Port B initialization
                 ; 0000 0037 // Function: Bit7=In Bit6=In Bit5=In Bit4=In Bit3=In Bit2=In Bit1=In Bit0=In
                 ; 0000 0038 DDRB=(0<<DDB7) | (0<<DDB6) | (0<<DDB5) | (0<<DDB4) | (0<<DDB3) | (0<<DDB2) | (0<<DDB1) | (0<<DDB0);
000079 bbe7      	OUT  0x17,R30
                 ; 0000 0039 // State: Bit7=T Bit6=T Bit5=T Bit4=T Bit3=T Bit2=T Bit1=T Bit0=T
                 ; 0000 003A PORTB=(0<<PORTB7) | (0<<PORTB6) | (0<<PORTB5) | (0<<PORTB4) | (0<<PORTB3) | (0<<PORTB2) | (0<<PORTB1) | (0<<PORTB0);
00007a bbe8      	OUT  0x18,R30
                 ; 0000 003B 
                 ; 0000 003C // Port C initialization
                 ; 0000 003D // Function: Bit7=In Bit6=In Bit5=In Bit4=In Bit3=In Bit2=In Bit1=In Bit0=In
                 ; 0000 003E DDRC=(0<<DDC7) | (0<<DDC6) | (0<<DDC5) | (0<<DDC4) | (0<<DDC3) | (0<<DDC2) | (0<<DDC1) | (0<<DDC0);
00007b bbe4      	OUT  0x14,R30
                 ; 0000 003F // State: Bit7=T Bit6=T Bit5=T Bit4=T Bit3=T Bit2=T Bit1=T Bit0=T
                 ; 0000 0040 PORTC=(0<<PORTC7) | (0<<PORTC6) | (0<<PORTC5) | (0<<PORTC4) | (0<<PORTC3) | (0<<PORTC2) | (0<<PORTC1) | (0<<PORTC0);
00007c bbe5      	OUT  0x15,R30
                 ; 0000 0041 
                 ; 0000 0042 // Port D initialization
                 ; 0000 0043 // Function: Bit7=In Bit6=In Bit5=In Bit4=In Bit3=In Bit2=In Bit1=In Bit0=In
                 ; 0000 0044 DDRD=(0<<DDD7) | (0<<DDD6) | (0<<DDD5) | (0<<DDD4) | (0<<DDD3) | (0<<DDD2) | (0<<DDD1) | (0<<DDD0);
00007d bbe1      	OUT  0x11,R30
                 ; 0000 0045 // State: Bit7=T Bit6=T Bit5=T Bit4=T Bit3=T Bit2=T Bit1=T Bit0=T
                 ; 0000 0046 PORTD=(0<<PORTD7) | (0<<PORTD6) | (0<<PORTD5) | (0<<PORTD4) | (0<<PORTD3) | (0<<PORTD2) | (0<<PORTD1) | (0<<PORTD0);
00007e bbe2      	OUT  0x12,R30
                 ; 0000 0047 
                 ; 0000 0048 // Bit-Banged I2C Bus initialization
                 ; 0000 0049 // I2C Port: PORTC
                 ; 0000 004A // I2C SDA bit: 1
                 ; 0000 004B // I2C SCL bit: 0
                 ; 0000 004C // Bit Rate: 100 kHz
                 ; 0000 004D // Note: I2C settings are specified in the
                 ; 0000 004E // Project|Configure|C Compiler|Libraries|I2C menu.
                 ; 0000 004F i2c_init();
00007f 940e 0251 	CALL _i2c_init
                 ; 0000 0050 
                 ; 0000 0051 // DS1307 Real Time Clock initialization
                 ; 0000 0052 // Square wave output on pin SQW/OUT: Off
                 ; 0000 0053 // SQW/OUT pin state: 0
                 ; 0000 0054 rtc_init(0,0,0);
000081 e0e0      	LDI  R30,LOW(0)
000082 93ea      	ST   -Y,R30
000083 93ea      	ST   -Y,R30
000084 e0a0      	LDI  R26,LOW(0)
000085 d054      	RCALL _rtc_init
                 ; 0000 0055 
                 ; 0000 0056 // Alphanumeric LCD initialization
                 ; 0000 0057 // Connections are specified in the
                 ; 0000 0058 // Project|Configure|C Compiler|Libraries|Alphanumeric LCD menu:
                 ; 0000 0059 // RS - PORTA Bit 0
                 ; 0000 005A // RD - PORTA Bit 1
                 ; 0000 005B // EN - PORTA Bit 2
                 ; 0000 005C // D4 - PORTA Bit 4
                 ; 0000 005D // D5 - PORTA Bit 5
                 ; 0000 005E // D6 - PORTA Bit 6
                 ; 0000 005F // D7 - PORTA Bit 7
                 ; 0000 0060 // Characters/line: 20
                 ; 0000 0061 lcd_init(20);
000086 e1a4      	LDI  R26,LOW(20)
000087 d117      	RCALL _lcd_init
                 ; 0000 0062 while (1)
                 _0x3:
                 ; 0000 0063     {
                 ; 0000 0064         rtc_get_time(&hour, &minute, &second);
000088 e0e5      	LDI  R30,LOW(5)
000089 e0f0      	LDI  R31,HIGH(5)
00008a 93fa      	ST   -Y,R31
00008b 93ea      	ST   -Y,R30
00008c e0e4      	LDI  R30,LOW(4)
00008d e0f0      	LDI  R31,HIGH(4)
00008e 93fa      	ST   -Y,R31
00008f 93ea      	ST   -Y,R30
000090 e0a7      	LDI  R26,LOW(7)
000091 e0b0      	LDI  R27,HIGH(7)
000092 d060      	RCALL _rtc_get_time
                 ; 0000 0065         rtc_get_date(&week_day, &day, &month, &year);
000093 e0e6      	LDI  R30,LOW(6)
000094 e0f0      	LDI  R31,HIGH(6)
000095 93fa      	ST   -Y,R31
000096 93ea      	ST   -Y,R30
000097 e0e9      	LDI  R30,LOW(9)
000098 e0f0      	LDI  R31,HIGH(9)
000099 93fa      	ST   -Y,R31
00009a 93ea      	ST   -Y,R30
00009b e0e8      	LDI  R30,LOW(8)
00009c e0f0      	LDI  R31,HIGH(8)
00009d 93fa      	ST   -Y,R31
00009e 93ea      	ST   -Y,R30
00009f e0ab      	LDI  R26,LOW(11)
0000a0 e0b0      	LDI  R27,HIGH(11)
0000a1 d06a      	RCALL _rtc_get_date
                 ; 0000 0066 
                 ; 0000 0067         lcd_gotoxy(0,0);
0000a2 e0e0      	LDI  R30,LOW(0)
0000a3 93ea      	ST   -Y,R30
0000a4 e0a0      	LDI  R26,LOW(0)
0000a5 d0a1      	RCALL _lcd_gotoxy
                 ; 0000 0068         lcd_putsf("TIME -> ");
                +
0000a6 e5a4     +LDI R26 , LOW ( 2 * _0x0 + ( 0 ) )
0000a7 e0b0     +LDI R27 , HIGH ( 2 * _0x0 + ( 0 ) )
                 	__POINTW2FN _0x0,0
0000a8 d0e3      	RCALL _lcd_putsf
                 ; 0000 0069         itoa(hour, str);
0000a9 2de5      	MOV  R30,R5
0000aa 940e 0209 	CALL SUBOPT_0x0
                 ; 0000 006A         lcd_puts(str);
                 ; 0000 006B         lcd_putsf(":");
                 ; 0000 006C         itoa(minute, str);
0000ac 2de4      	MOV  R30,R4
0000ad 940e 0209 	CALL SUBOPT_0x0
                 ; 0000 006D         lcd_puts(str);
                 ; 0000 006E         lcd_putsf(":");
                 ; 0000 006F         itoa(second, str);
0000af 2de7      	MOV  R30,R7
0000b0 940e 0216 	CALL SUBOPT_0x1
                 ; 0000 0070         lcd_puts(str);
                 ; 0000 0071         lcd_gotoxy(0,2);
0000b2 e0e0      	LDI  R30,LOW(0)
0000b3 93ea      	ST   -Y,R30
0000b4 e0a2      	LDI  R26,LOW(2)
0000b5 d091      	RCALL _lcd_gotoxy
                 ; 0000 0072         lcd_putsf("DATE -> ");
                +
0000b6 e5af     +LDI R26 , LOW ( 2 * _0x0 + ( 11 ) )
0000b7 e0b0     +LDI R27 , HIGH ( 2 * _0x0 + ( 11 ) )
                 	__POINTW2FN _0x0,11
0000b8 d0d3      	RCALL _lcd_putsf
                 ; 0000 0073         itoa(month, str);
0000b9 2de8      	MOV  R30,R8
0000ba 940e 0216 	CALL SUBOPT_0x1
                 ; 0000 0074         lcd_puts(str);
                 ; 0000 0075         lcd_putsf("-");
                +
0000bc e6a8     +LDI R26 , LOW ( 2 * _0x0 + ( 20 ) )
0000bd e0b0     +LDI R27 , HIGH ( 2 * _0x0 + ( 20 ) )
                 	__POINTW2FN _0x0,20
0000be d0cd      	RCALL _lcd_putsf
                 ; 0000 0076         itoa(day, str);
0000bf 2de9      	MOV  R30,R9
0000c0 940e 0216 	CALL SUBOPT_0x1
                 ; 0000 0077         lcd_puts(str);
                 ; 0000 0078         lcd_puts("-");
                +
0000c2 e6a0     +LDI R26 , LOW ( _0x6 + ( 0 ) )
0000c3 e0b2     +LDI R27 , HIGH ( _0x6 + ( 0 ) )
                 	__POINTW2MN _0x6,0
0000c4 d0b8      	RCALL _lcd_puts
                 ; 0000 0079         lcd_putsf("20");
                +
0000c5 e6aa     +LDI R26 , LOW ( 2 * _0x0 + ( 22 ) )
0000c6 e0b0     +LDI R27 , HIGH ( 2 * _0x0 + ( 22 ) )
                 	__POINTW2FN _0x0,22
0000c7 d0c4      	RCALL _lcd_putsf
                 ; 0000 007A         itoa(year, str);
0000c8 2deb      	MOV  R30,R11
0000c9 940e 0216 	CALL SUBOPT_0x1
                 ; 0000 007B         lcd_puts(str);
                 ; 0000 007C         delay_ms(1000);
0000cb eea8      	LDI  R26,LOW(1000)
0000cc e0b3      	LDI  R27,HIGH(1000)
0000cd 940e 02a2 	CALL _delay_ms
                 ; 0000 007D         if(second >= 59 || minute >= 59 || hour >= 24)
0000cf e3eb      	LDI  R30,LOW(59)
0000d0 167e      	CP   R7,R30
0000d1 f428      	BRSH _0x8
0000d2 164e      	CP   R4,R30
0000d3 f418      	BRSH _0x8
0000d4 e1e8      	LDI  R30,LOW(24)
0000d5 165e      	CP   R5,R30
0000d6 f008      	BRLO _0x7
                 _0x8:
                 ; 0000 007E         {
                 ; 0000 007F             lcd_clear();
0000d7 d07e      	RCALL _lcd_clear
                 ; 0000 0080         }
                 ; 0000 0081       }
                 _0x7:
0000d8 cfaf      	RJMP _0x3
                 ; 0000 0082 }
                 _0xA:
0000d9 cfff      	RJMP _0xA
                 ; .FEND
                 
                 	.DSEG
                 _0x6:
000260           	.BYTE 0x2
                 
                 	.CSEG
                 _rtc_init:
                 ; .FSTART _rtc_init
0000da 93aa      	ST   -Y,R26
0000db 81ea      	LDD  R30,Y+2
0000dc 70e3      	ANDI R30,LOW(0x3)
0000dd 83ea      	STD  Y+2,R30
0000de 81e9      	LDD  R30,Y+1
0000df 30e0      	CPI  R30,0
0000e0 f019      	BREQ _0x2000003
0000e1 81ea      	LDD  R30,Y+2
0000e2 61e0      	ORI  R30,0x10
0000e3 83ea      	STD  Y+2,R30
                 _0x2000003:
0000e4 81e8      	LD   R30,Y
0000e5 30e0      	CPI  R30,0
0000e6 f019      	BREQ _0x2000004
0000e7 81ea      	LDD  R30,Y+2
0000e8 68e0      	ORI  R30,0x80
0000e9 83ea      	STD  Y+2,R30
                 _0x2000004:
0000ea 940e 021f 	CALL SUBOPT_0x2
0000ec e0a7      	LDI  R26,LOW(7)
0000ed 940e 028a 	CALL _i2c_write
0000ef 81aa      	LDD  R26,Y+2
0000f0 940e 0224 	CALL SUBOPT_0x3
0000f2 c0aa      	RJMP _0x20E0003
                 ; .FEND
                 _rtc_get_time:
                 ; .FSTART _rtc_get_time
0000f3 93ba      	ST   -Y,R27
0000f4 93aa      	ST   -Y,R26
0000f5 940e 021f 	CALL SUBOPT_0x2
0000f7 e0a0      	LDI  R26,LOW(0)
0000f8 940e 0224 	CALL SUBOPT_0x3
0000fa 940e 0228 	CALL SUBOPT_0x4
0000fc 940e 0230 	CALL SUBOPT_0x5
0000fe 940e 0237 	CALL SUBOPT_0x6
000100 940e 023d 	CALL SUBOPT_0x7
000102 2fae      	MOV  R26,R30
000103 940e 01fc 	CALL _bcd2bin
000105 81ac      	LDD  R26,Y+4
000106 81bd      	LDD  R27,Y+4+1
000107 93ec      	ST   X,R30
000108 940e 0265 	CALL _i2c_stop
00010a 9626      	ADIW R28,6
00010b 9508      	RET
                 ; .FEND
                 _rtc_get_date:
                 ; .FSTART _rtc_get_date
00010c 93ba      	ST   -Y,R27
00010d 93aa      	ST   -Y,R26
00010e 940e 021f 	CALL SUBOPT_0x2
000110 e0a3      	LDI  R26,LOW(3)
000111 940e 0224 	CALL SUBOPT_0x3
000113 940e 0228 	CALL SUBOPT_0x4
000115 81ae      	LDD  R26,Y+6
000116 81bf      	LDD  R27,Y+6+1
000117 93ec      	ST   X,R30
000118 940e 0237 	CALL SUBOPT_0x6
00011a 81ac      	LDD  R26,Y+4
00011b 81bd      	LDD  R27,Y+4+1
00011c 93ec      	ST   X,R30
00011d 940e 0237 	CALL SUBOPT_0x6
00011f 940e 023d 	CALL SUBOPT_0x7
000121 940e 0230 	CALL SUBOPT_0x5
000123 940e 0265 	CALL _i2c_stop
000125 9628      	ADIW R28,8
000126 9508      	RET
                 ; .FEND
                 	#ifndef __SLEEP_DEFINED__
                 	#endif
                 
                 	.DSEG
                 
                 	.CSEG
                 __lcd_write_nibble_G101:
                 ; .FSTART __lcd_write_nibble_G101
000127 93aa      	ST   -Y,R26
000128 b3e2      	IN   R30,0x12
000129 70ef      	ANDI R30,LOW(0xF)
00012a 2fae      	MOV  R26,R30
00012b 81e8      	LD   R30,Y
00012c 7fe0      	ANDI R30,LOW(0xF0)
00012d 2bea      	OR   R30,R26
00012e bbe2      	OUT  0x12,R30
                +
00012f e08d     +LDI R24 , LOW ( 13 )
                +__DELAY_USB_LOOP :
000130 958a     +DEC R24
000131 f7f1     +BRNE __DELAY_USB_LOOP
                 	__DELAY_USB 13
000132 9a92      	SBI  0x12,2
                +
000133 e08d     +LDI R24 , LOW ( 13 )
                +__DELAY_USB_LOOP :
000134 958a     +DEC R24
000135 f7f1     +BRNE __DELAY_USB_LOOP
                 	__DELAY_USB 13
000136 9892      	CBI  0x12,2
                +
000137 e08d     +LDI R24 , LOW ( 13 )
                +__DELAY_USB_LOOP :
000138 958a     +DEC R24
000139 f7f1     +BRNE __DELAY_USB_LOOP
                 	__DELAY_USB 13
00013a c091      	RJMP _0x20E0001
                 ; .FEND
                 __lcd_write_data:
                 ; .FSTART __lcd_write_data
00013b 93aa      	ST   -Y,R26
00013c 81a8      	LD   R26,Y
00013d dfe9      	RCALL __lcd_write_nibble_G101
00013e 81e8          ld    r30,y
00013f 95e2          swap  r30
000140 83e8          st    y,r30
000141 81a8      	LD   R26,Y
000142 dfe4      	RCALL __lcd_write_nibble_G101
                +
000143 e885     +LDI R24 , LOW ( 133 )
                +__DELAY_USB_LOOP :
000144 958a     +DEC R24
000145 f7f1     +BRNE __DELAY_USB_LOOP
                 	__DELAY_USB 133
000146 c085      	RJMP _0x20E0001
                 ; .FEND
                 _lcd_gotoxy:
                 ; .FSTART _lcd_gotoxy
000147 93aa      	ST   -Y,R26
000148 81e8      	LD   R30,Y
000149 e0f0      	LDI  R31,0
00014a 59ee      	SUBI R30,LOW(-__base_y_G101)
00014b 4ffd      	SBCI R31,HIGH(-__base_y_G101)
00014c 81e0      	LD   R30,Z
00014d 81a9      	LDD  R26,Y+1
00014e 0fae      	ADD  R26,R30
00014f dfeb      	RCALL __lcd_write_data
000150 80a9      	LDD  R10,Y+1
000151 81e8      	LD   R30,Y
000152 93e0 0266 	STS  __lcd_y,R30
000154 9622      	ADIW R28,2
000155 9508      	RET
                 ; .FEND
                 _lcd_clear:
                 ; .FSTART _lcd_clear
000156 e0a2      	LDI  R26,LOW(2)
000157 940e 0243 	CALL SUBOPT_0x8
000159 e0ac      	LDI  R26,LOW(12)
00015a dfe0      	RCALL __lcd_write_data
00015b e0a1      	LDI  R26,LOW(1)
00015c 940e 0243 	CALL SUBOPT_0x8
00015e e0e0      	LDI  R30,LOW(0)
00015f 93e0 0266 	STS  __lcd_y,R30
000161 2eae      	MOV  R10,R30
000162 9508      	RET
                 ; .FEND
                 _lcd_putchar:
                 ; .FSTART _lcd_putchar
000163 93aa      	ST   -Y,R26
000164 81a8      	LD   R26,Y
000165 30aa      	CPI  R26,LOW(0xA)
000166 f021      	BREQ _0x2020005
000167 91e0 0267 	LDS  R30,__lcd_maxx
000169 16ae      	CP   R10,R30
00016a f060      	BRLO _0x2020004
                 _0x2020005:
00016b e0e0      	LDI  R30,LOW(0)
00016c 93ea      	ST   -Y,R30
00016d 91a0 0266 	LDS  R26,__lcd_y
00016f 5faf      	SUBI R26,-LOW(1)
000170 93a0 0266 	STS  __lcd_y,R26
000172 dfd4      	RCALL _lcd_gotoxy
000173 81a8      	LD   R26,Y
000174 30aa      	CPI  R26,LOW(0xA)
000175 f409      	BRNE _0x2020007
000176 c055      	RJMP _0x20E0001
                 _0x2020007:
                 _0x2020004:
000177 94a3      	INC  R10
000178 9a90      	SBI  0x12,0
000179 81a8      	LD   R26,Y
00017a dfc0      	RCALL __lcd_write_data
00017b 9890      	CBI  0x12,0
00017c c04f      	RJMP _0x20E0001
                 ; .FEND
                 _lcd_puts:
                 ; .FSTART _lcd_puts
00017d 93ba      	ST   -Y,R27
00017e 93aa      	ST   -Y,R26
00017f 931a      	ST   -Y,R17
                 _0x2020008:
000180 81a9      	LDD  R26,Y+1
000181 81ba      	LDD  R27,Y+1+1
000182 91ed      	LD   R30,X+
000183 83a9      	STD  Y+1,R26
000184 83ba      	STD  Y+1+1,R27
000185 2f1e      	MOV  R17,R30
000186 30e0      	CPI  R30,0
000187 f019      	BREQ _0x202000A
000188 2fa1      	MOV  R26,R17
000189 dfd9      	RCALL _lcd_putchar
00018a cff5      	RJMP _0x2020008
                 _0x202000A:
00018b c010      	RJMP _0x20E0002
                 ; .FEND
                 _lcd_putsf:
                 ; .FSTART _lcd_putsf
00018c 93ba      	ST   -Y,R27
00018d 93aa      	ST   -Y,R26
00018e 931a      	ST   -Y,R17
                 _0x202000B:
00018f 81e9      	LDD  R30,Y+1
000190 81fa      	LDD  R31,Y+1+1
000191 9631      	ADIW R30,1
000192 83e9      	STD  Y+1,R30
000193 83fa      	STD  Y+1+1,R31
000194 9731      	SBIW R30,1
000195 91e4      	LPM  R30,Z
000196 2f1e      	MOV  R17,R30
000197 30e0      	CPI  R30,0
000198 f019      	BREQ _0x202000D
000199 2fa1      	MOV  R26,R17
00019a dfc8      	RCALL _lcd_putchar
00019b cff3      	RJMP _0x202000B
                 _0x202000D:
                 _0x20E0002:
00019c 8118      	LDD  R17,Y+0
                 _0x20E0003:
00019d 9623      	ADIW R28,3
00019e 9508      	RET
                 ; .FEND
                 _lcd_init:
                 ; .FSTART _lcd_init
00019f 93aa      	ST   -Y,R26
0001a0 b3e1      	IN   R30,0x11
0001a1 6fe0      	ORI  R30,LOW(0xF0)
0001a2 bbe1      	OUT  0x11,R30
0001a3 9a8a      	SBI  0x11,2
0001a4 9a88      	SBI  0x11,0
0001a5 9a89      	SBI  0x11,1
0001a6 9892      	CBI  0x12,2
0001a7 9890      	CBI  0x12,0
0001a8 9891      	CBI  0x12,1
0001a9 81e8      	LD   R30,Y
0001aa 93e0 0267 	STS  __lcd_maxx,R30
0001ac 58e0      	SUBI R30,-LOW(128)
                +
0001ad 93e0 0264+STS __base_y_G101 + ( 2 ) , R30
                 	__PUTB1MN __base_y_G101,2
0001af 81e8      	LD   R30,Y
0001b0 54e0      	SUBI R30,-LOW(192)
                +
0001b1 93e0 0265+STS __base_y_G101 + ( 3 ) , R30
                 	__PUTB1MN __base_y_G101,3
0001b3 e1a4      	LDI  R26,LOW(20)
0001b4 e0b0      	LDI  R27,0
0001b5 940e 02a2 	CALL _delay_ms
0001b7 940e 0249 	CALL SUBOPT_0x9
0001b9 940e 0249 	CALL SUBOPT_0x9
0001bb 940e 0249 	CALL SUBOPT_0x9
0001bd e2a0      	LDI  R26,LOW(32)
0001be df68      	RCALL __lcd_write_nibble_G101
                +
0001bf ec88     +LDI R24 , LOW ( 200 )
0001c0 e090     +LDI R25 , HIGH ( 200 )
                +__DELAY_USW_LOOP :
0001c1 9701     +SBIW R24 , 1
0001c2 f7f1     +BRNE __DELAY_USW_LOOP
                 	__DELAY_USW 200
0001c3 e2a8      	LDI  R26,LOW(40)
0001c4 df76      	RCALL __lcd_write_data
0001c5 e0a4      	LDI  R26,LOW(4)
0001c6 df74      	RCALL __lcd_write_data
0001c7 e8a5      	LDI  R26,LOW(133)
0001c8 df72      	RCALL __lcd_write_data
0001c9 e0a6      	LDI  R26,LOW(6)
0001ca df70      	RCALL __lcd_write_data
0001cb df8a      	RCALL _lcd_clear
                 _0x20E0001:
0001cc 9621      	ADIW R28,1
0001cd 9508      	RET
                 ; .FEND
                 
                 	.CSEG
                 _itoa:
                 ; .FSTART _itoa
0001ce 93ba      	ST   -Y,R27
0001cf 93aa      	ST   -Y,R26
0001d0 91a9          ld   r26,y+
0001d1 91b9          ld   r27,y+
0001d2 91e9          ld   r30,y+
0001d3 91f9          ld   r31,y+
0001d4 9630          adiw r30,0
0001d5 f42a          brpl __itoa0
0001d6 95e0          com  r30
0001d7 95f0          com  r31
0001d8 9631          adiw r30,1
0001d9 e26d          ldi  r22,'-'
0001da 936d          st   x+,r22
                 __itoa0:
0001db 94e8          clt
0001dc e180          ldi  r24,low(10000)
0001dd e297          ldi  r25,high(10000)
0001de d00d          rcall __itoa1
0001df ee88          ldi  r24,low(1000)
0001e0 e093          ldi  r25,high(1000)
0001e1 d00a          rcall __itoa1
0001e2 e684          ldi  r24,100
0001e3 2799          clr  r25
0001e4 d007          rcall __itoa1
0001e5 e08a          ldi  r24,10
0001e6 d005          rcall __itoa1
0001e7 2f6e          mov  r22,r30
0001e8 d010          rcall __itoa5
0001e9 2766          clr  r22
0001ea 936c          st   x,r22
0001eb 9508          ret
                 
                 __itoa1:
0001ec 2766          clr	 r22
                 __itoa2:
0001ed 17e8          cp   r30,r24
0001ee 07f9          cpc  r31,r25
0001ef f020          brlo __itoa3
0001f0 9563          inc  r22
0001f1 1be8          sub  r30,r24
0001f2 0bf9          sbc  r31,r25
0001f3 f7c9          brne __itoa2
                 __itoa3:
0001f4 2366          tst  r22
0001f5 f411          brne __itoa4
0001f6 f016          brts __itoa5
0001f7 9508          ret
                 __itoa4:
0001f8 9468          set
                 __itoa5:
0001f9 5d60          subi r22,-0x30
0001fa 936d          st   x+,r22
0001fb 9508          ret
                 ; .FEND
                 
                 	.DSEG
                 
                 	.CSEG
                 
                 	.CSEG
                 _bcd2bin:
                 ; .FSTART _bcd2bin
0001fc 93aa      	ST   -Y,R26
0001fd 81e8          ld   r30,y
0001fe 95e2          swap r30
0001ff 70ef          andi r30,0xf
000200 2fae          mov  r26,r30
000201 0faa          lsl  r26
000202 0faa          lsl  r26
000203 0fea          add  r30,r26
000204 0fee          lsl  r30
000205 91a9          ld   r26,y+
000206 70af          andi r26,0xf
000207 0fea          add  r30,r26
000208 9508          ret
                 ; .FEND
                 
                 	.CSEG
                 
                 	.CSEG
                 
                 	.CSEG
                 
                 	.DSEG
                 __base_y_G101:
000262           	.BYTE 0x4
                 __lcd_y:
000266           	.BYTE 0x1
                 __lcd_maxx:
000267           	.BYTE 0x1
                 __seed_G102:
000268           	.BYTE 0x4
                 
                 	.CSEG
                 ;OPTIMIZER ADDED SUBROUTINE, CALLED 2 TIMES, CODE SIZE REDUCTION:8 WORDS
                 SUBOPT_0x0:
000209 e0f0      	LDI  R31,0
00020a 93fa      	ST   -Y,R31
00020b 93ea      	ST   -Y,R30
00020c 01d6      	MOVW R26,R12
00020d 940e 01ce 	CALL _itoa
00020f 01d6      	MOVW R26,R12
000210 940e 017d 	CALL _lcd_puts
                +
000212 e5ad     +LDI R26 , LOW ( 2 * _0x0 + ( 9 ) )
000213 e0b0     +LDI R27 , HIGH ( 2 * _0x0 + ( 9 ) )
                 	__POINTW2FN _0x0,9
000214 940c 018c 	JMP  _lcd_putsf
                 
                 ;OPTIMIZER ADDED SUBROUTINE, CALLED 4 TIMES, CODE SIZE REDUCTION:18 WORDS
                 SUBOPT_0x1:
000216 e0f0      	LDI  R31,0
000217 93fa      	ST   -Y,R31
000218 93ea      	ST   -Y,R30
000219 01d6      	MOVW R26,R12
00021a 940e 01ce 	CALL _itoa
00021c 01d6      	MOVW R26,R12
00021d 940c 017d 	JMP  _lcd_puts
                 
                 ;OPTIMIZER ADDED SUBROUTINE, CALLED 3 TIMES, CODE SIZE REDUCTION:3 WORDS
                 SUBOPT_0x2:
00021f 940e 0256 	CALL _i2c_start
000221 eda0      	LDI  R26,LOW(208)
000222 940c 028a 	JMP  _i2c_write
                 
                 ;OPTIMIZER ADDED SUBROUTINE, CALLED 3 TIMES, CODE SIZE REDUCTION:1 WORDS
                 SUBOPT_0x3:
000224 940e 028a 	CALL _i2c_write
000226 940c 0265 	JMP  _i2c_stop
                 
                 ;OPTIMIZER ADDED SUBROUTINE, CALLED 2 TIMES, CODE SIZE REDUCTION:3 WORDS
                 SUBOPT_0x4:
000228 940e 0256 	CALL _i2c_start
00022a eda1      	LDI  R26,LOW(209)
00022b 940e 028a 	CALL _i2c_write
00022d e0a1      	LDI  R26,LOW(1)
00022e 940c 026f 	JMP  _i2c_read
                 
                 ;OPTIMIZER ADDED SUBROUTINE, CALLED 2 TIMES, CODE SIZE REDUCTION:1 WORDS
                 SUBOPT_0x5:
000230 2fae      	MOV  R26,R30
000231 940e 01fc 	CALL _bcd2bin
000233 81a8      	LD   R26,Y
000234 81b9      	LDD  R27,Y+1
000235 93ec      	ST   X,R30
000236 9508      	RET
                 
                 ;OPTIMIZER ADDED SUBROUTINE, CALLED 3 TIMES, CODE SIZE REDUCTION:5 WORDS
                 SUBOPT_0x6:
000237 e0a1      	LDI  R26,LOW(1)
000238 940e 026f 	CALL _i2c_read
00023a 2fae      	MOV  R26,R30
00023b 940c 01fc 	JMP  _bcd2bin
                 
                 ;OPTIMIZER ADDED SUBROUTINE, CALLED 2 TIMES, CODE SIZE REDUCTION:1 WORDS
                 SUBOPT_0x7:
00023d 81aa      	LDD  R26,Y+2
00023e 81bb      	LDD  R27,Y+2+1
00023f 93ec      	ST   X,R30
000240 e0a0      	LDI  R26,LOW(0)
000241 940c 026f 	JMP  _i2c_read
                 
                 ;OPTIMIZER ADDED SUBROUTINE, CALLED 2 TIMES, CODE SIZE REDUCTION:1 WORDS
                 SUBOPT_0x8:
000243 940e 013b 	CALL __lcd_write_data
000245 e0a3      	LDI  R26,LOW(3)
000246 e0b0      	LDI  R27,0
000247 940c 02a2 	JMP  _delay_ms
                 
                 ;OPTIMIZER ADDED SUBROUTINE, CALLED 3 TIMES, CODE SIZE REDUCTION:7 WORDS
                 SUBOPT_0x9:
000249 e3a0      	LDI  R26,LOW(48)
00024a 940e 0127 	CALL __lcd_write_nibble_G101
                +
00024c ec88     +LDI R24 , LOW ( 200 )
00024d e090     +LDI R25 , HIGH ( 200 )
                +__DELAY_USW_LOOP :
00024e 9701     +SBIW R24 , 1
00024f f7f1     +BRNE __DELAY_USW_LOOP
                 	__DELAY_USW 200
000250 9508      	RET
                 
                 
                 	.CSEG
                 	.equ __sda_bit=1
                 	.equ __scl_bit=0
                 	.equ __i2c_port=0x15 ;PORTC
                 	.equ __i2c_dir=__i2c_port-1
                 	.equ __i2c_pin=__i2c_port-2
                 
                 _i2c_init:
000251 98a8      	cbi  __i2c_port,__scl_bit
000252 98a9      	cbi  __i2c_port,__sda_bit
000253 9aa0      	sbi  __i2c_dir,__scl_bit
000254 98a1      	cbi  __i2c_dir,__sda_bit
000255 c015      	rjmp __i2c_delay2
                 _i2c_start:
000256 98a1      	cbi  __i2c_dir,__sda_bit
000257 98a0      	cbi  __i2c_dir,__scl_bit
000258 27ee      	clr  r30
000259 0000      	nop
00025a 9b99      	sbis __i2c_pin,__sda_bit
00025b 9508      	ret
00025c 9b98      	sbis __i2c_pin,__scl_bit
00025d 9508      	ret
00025e d004      	rcall __i2c_delay1
00025f 9aa1      	sbi  __i2c_dir,__sda_bit
000260 d002      	rcall __i2c_delay1
000261 9aa0      	sbi  __i2c_dir,__scl_bit
000262 e0e1      	ldi  r30,1
                 __i2c_delay1:
000263 e06d      	ldi  r22,13
000264 c007      	rjmp __i2c_delay2l
                 _i2c_stop:
000265 9aa1      	sbi  __i2c_dir,__sda_bit
000266 9aa0      	sbi  __i2c_dir,__scl_bit
000267 d003      	rcall __i2c_delay2
000268 98a0      	cbi  __i2c_dir,__scl_bit
000269 dff9      	rcall __i2c_delay1
00026a 98a1      	cbi  __i2c_dir,__sda_bit
                 __i2c_delay2:
00026b e16b      	ldi  r22,27
                 __i2c_delay2l:
00026c 956a      	dec  r22
00026d f7f1      	brne __i2c_delay2l
00026e 9508      	ret
                 _i2c_read:
00026f e078      	ldi  r23,8
                 __i2c_read0:
000270 98a0      	cbi  __i2c_dir,__scl_bit
000271 dff1      	rcall __i2c_delay1
                 __i2c_read3:
000272 9b98      	sbis __i2c_pin,__scl_bit
000273 cffe      	rjmp __i2c_read3
000274 dfee      	rcall __i2c_delay1
000275 9488      	clc
000276 9999      	sbic __i2c_pin,__sda_bit
000277 9408      	sec
000278 9aa0      	sbi  __i2c_dir,__scl_bit
000279 dff1      	rcall __i2c_delay2
00027a 1fee      	rol  r30
00027b 957a      	dec  r23
00027c f799      	brne __i2c_read0
00027d 2f7a      	mov  r23,r26
00027e 2377      	tst  r23
00027f f411      	brne __i2c_read1
000280 98a1      	cbi  __i2c_dir,__sda_bit
000281 c001      	rjmp __i2c_read2
                 __i2c_read1:
000282 9aa1      	sbi  __i2c_dir,__sda_bit
                 __i2c_read2:
000283 dfdf      	rcall __i2c_delay1
000284 98a0      	cbi  __i2c_dir,__scl_bit
000285 dfe5      	rcall __i2c_delay2
000286 9aa0      	sbi  __i2c_dir,__scl_bit
000287 dfdb      	rcall __i2c_delay1
000288 98a1      	cbi  __i2c_dir,__sda_bit
000289 cfd9      	rjmp __i2c_delay1
                 
                 _i2c_write:
00028a e078      	ldi  r23,8
                 __i2c_write0:
00028b 0faa      	lsl  r26
00028c f410      	brcc __i2c_write1
00028d 98a1      	cbi  __i2c_dir,__sda_bit
00028e c001      	rjmp __i2c_write2
                 __i2c_write1:
00028f 9aa1      	sbi  __i2c_dir,__sda_bit
                 __i2c_write2:
000290 dfda      	rcall __i2c_delay2
000291 98a0      	cbi  __i2c_dir,__scl_bit
000292 dfd0      	rcall __i2c_delay1
                 __i2c_write3:
000293 9b98      	sbis __i2c_pin,__scl_bit
000294 cffe      	rjmp __i2c_write3
000295 dfcd      	rcall __i2c_delay1
000296 9aa0      	sbi  __i2c_dir,__scl_bit
000297 957a      	dec  r23
000298 f791      	brne __i2c_write0
000299 98a1      	cbi  __i2c_dir,__sda_bit
00029a dfc8      	rcall __i2c_delay1
00029b 98a0      	cbi  __i2c_dir,__scl_bit
00029c dfce      	rcall __i2c_delay2
00029d e0e1      	ldi  r30,1
00029e 9999      	sbic __i2c_pin,__sda_bit
00029f 27ee      	clr  r30
0002a0 9aa0      	sbi  __i2c_dir,__scl_bit
0002a1 cfc1      	rjmp __i2c_delay1
                 
                 _delay_ms:
0002a2 9610      	adiw r26,0
0002a3 f039      	breq __delay_ms1
                 __delay_ms0:
                +
0002a4 ed80     +LDI R24 , LOW ( 0x7D0 )
0002a5 e097     +LDI R25 , HIGH ( 0x7D0 )
                +__DELAY_USW_LOOP :
0002a6 9701     +SBIW R24 , 1
0002a7 f7f1     +BRNE __DELAY_USW_LOOP
                 	__DELAY_USW 0x7D0
0002a8 95a8      	wdr
0002a9 9711      	sbiw r26,1
0002aa f7c9      	brne __delay_ms0
                 __delay_ms1:
0002ab 9508      	ret
                 
                 ;END OF CODE MARKER
                 __END_OF_CODE:


RESOURCE USE INFORMATION
------------------------

Notice:
The register and instruction counts are symbol table hit counts,
and hence implicitly used resources are not counted, eg, the
'lpm' instruction without operands implicitly uses r0 and z,
none of which are counted.

x,y,z are separate entities in the symbol table and are
counted separately from r26..r31 here.

.dseg memory usage only counts static data declared with .byte

ATmega32 register use summary:
r0 :   4 r1 :   1 r2 :   0 r3 :   0 r4 :   2 r5 :   2 r6 :   0 r7 :   2 
r8 :   1 r9 :   1 r10:   4 r11:   1 r12:   4 r13:   0 r14:   0 r15:   0 
r16:   0 r17:   7 r18:   0 r19:   0 r20:   0 r21:   0 r22:  15 r23:   6 
r24:  27 r25:  10 r26:  90 r27:  26 r28:   6 r29:   1 r30: 137 r31:  25 
x  :  12 y  :  86 z  :   9 
Registers used: 24 out of 35 (68.6%)

ATmega32 instruction use summary:
.lds  :   0 .lds.l:   0 .sts  :   0 .sts.l:   0 adc   :   0 add   :   3 
adiw  :   9 and   :   0 andi  :   5 asr   :   0 bclr  :   0 bld   :   0 
brbc  :   0 brbs  :   0 brcc  :   1 brcs  :   0 break :   0 breq  :   7 
brge  :   0 brhc  :   0 brhs  :   0 brid  :   0 brie  :   0 brlo  :   3 
brlt  :   0 brmi  :   0 brne  :  18 brpl  :   1 brsh  :   2 brtc  :   0 
brts  :   1 brvc  :   0 brvs  :   0 bset  :   0 bst   :   0 call  :  44 
cbi   :  20 cbr   :   0 clc   :   1 clh   :   0 cli   :   1 cln   :   0 
clr   :   7 cls   :   0 clt   :   1 clv   :   0 clz   :   0 com   :   2 
cp    :   5 cpc   :   1 cpi   :   6 cpse  :   0 dec   :   8 des   :   0 
eor   :   0 fmul  :   0 fmuls :   0 fmulsu:   0 icall :   0 ijmp  :   0 
in    :   2 inc   :   2 jmp   :  30 ld    :  21 ldd   :  21 ldi   : 100 
lds   :   2 lpm   :   9 lsl   :   4 lsr   :   0 mov   :  18 movw  :   7 
mul   :   0 muls  :   0 mulsu :   0 neg   :   0 nop   :   1 or    :   1 
ori   :   3 out   :  16 pop   :   0 push  :   0 rcall :  46 ret   :  16 
reti  :   0 rjmp  :  19 rol   :   1 ror   :   0 sbc   :   1 sbci  :   1 
sbi   :  16 sbic  :   2 sbis  :   4 sbiw  :   8 sbr   :   0 sbrc  :   0 
sbrs  :   0 sec   :   1 seh   :   0 sei   :   0 sen   :   0 ser   :   0 
ses   :   0 set   :   1 sev   :   0 sez   :   0 sleep :   0 spm   :   0 
st    :  50 std   :   7 sts   :   6 sub   :   1 subi  :   5 swap  :   2 
tst   :   2 wdr   :   1 
Instructions used: 56 out of 116 (48.3%)

ATmega32 memory use summary [bytes]:
Segment   Begin    End      Code   Data   Used    Size   Use%
---------------------------------------------------------------
[.cseg] 0x000000 0x000558   1308     60   1368   32768   4.2%
[.dseg] 0x000060 0x00026c      0     12     12    2048   0.6%
[.eseg] 0x000000 0x000000      0      0      0    1024   0.0%

Assembly complete, 0 errors, 13 warnings
