
AVRASM ver. 2.1.30  E:\University\00012-MP-L\7\Debug\List\program.asm Mon Apr 18 02:34:09 2022

E:\University\00012-MP-L\7\Debug\List\program.asm(1088): warning: Register r5 already defined by the .DEF directive
E:\University\00012-MP-L\7\Debug\List\program.asm(1089): warning: Register r4 already defined by the .DEF directive
E:\University\00012-MP-L\7\Debug\List\program.asm(1090): warning: Register r7 already defined by the .DEF directive
                 
                 
                 ;CodeVisionAVR C Compiler V3.12 Advanced
                 ;(C) Copyright 1998-2014 Pavel Haiduc, HP InfoTech s.r.l.
                 ;http://www.hpinfotech.com
                 
                 ;Build configuration    : Debug
                 ;Chip type              : ATmega32
                 ;Program type           : Application
                 ;Clock frequency        : 8.000000 MHz
                 ;Memory model           : Small
                 ;Optimize for           : Size
                 ;(s)printf features     : int, width
                 ;(s)scanf features      : int, width
                 ;External RAM size      : 0
                 ;Data Stack size        : 512 byte(s)
                 ;Heap size              : 0 byte(s)
                 ;Promote 'char' to 'int': Yes
                 ;'char' is unsigned     : Yes
                 ;8 bit enums            : Yes
                 ;Global 'const' stored in FLASH: Yes
                 ;Enhanced function parameter passing: Yes
                 ;Enhanced core instructions: On
                 ;Automatic register allocation for global variables: On
                 ;Smart register allocation: On
                 
                 	#define _MODEL_SMALL_
                 
                 	#pragma AVRPART ADMIN PART_NAME ATmega32
                 	#pragma AVRPART MEMORY PROG_FLASH 32768
                 	#pragma AVRPART MEMORY EEPROM 1024
                 	#pragma AVRPART MEMORY INT_SRAM SIZE 2048
                 	#pragma AVRPART MEMORY INT_SRAM START_ADDR 0x60
                 
                 	#define CALL_SUPPORTED 1
                 
                 	.LISTMAC
                 	.EQU UDRE=0x5
                 	.EQU RXC=0x7
                 	.EQU USR=0xB
                 	.EQU UDR=0xC
                 	.EQU SPSR=0xE
                 	.EQU SPDR=0xF
                 	.EQU EERE=0x0
                 	.EQU EEWE=0x1
                 	.EQU EEMWE=0x2
                 	.EQU EECR=0x1C
                 	.EQU EEDR=0x1D
                 	.EQU EEARL=0x1E
                 	.EQU EEARH=0x1F
                 	.EQU WDTCR=0x21
                 	.EQU MCUCR=0x35
                 	.EQU GICR=0x3B
                 	.EQU SPL=0x3D
                 	.EQU SPH=0x3E
                 	.EQU SREG=0x3F
                 
                 	.DEF R0X0=R0
                 	.DEF R0X1=R1
                 	.DEF R0X2=R2
                 	.DEF R0X3=R3
                 	.DEF R0X4=R4
                 	.DEF R0X5=R5
                 	.DEF R0X6=R6
                 	.DEF R0X7=R7
                 	.DEF R0X8=R8
                 	.DEF R0X9=R9
                 	.DEF R0XA=R10
                 	.DEF R0XB=R11
                 	.DEF R0XC=R12
                 	.DEF R0XD=R13
                 	.DEF R0XE=R14
                 	.DEF R0XF=R15
                 	.DEF R0X10=R16
                 	.DEF R0X11=R17
                 	.DEF R0X12=R18
                 	.DEF R0X13=R19
                 	.DEF R0X14=R20
                 	.DEF R0X15=R21
                 	.DEF R0X16=R22
                 	.DEF R0X17=R23
                 	.DEF R0X18=R24
                 	.DEF R0X19=R25
                 	.DEF R0X1A=R26
                 	.DEF R0X1B=R27
                 	.DEF R0X1C=R28
                 	.DEF R0X1D=R29
                 	.DEF R0X1E=R30
                 	.DEF R0X1F=R31
                 
                 	.EQU __SRAM_START=0x0060
                 	.EQU __SRAM_END=0x085F
                 	.EQU __DSTACK_SIZE=0x0200
                 	.EQU __HEAP_SIZE=0x0000
                 	.EQU __CLEAR_SRAM_SIZE=__SRAM_END-__SRAM_START+1
                 
                 	.MACRO __CPD1N
                 	CPI  R30,LOW(@0)
                 	LDI  R26,HIGH(@0)
                 	CPC  R31,R26
                 	LDI  R26,BYTE3(@0)
                 	CPC  R22,R26
                 	LDI  R26,BYTE4(@0)
                 	CPC  R23,R26
                 	.ENDM
                 
                 	.MACRO __CPD2N
                 	CPI  R26,LOW(@0)
                 	LDI  R30,HIGH(@0)
                 	CPC  R27,R30
                 	LDI  R30,BYTE3(@0)
                 	CPC  R24,R30
                 	LDI  R30,BYTE4(@0)
                 	CPC  R25,R30
                 	.ENDM
                 
                 	.MACRO __CPWRR
                 	CP   R@0,R@2
                 	CPC  R@1,R@3
                 	.ENDM
                 
                 	.MACRO __CPWRN
                 	CPI  R@0,LOW(@2)
                 	LDI  R30,HIGH(@2)
                 	CPC  R@1,R30
                 	.ENDM
                 
                 	.MACRO __ADDB1MN
                 	SUBI R30,LOW(-@0-(@1))
                 	.ENDM
                 
                 	.MACRO __ADDB2MN
                 	SUBI R26,LOW(-@0-(@1))
                 	.ENDM
                 
                 	.MACRO __ADDW1MN
                 	SUBI R30,LOW(-@0-(@1))
                 	SBCI R31,HIGH(-@0-(@1))
                 	.ENDM
                 
                 	.MACRO __ADDW2MN
                 	SUBI R26,LOW(-@0-(@1))
                 	SBCI R27,HIGH(-@0-(@1))
                 	.ENDM
                 
                 	.MACRO __ADDW1FN
                 	SUBI R30,LOW(-2*@0-(@1))
                 	SBCI R31,HIGH(-2*@0-(@1))
                 	.ENDM
                 
                 	.MACRO __ADDD1FN
                 	SUBI R30,LOW(-2*@0-(@1))
                 	SBCI R31,HIGH(-2*@0-(@1))
                 	SBCI R22,BYTE3(-2*@0-(@1))
                 	.ENDM
                 
                 	.MACRO __ADDD1N
                 	SUBI R30,LOW(-@0)
                 	SBCI R31,HIGH(-@0)
                 	SBCI R22,BYTE3(-@0)
                 	SBCI R23,BYTE4(-@0)
                 	.ENDM
                 
                 	.MACRO __ADDD2N
                 	SUBI R26,LOW(-@0)
                 	SBCI R27,HIGH(-@0)
                 	SBCI R24,BYTE3(-@0)
                 	SBCI R25,BYTE4(-@0)
                 	.ENDM
                 
                 	.MACRO __SUBD1N
                 	SUBI R30,LOW(@0)
                 	SBCI R31,HIGH(@0)
                 	SBCI R22,BYTE3(@0)
                 	SBCI R23,BYTE4(@0)
                 	.ENDM
                 
                 	.MACRO __SUBD2N
                 	SUBI R26,LOW(@0)
                 	SBCI R27,HIGH(@0)
                 	SBCI R24,BYTE3(@0)
                 	SBCI R25,BYTE4(@0)
                 	.ENDM
                 
                 	.MACRO __ANDBMNN
                 	LDS  R30,@0+(@1)
                 	ANDI R30,LOW(@2)
                 	STS  @0+(@1),R30
                 	.ENDM
                 
                 	.MACRO __ANDWMNN
                 	LDS  R30,@0+(@1)
                 	ANDI R30,LOW(@2)
                 	STS  @0+(@1),R30
                 	LDS  R30,@0+(@1)+1
                 	ANDI R30,HIGH(@2)
                 	STS  @0+(@1)+1,R30
                 	.ENDM
                 
                 	.MACRO __ANDD1N
                 	ANDI R30,LOW(@0)
                 	ANDI R31,HIGH(@0)
                 	ANDI R22,BYTE3(@0)
                 	ANDI R23,BYTE4(@0)
                 	.ENDM
                 
                 	.MACRO __ANDD2N
                 	ANDI R26,LOW(@0)
                 	ANDI R27,HIGH(@0)
                 	ANDI R24,BYTE3(@0)
                 	ANDI R25,BYTE4(@0)
                 	.ENDM
                 
                 	.MACRO __ORBMNN
                 	LDS  R30,@0+(@1)
                 	ORI  R30,LOW(@2)
                 	STS  @0+(@1),R30
                 	.ENDM
                 
                 	.MACRO __ORWMNN
                 	LDS  R30,@0+(@1)
                 	ORI  R30,LOW(@2)
                 	STS  @0+(@1),R30
                 	LDS  R30,@0+(@1)+1
                 	ORI  R30,HIGH(@2)
                 	STS  @0+(@1)+1,R30
                 	.ENDM
                 
                 	.MACRO __ORD1N
                 	ORI  R30,LOW(@0)
                 	ORI  R31,HIGH(@0)
                 	ORI  R22,BYTE3(@0)
                 	ORI  R23,BYTE4(@0)
                 	.ENDM
                 
                 	.MACRO __ORD2N
                 	ORI  R26,LOW(@0)
                 	ORI  R27,HIGH(@0)
                 	ORI  R24,BYTE3(@0)
                 	ORI  R25,BYTE4(@0)
                 	.ENDM
                 
                 	.MACRO __DELAY_USB
                 	LDI  R24,LOW(@0)
                 __DELAY_USB_LOOP:
                 	DEC  R24
                 	BRNE __DELAY_USB_LOOP
                 	.ENDM
                 
                 	.MACRO __DELAY_USW
                 	LDI  R24,LOW(@0)
                 	LDI  R25,HIGH(@0)
                 __DELAY_USW_LOOP:
                 	SBIW R24,1
                 	BRNE __DELAY_USW_LOOP
                 	.ENDM
                 
                 	.MACRO __GETD1S
                 	LDD  R30,Y+@0
                 	LDD  R31,Y+@0+1
                 	LDD  R22,Y+@0+2
                 	LDD  R23,Y+@0+3
                 	.ENDM
                 
                 	.MACRO __GETD2S
                 	LDD  R26,Y+@0
                 	LDD  R27,Y+@0+1
                 	LDD  R24,Y+@0+2
                 	LDD  R25,Y+@0+3
                 	.ENDM
                 
                 	.MACRO __PUTD1S
                 	STD  Y+@0,R30
                 	STD  Y+@0+1,R31
                 	STD  Y+@0+2,R22
                 	STD  Y+@0+3,R23
                 	.ENDM
                 
                 	.MACRO __PUTD2S
                 	STD  Y+@0,R26
                 	STD  Y+@0+1,R27
                 	STD  Y+@0+2,R24
                 	STD  Y+@0+3,R25
                 	.ENDM
                 
                 	.MACRO __PUTDZ2
                 	STD  Z+@0,R26
                 	STD  Z+@0+1,R27
                 	STD  Z+@0+2,R24
                 	STD  Z+@0+3,R25
                 	.ENDM
                 
                 	.MACRO __CLRD1S
                 	STD  Y+@0,R30
                 	STD  Y+@0+1,R30
                 	STD  Y+@0+2,R30
                 	STD  Y+@0+3,R30
                 	.ENDM
                 
                 	.MACRO __POINTB1MN
                 	LDI  R30,LOW(@0+(@1))
                 	.ENDM
                 
                 	.MACRO __POINTW1MN
                 	LDI  R30,LOW(@0+(@1))
                 	LDI  R31,HIGH(@0+(@1))
                 	.ENDM
                 
                 	.MACRO __POINTD1M
                 	LDI  R30,LOW(@0)
                 	LDI  R31,HIGH(@0)
                 	LDI  R22,BYTE3(@0)
                 	LDI  R23,BYTE4(@0)
                 	.ENDM
                 
                 	.MACRO __POINTW1FN
                 	LDI  R30,LOW(2*@0+(@1))
                 	LDI  R31,HIGH(2*@0+(@1))
                 	.ENDM
                 
                 	.MACRO __POINTD1FN
                 	LDI  R30,LOW(2*@0+(@1))
                 	LDI  R31,HIGH(2*@0+(@1))
                 	LDI  R22,BYTE3(2*@0+(@1))
                 	LDI  R23,BYTE4(2*@0+(@1))
                 	.ENDM
                 
                 	.MACRO __POINTB2MN
                 	LDI  R26,LOW(@0+(@1))
                 	.ENDM
                 
                 	.MACRO __POINTW2MN
                 	LDI  R26,LOW(@0+(@1))
                 	LDI  R27,HIGH(@0+(@1))
                 	.ENDM
                 
                 	.MACRO __POINTW2FN
                 	LDI  R26,LOW(2*@0+(@1))
                 	LDI  R27,HIGH(2*@0+(@1))
                 	.ENDM
                 
                 	.MACRO __POINTD2FN
                 	LDI  R26,LOW(2*@0+(@1))
                 	LDI  R27,HIGH(2*@0+(@1))
                 	LDI  R24,BYTE3(2*@0+(@1))
                 	LDI  R25,BYTE4(2*@0+(@1))
                 	.ENDM
                 
                 	.MACRO __POINTBRM
                 	LDI  R@0,LOW(@1)
                 	.ENDM
                 
                 	.MACRO __POINTWRM
                 	LDI  R@0,LOW(@2)
                 	LDI  R@1,HIGH(@2)
                 	.ENDM
                 
                 	.MACRO __POINTBRMN
                 	LDI  R@0,LOW(@1+(@2))
                 	.ENDM
                 
                 	.MACRO __POINTWRMN
                 	LDI  R@0,LOW(@2+(@3))
                 	LDI  R@1,HIGH(@2+(@3))
                 	.ENDM
                 
                 	.MACRO __POINTWRFN
                 	LDI  R@0,LOW(@2*2+(@3))
                 	LDI  R@1,HIGH(@2*2+(@3))
                 	.ENDM
                 
                 	.MACRO __GETD1N
                 	LDI  R30,LOW(@0)
                 	LDI  R31,HIGH(@0)
                 	LDI  R22,BYTE3(@0)
                 	LDI  R23,BYTE4(@0)
                 	.ENDM
                 
                 	.MACRO __GETD2N
                 	LDI  R26,LOW(@0)
                 	LDI  R27,HIGH(@0)
                 	LDI  R24,BYTE3(@0)
                 	LDI  R25,BYTE4(@0)
                 	.ENDM
                 
                 	.MACRO __GETB1MN
                 	LDS  R30,@0+(@1)
                 	.ENDM
                 
                 	.MACRO __GETB1HMN
                 	LDS  R31,@0+(@1)
                 	.ENDM
                 
                 	.MACRO __GETW1MN
                 	LDS  R30,@0+(@1)
                 	LDS  R31,@0+(@1)+1
                 	.ENDM
                 
                 	.MACRO __GETD1MN
                 	LDS  R30,@0+(@1)
                 	LDS  R31,@0+(@1)+1
                 	LDS  R22,@0+(@1)+2
                 	LDS  R23,@0+(@1)+3
                 	.ENDM
                 
                 	.MACRO __GETBRMN
                 	LDS  R@0,@1+(@2)
                 	.ENDM
                 
                 	.MACRO __GETWRMN
                 	LDS  R@0,@2+(@3)
                 	LDS  R@1,@2+(@3)+1
                 	.ENDM
                 
                 	.MACRO __GETWRZ
                 	LDD  R@0,Z+@2
                 	LDD  R@1,Z+@2+1
                 	.ENDM
                 
                 	.MACRO __GETD2Z
                 	LDD  R26,Z+@0
                 	LDD  R27,Z+@0+1
                 	LDD  R24,Z+@0+2
                 	LDD  R25,Z+@0+3
                 	.ENDM
                 
                 	.MACRO __GETB2MN
                 	LDS  R26,@0+(@1)
                 	.ENDM
                 
                 	.MACRO __GETW2MN
                 	LDS  R26,@0+(@1)
                 	LDS  R27,@0+(@1)+1
                 	.ENDM
                 
                 	.MACRO __GETD2MN
                 	LDS  R26,@0+(@1)
                 	LDS  R27,@0+(@1)+1
                 	LDS  R24,@0+(@1)+2
                 	LDS  R25,@0+(@1)+3
                 	.ENDM
                 
                 	.MACRO __PUTB1MN
                 	STS  @0+(@1),R30
                 	.ENDM
                 
                 	.MACRO __PUTW1MN
                 	STS  @0+(@1),R30
                 	STS  @0+(@1)+1,R31
                 	.ENDM
                 
                 	.MACRO __PUTD1MN
                 	STS  @0+(@1),R30
                 	STS  @0+(@1)+1,R31
                 	STS  @0+(@1)+2,R22
                 	STS  @0+(@1)+3,R23
                 	.ENDM
                 
                 	.MACRO __PUTB1EN
                 	LDI  R26,LOW(@0+(@1))
                 	LDI  R27,HIGH(@0+(@1))
                 	CALL __EEPROMWRB
                 	.ENDM
                 
                 	.MACRO __PUTW1EN
                 	LDI  R26,LOW(@0+(@1))
                 	LDI  R27,HIGH(@0+(@1))
                 	CALL __EEPROMWRW
                 	.ENDM
                 
                 	.MACRO __PUTD1EN
                 	LDI  R26,LOW(@0+(@1))
                 	LDI  R27,HIGH(@0+(@1))
                 	CALL __EEPROMWRD
                 	.ENDM
                 
                 	.MACRO __PUTBR0MN
                 	STS  @0+(@1),R0
                 	.ENDM
                 
                 	.MACRO __PUTBMRN
                 	STS  @0+(@1),R@2
                 	.ENDM
                 
                 	.MACRO __PUTWMRN
                 	STS  @0+(@1),R@2
                 	STS  @0+(@1)+1,R@3
                 	.ENDM
                 
                 	.MACRO __PUTBZR
                 	STD  Z+@1,R@0
                 	.ENDM
                 
                 	.MACRO __PUTWZR
                 	STD  Z+@2,R@0
                 	STD  Z+@2+1,R@1
                 	.ENDM
                 
                 	.MACRO __GETW1R
                 	MOV  R30,R@0
                 	MOV  R31,R@1
                 	.ENDM
                 
                 	.MACRO __GETW2R
                 	MOV  R26,R@0
                 	MOV  R27,R@1
                 	.ENDM
                 
                 	.MACRO __GETWRN
                 	LDI  R@0,LOW(@2)
                 	LDI  R@1,HIGH(@2)
                 	.ENDM
                 
                 	.MACRO __PUTW1R
                 	MOV  R@0,R30
                 	MOV  R@1,R31
                 	.ENDM
                 
                 	.MACRO __PUTW2R
                 	MOV  R@0,R26
                 	MOV  R@1,R27
                 	.ENDM
                 
                 	.MACRO __ADDWRN
                 	SUBI R@0,LOW(-@2)
                 	SBCI R@1,HIGH(-@2)
                 	.ENDM
                 
                 	.MACRO __ADDWRR
                 	ADD  R@0,R@2
                 	ADC  R@1,R@3
                 	.ENDM
                 
                 	.MACRO __SUBWRN
                 	SUBI R@0,LOW(@2)
                 	SBCI R@1,HIGH(@2)
                 	.ENDM
                 
                 	.MACRO __SUBWRR
                 	SUB  R@0,R@2
                 	SBC  R@1,R@3
                 	.ENDM
                 
                 	.MACRO __ANDWRN
                 	ANDI R@0,LOW(@2)
                 	ANDI R@1,HIGH(@2)
                 	.ENDM
                 
                 	.MACRO __ANDWRR
                 	AND  R@0,R@2
                 	AND  R@1,R@3
                 	.ENDM
                 
                 	.MACRO __ORWRN
                 	ORI  R@0,LOW(@2)
                 	ORI  R@1,HIGH(@2)
                 	.ENDM
                 
                 	.MACRO __ORWRR
                 	OR   R@0,R@2
                 	OR   R@1,R@3
                 	.ENDM
                 
                 	.MACRO __EORWRR
                 	EOR  R@0,R@2
                 	EOR  R@1,R@3
                 	.ENDM
                 
                 	.MACRO __GETWRS
                 	LDD  R@0,Y+@2
                 	LDD  R@1,Y+@2+1
                 	.ENDM
                 
                 	.MACRO __PUTBSR
                 	STD  Y+@1,R@0
                 	.ENDM
                 
                 	.MACRO __PUTWSR
                 	STD  Y+@2,R@0
                 	STD  Y+@2+1,R@1
                 	.ENDM
                 
                 	.MACRO __MOVEWRR
                 	MOV  R@0,R@2
                 	MOV  R@1,R@3
                 	.ENDM
                 
                 	.MACRO __INWR
                 	IN   R@0,@2
                 	IN   R@1,@2+1
                 	.ENDM
                 
                 	.MACRO __OUTWR
                 	OUT  @2+1,R@1
                 	OUT  @2,R@0
                 	.ENDM
                 
                 	.MACRO __CALL1MN
                 	LDS  R30,@0+(@1)
                 	LDS  R31,@0+(@1)+1
                 	ICALL
                 	.ENDM
                 
                 	.MACRO __CALL1FN
                 	LDI  R30,LOW(2*@0+(@1))
                 	LDI  R31,HIGH(2*@0+(@1))
                 	CALL __GETW1PF
                 	ICALL
                 	.ENDM
                 
                 	.MACRO __CALL2EN
                 	PUSH R26
                 	PUSH R27
                 	LDI  R26,LOW(@0+(@1))
                 	LDI  R27,HIGH(@0+(@1))
                 	CALL __EEPROMRDW
                 	POP  R27
                 	POP  R26
                 	ICALL
                 	.ENDM
                 
                 	.MACRO __CALL2EX
                 	SUBI R26,LOW(-@0)
                 	SBCI R27,HIGH(-@0)
                 	CALL __EEPROMRDD
                 	ICALL
                 	.ENDM
                 
                 	.MACRO __GETW1STACK
                 	IN   R30,SPL
                 	IN   R31,SPH
                 	ADIW R30,@0+1
                 	LD   R0,Z+
                 	LD   R31,Z
                 	MOV  R30,R0
                 	.ENDM
                 
                 	.MACRO __GETD1STACK
                 	IN   R30,SPL
                 	IN   R31,SPH
                 	ADIW R30,@0+1
                 	LD   R0,Z+
                 	LD   R1,Z+
                 	LD   R22,Z
                 	MOVW R30,R0
                 	.ENDM
                 
                 	.MACRO __NBST
                 	BST  R@0,@1
                 	IN   R30,SREG
                 	LDI  R31,0x40
                 	EOR  R30,R31
                 	OUT  SREG,R30
                 	.ENDM
                 
                 
                 	.MACRO __PUTB1SN
                 	LDD  R26,Y+@0
                 	LDD  R27,Y+@0+1
                 	SUBI R26,LOW(-@1)
                 	SBCI R27,HIGH(-@1)
                 	ST   X,R30
                 	.ENDM
                 
                 	.MACRO __PUTW1SN
                 	LDD  R26,Y+@0
                 	LDD  R27,Y+@0+1
                 	SUBI R26,LOW(-@1)
                 	SBCI R27,HIGH(-@1)
                 	ST   X+,R30
                 	ST   X,R31
                 	.ENDM
                 
                 	.MACRO __PUTD1SN
                 	LDD  R26,Y+@0
                 	LDD  R27,Y+@0+1
                 	SUBI R26,LOW(-@1)
                 	SBCI R27,HIGH(-@1)
                 	CALL __PUTDP1
                 	.ENDM
                 
                 	.MACRO __PUTB1SNS
                 	LDD  R26,Y+@0
                 	LDD  R27,Y+@0+1
                 	ADIW R26,@1
                 	ST   X,R30
                 	.ENDM
                 
                 	.MACRO __PUTW1SNS
                 	LDD  R26,Y+@0
                 	LDD  R27,Y+@0+1
                 	ADIW R26,@1
                 	ST   X+,R30
                 	ST   X,R31
                 	.ENDM
                 
                 	.MACRO __PUTD1SNS
                 	LDD  R26,Y+@0
                 	LDD  R27,Y+@0+1
                 	ADIW R26,@1
                 	CALL __PUTDP1
                 	.ENDM
                 
                 	.MACRO __PUTB1PMN
                 	LDS  R26,@0
                 	LDS  R27,@0+1
                 	SUBI R26,LOW(-@1)
                 	SBCI R27,HIGH(-@1)
                 	ST   X,R30
                 	.ENDM
                 
                 	.MACRO __PUTW1PMN
                 	LDS  R26,@0
                 	LDS  R27,@0+1
                 	SUBI R26,LOW(-@1)
                 	SBCI R27,HIGH(-@1)
                 	ST   X+,R30
                 	ST   X,R31
                 	.ENDM
                 
                 	.MACRO __PUTD1PMN
                 	LDS  R26,@0
                 	LDS  R27,@0+1
                 	SUBI R26,LOW(-@1)
                 	SBCI R27,HIGH(-@1)
                 	CALL __PUTDP1
                 	.ENDM
                 
                 	.MACRO __PUTB1PMNS
                 	LDS  R26,@0
                 	LDS  R27,@0+1
                 	ADIW R26,@1
                 	ST   X,R30
                 	.ENDM
                 
                 	.MACRO __PUTW1PMNS
                 	LDS  R26,@0
                 	LDS  R27,@0+1
                 	ADIW R26,@1
                 	ST   X+,R30
                 	ST   X,R31
                 	.ENDM
                 
                 	.MACRO __PUTD1PMNS
                 	LDS  R26,@0
                 	LDS  R27,@0+1
                 	ADIW R26,@1
                 	CALL __PUTDP1
                 	.ENDM
                 
                 	.MACRO __PUTB1RN
                 	MOVW R26,R@0
                 	SUBI R26,LOW(-@1)
                 	SBCI R27,HIGH(-@1)
                 	ST   X,R30
                 	.ENDM
                 
                 	.MACRO __PUTW1RN
                 	MOVW R26,R@0
                 	SUBI R26,LOW(-@1)
                 	SBCI R27,HIGH(-@1)
                 	ST   X+,R30
                 	ST   X,R31
                 	.ENDM
                 
                 	.MACRO __PUTD1RN
                 	MOVW R26,R@0
                 	SUBI R26,LOW(-@1)
                 	SBCI R27,HIGH(-@1)
                 	CALL __PUTDP1
                 	.ENDM
                 
                 	.MACRO __PUTB1RNS
                 	MOVW R26,R@0
                 	ADIW R26,@1
                 	ST   X,R30
                 	.ENDM
                 
                 	.MACRO __PUTW1RNS
                 	MOVW R26,R@0
                 	ADIW R26,@1
                 	ST   X+,R30
                 	ST   X,R31
                 	.ENDM
                 
                 	.MACRO __PUTD1RNS
                 	MOVW R26,R@0
                 	ADIW R26,@1
                 	CALL __PUTDP1
                 	.ENDM
                 
                 	.MACRO __PUTB1RON
                 	MOV  R26,R@0
                 	MOV  R27,R@1
                 	SUBI R26,LOW(-@2)
                 	SBCI R27,HIGH(-@2)
                 	ST   X,R30
                 	.ENDM
                 
                 	.MACRO __PUTW1RON
                 	MOV  R26,R@0
                 	MOV  R27,R@1
                 	SUBI R26,LOW(-@2)
                 	SBCI R27,HIGH(-@2)
                 	ST   X+,R30
                 	ST   X,R31
                 	.ENDM
                 
                 	.MACRO __PUTD1RON
                 	MOV  R26,R@0
                 	MOV  R27,R@1
                 	SUBI R26,LOW(-@2)
                 	SBCI R27,HIGH(-@2)
                 	CALL __PUTDP1
                 	.ENDM
                 
                 	.MACRO __PUTB1RONS
                 	MOV  R26,R@0
                 	MOV  R27,R@1
                 	ADIW R26,@2
                 	ST   X,R30
                 	.ENDM
                 
                 	.MACRO __PUTW1RONS
                 	MOV  R26,R@0
                 	MOV  R27,R@1
                 	ADIW R26,@2
                 	ST   X+,R30
                 	ST   X,R31
                 	.ENDM
                 
                 	.MACRO __PUTD1RONS
                 	MOV  R26,R@0
                 	MOV  R27,R@1
                 	ADIW R26,@2
                 	CALL __PUTDP1
                 	.ENDM
                 
                 
                 	.MACRO __GETB1SX
                 	MOVW R30,R28
                 	SUBI R30,LOW(-@0)
                 	SBCI R31,HIGH(-@0)
                 	LD   R30,Z
                 	.ENDM
                 
                 	.MACRO __GETB1HSX
                 	MOVW R30,R28
                 	SUBI R30,LOW(-@0)
                 	SBCI R31,HIGH(-@0)
                 	LD   R31,Z
                 	.ENDM
                 
                 	.MACRO __GETW1SX
                 	MOVW R30,R28
                 	SUBI R30,LOW(-@0)
                 	SBCI R31,HIGH(-@0)
                 	LD   R0,Z+
                 	LD   R31,Z
                 	MOV  R30,R0
                 	.ENDM
                 
                 	.MACRO __GETD1SX
                 	MOVW R30,R28
                 	SUBI R30,LOW(-@0)
                 	SBCI R31,HIGH(-@0)
                 	LD   R0,Z+
                 	LD   R1,Z+
                 	LD   R22,Z+
                 	LD   R23,Z
                 	MOVW R30,R0
                 	.ENDM
                 
                 	.MACRO __GETB2SX
                 	MOVW R26,R28
                 	SUBI R26,LOW(-@0)
                 	SBCI R27,HIGH(-@0)
                 	LD   R26,X
                 	.ENDM
                 
                 	.MACRO __GETW2SX
                 	MOVW R26,R28
                 	SUBI R26,LOW(-@0)
                 	SBCI R27,HIGH(-@0)
                 	LD   R0,X+
                 	LD   R27,X
                 	MOV  R26,R0
                 	.ENDM
                 
                 	.MACRO __GETD2SX
                 	MOVW R26,R28
                 	SUBI R26,LOW(-@0)
                 	SBCI R27,HIGH(-@0)
                 	LD   R0,X+
                 	LD   R1,X+
                 	LD   R24,X+
                 	LD   R25,X
                 	MOVW R26,R0
                 	.ENDM
                 
                 	.MACRO __GETBRSX
                 	MOVW R30,R28
                 	SUBI R30,LOW(-@1)
                 	SBCI R31,HIGH(-@1)
                 	LD   R@0,Z
                 	.ENDM
                 
                 	.MACRO __GETWRSX
                 	MOVW R30,R28
                 	SUBI R30,LOW(-@2)
                 	SBCI R31,HIGH(-@2)
                 	LD   R@0,Z+
                 	LD   R@1,Z
                 	.ENDM
                 
                 	.MACRO __GETBRSX2
                 	MOVW R26,R28
                 	SUBI R26,LOW(-@1)
                 	SBCI R27,HIGH(-@1)
                 	LD   R@0,X
                 	.ENDM
                 
                 	.MACRO __GETWRSX2
                 	MOVW R26,R28
                 	SUBI R26,LOW(-@2)
                 	SBCI R27,HIGH(-@2)
                 	LD   R@0,X+
                 	LD   R@1,X
                 	.ENDM
                 
                 	.MACRO __LSLW8SX
                 	MOVW R30,R28
                 	SUBI R30,LOW(-@0)
                 	SBCI R31,HIGH(-@0)
                 	LD   R31,Z
                 	CLR  R30
                 	.ENDM
                 
                 	.MACRO __PUTB1SX
                 	MOVW R26,R28
                 	SUBI R26,LOW(-@0)
                 	SBCI R27,HIGH(-@0)
                 	ST   X,R30
                 	.ENDM
                 
                 	.MACRO __PUTW1SX
                 	MOVW R26,R28
                 	SUBI R26,LOW(-@0)
                 	SBCI R27,HIGH(-@0)
                 	ST   X+,R30
                 	ST   X,R31
                 	.ENDM
                 
                 	.MACRO __PUTD1SX
                 	MOVW R26,R28
                 	SUBI R26,LOW(-@0)
                 	SBCI R27,HIGH(-@0)
                 	ST   X+,R30
                 	ST   X+,R31
                 	ST   X+,R22
                 	ST   X,R23
                 	.ENDM
                 
                 	.MACRO __CLRW1SX
                 	MOVW R26,R28
                 	SUBI R26,LOW(-@0)
                 	SBCI R27,HIGH(-@0)
                 	ST   X+,R30
                 	ST   X,R30
                 	.ENDM
                 
                 	.MACRO __CLRD1SX
                 	MOVW R26,R28
                 	SUBI R26,LOW(-@0)
                 	SBCI R27,HIGH(-@0)
                 	ST   X+,R30
                 	ST   X+,R30
                 	ST   X+,R30
                 	ST   X,R30
                 	.ENDM
                 
                 	.MACRO __PUTB2SX
                 	MOVW R30,R28
                 	SUBI R30,LOW(-@0)
                 	SBCI R31,HIGH(-@0)
                 	ST   Z,R26
                 	.ENDM
                 
                 	.MACRO __PUTW2SX
                 	MOVW R30,R28
                 	SUBI R30,LOW(-@0)
                 	SBCI R31,HIGH(-@0)
                 	ST   Z+,R26
                 	ST   Z,R27
                 	.ENDM
                 
                 	.MACRO __PUTD2SX
                 	MOVW R30,R28
                 	SUBI R30,LOW(-@0)
                 	SBCI R31,HIGH(-@0)
                 	ST   Z+,R26
                 	ST   Z+,R27
                 	ST   Z+,R24
                 	ST   Z,R25
                 	.ENDM
                 
                 	.MACRO __PUTBSRX
                 	MOVW R30,R28
                 	SUBI R30,LOW(-@1)
                 	SBCI R31,HIGH(-@1)
                 	ST   Z,R@0
                 	.ENDM
                 
                 	.MACRO __PUTWSRX
                 	MOVW R30,R28
                 	SUBI R30,LOW(-@2)
                 	SBCI R31,HIGH(-@2)
                 	ST   Z+,R@0
                 	ST   Z,R@1
                 	.ENDM
                 
                 	.MACRO __PUTB1SNX
                 	MOVW R26,R28
                 	SUBI R26,LOW(-@0)
                 	SBCI R27,HIGH(-@0)
                 	LD   R0,X+
                 	LD   R27,X
                 	MOV  R26,R0
                 	SUBI R26,LOW(-@1)
                 	SBCI R27,HIGH(-@1)
                 	ST   X,R30
                 	.ENDM
                 
                 	.MACRO __PUTW1SNX
                 	MOVW R26,R28
                 	SUBI R26,LOW(-@0)
                 	SBCI R27,HIGH(-@0)
                 	LD   R0,X+
                 	LD   R27,X
                 	MOV  R26,R0
                 	SUBI R26,LOW(-@1)
                 	SBCI R27,HIGH(-@1)
                 	ST   X+,R30
                 	ST   X,R31
                 	.ENDM
                 
                 	.MACRO __PUTD1SNX
                 	MOVW R26,R28
                 	SUBI R26,LOW(-@0)
                 	SBCI R27,HIGH(-@0)
                 	LD   R0,X+
                 	LD   R27,X
                 	MOV  R26,R0
                 	SUBI R26,LOW(-@1)
                 	SBCI R27,HIGH(-@1)
                 	ST   X+,R30
                 	ST   X+,R31
                 	ST   X+,R22
                 	ST   X,R23
                 	.ENDM
                 
                 	.MACRO __MULBRR
                 	MULS R@0,R@1
                 	MOVW R30,R0
                 	.ENDM
                 
                 	.MACRO __MULBRRU
                 	MUL  R@0,R@1
                 	MOVW R30,R0
                 	.ENDM
                 
                 	.MACRO __MULBRR0
                 	MULS R@0,R@1
                 	.ENDM
                 
                 	.MACRO __MULBRRU0
                 	MUL  R@0,R@1
                 	.ENDM
                 
                 	.MACRO __MULBNWRU
                 	LDI  R26,@2
                 	MUL  R26,R@0
                 	MOVW R30,R0
                 	MUL  R26,R@1
                 	ADD  R31,R0
                 	.ENDM
                 
                 ;NAME DEFINITIONS FOR GLOBAL VARIABLES ALLOCATED TO REGISTERS
                 	.DEF __lcd_x=R5
                 	.DEF __lcd_y=R4
                 	.DEF __lcd_maxx=R7
                 
                 	.CSEG
                 	.ORG 0x00
                 
                 ;START OF CODE MARKER
                 __START_OF_CODE:
                 
                 ;INTERRUPT VECTORS
000000 940c 0048 	JMP  __RESET
000002 940c 0000 	JMP  0x00
000004 940c 0000 	JMP  0x00
000006 940c 0000 	JMP  0x00
000008 940c 0000 	JMP  0x00
00000a 940c 0000 	JMP  0x00
00000c 940c 0000 	JMP  0x00
00000e 940c 0000 	JMP  0x00
000010 940c 0000 	JMP  0x00
000012 940c 0000 	JMP  0x00
000014 940c 0000 	JMP  0x00
000016 940c 0000 	JMP  0x00
000018 940c 0000 	JMP  0x00
00001a 940c 0000 	JMP  0x00
00001c 940c 0000 	JMP  0x00
00001e 940c 0000 	JMP  0x00
000020 940c 0000 	JMP  0x00
000022 940c 0000 	JMP  0x00
000024 940c 0000 	JMP  0x00
000026 940c 0000 	JMP  0x00
000028 940c 0000 	JMP  0x00
                 
                 _0x0:
00002a 4d4c
00002b 3533
00002c 5320
00002d 6e65      	.DB  0x4C,0x4D,0x33,0x35,0x20,0x53,0x65,0x6E
00002e 6f73
00002f 0072
000030 6554
000031 706d      	.DB  0x73,0x6F,0x72,0x0,0x54,0x65,0x6D,0x70
000032 3a20
E:\University\00012-MP-L\7\Debug\List\program.asm(1124): warning: .cseg .db misalignment - padding zero byte
000033 0000      	.DB  0x20,0x3A,0x0
                 _0x2000060:
E:\University\00012-MP-L\7\Debug\List\program.asm(1126): warning: .cseg .db misalignment - padding zero byte
000034 0001      	.DB  0x1
                 _0x2000000:
000035 4e2d
000036 4e41
000037 4900
000038 464e      	.DB  0x2D,0x4E,0x41,0x4E,0x0,0x49,0x4E,0x46
E:\University\00012-MP-L\7\Debug\List\program.asm(1129): warning: .cseg .db misalignment - padding zero byte
000039 0000      	.DB  0x0
                 _0x2020003:
00003a c080      	.DB  0x80,0xC0
                 
                 __GLOBAL_INI_TBL:
00003b 000c      	.DW  0x0C
00003c 0260      	.DW  _0x6
00003d 0054      	.DW  _0x0*2
                 
00003e 0007      	.DW  0x07
00003f 026c      	.DW  _0x6+12
000040 0060      	.DW  _0x0*2+12
                 
000041 0001      	.DW  0x01
000042 0273      	.DW  __seed_G100
000043 0068      	.DW  _0x2000060*2
                 
000044 0002      	.DW  0x02
000045 0277      	.DW  __base_y_G101
000046 0074      	.DW  _0x2020003*2
                 
                 _0xFFFFFFFF:
000047 0000      	.DW  0
                 
                 #define __GLOBAL_INI_TBL_PRESENT 1
                 
                 __RESET:
000048 94f8      	CLI
000049 27ee      	CLR  R30
00004a bbec      	OUT  EECR,R30
                 
                 ;INTERRUPT VECTORS ARE PLACED
                 ;AT THE START OF FLASH
00004b e0f1      	LDI  R31,1
00004c bffb      	OUT  GICR,R31
00004d bfeb      	OUT  GICR,R30
00004e bfe5      	OUT  MCUCR,R30
                 
                 ;CLEAR R2-R14
00004f e08d      	LDI  R24,(14-2)+1
000050 e0a2      	LDI  R26,2
000051 27bb      	CLR  R27
                 __CLEAR_REG:
000052 93ed      	ST   X+,R30
000053 958a      	DEC  R24
000054 f7e9      	BRNE __CLEAR_REG
                 
                 ;CLEAR SRAM
000055 e080      	LDI  R24,LOW(__CLEAR_SRAM_SIZE)
000056 e098      	LDI  R25,HIGH(__CLEAR_SRAM_SIZE)
000057 e6a0      	LDI  R26,__SRAM_START
                 __CLEAR_SRAM:
000058 93ed      	ST   X+,R30
000059 9701      	SBIW R24,1
00005a f7e9      	BRNE __CLEAR_SRAM
                 
                 ;GLOBAL VARIABLES INITIALIZATION
00005b e7e6      	LDI  R30,LOW(__GLOBAL_INI_TBL*2)
00005c e0f0      	LDI  R31,HIGH(__GLOBAL_INI_TBL*2)
                 __GLOBAL_INI_NEXT:
00005d 9185      	LPM  R24,Z+
00005e 9195      	LPM  R25,Z+
00005f 9700      	SBIW R24,0
000060 f061      	BREQ __GLOBAL_INI_END
000061 91a5      	LPM  R26,Z+
000062 91b5      	LPM  R27,Z+
000063 9005      	LPM  R0,Z+
000064 9015      	LPM  R1,Z+
000065 01bf      	MOVW R22,R30
000066 01f0      	MOVW R30,R0
                 __GLOBAL_INI_LOOP:
000067 9005      	LPM  R0,Z+
000068 920d      	ST   X+,R0
000069 9701      	SBIW R24,1
00006a f7e1      	BRNE __GLOBAL_INI_LOOP
00006b 01fb      	MOVW R30,R22
00006c cff0      	RJMP __GLOBAL_INI_NEXT
                 __GLOBAL_INI_END:
                 
                 ;HARDWARE STACK POINTER INITIALIZATION
00006d e5ef      	LDI  R30,LOW(__SRAM_END-__HEAP_SIZE)
00006e bfed      	OUT  SPL,R30
00006f e0e8      	LDI  R30,HIGH(__SRAM_END-__HEAP_SIZE)
000070 bfee      	OUT  SPH,R30
                 
                 ;DATA STACK POINTER INITIALIZATION
000071 e6c0      	LDI  R28,LOW(__SRAM_START+__DSTACK_SIZE)
000072 e0d2      	LDI  R29,HIGH(__SRAM_START+__DSTACK_SIZE)
                 
000073 940c 00a7 	JMP  _main
                 
                 	.ESEG
                 	.ORG 0
                 
                 	.DSEG
                 	.ORG 0x260
                 
                 	.CSEG
                 ;/*******************************************************
                 ;This program was created by the
                 ;CodeWizardAVR V3.12 Advanced
                 ;Automatic Program Generator
                 ;© Copyright 1998-2014 Pavel Haiduc, HP InfoTech s.r.l.
                 ;http://www.hpinfotech.com
                 ;
                 ;Project :
                 ;Version :
                 ;Date    : 4/18/2022
                 ;Author  :
                 ;Company :
                 ;Comments:
                 ;
                 ;
                 ;Chip type               : ATmega32
                 ;Program type            : Application
                 ;AVR Core Clock frequency: 8.000000 MHz
                 ;Memory model            : Small
                 ;External RAM size       : 0
                 ;Data Stack size         : 512
                 ;*******************************************************/
                 ;
                 ;#include <mega32.h>
                 	#ifndef __SLEEP_DEFINED__
                 	#define __SLEEP_DEFINED__
                 	.EQU __se_bit=0x80
                 	.EQU __sm_mask=0x70
                 	.EQU __sm_powerdown=0x20
                 	.EQU __sm_powersave=0x30
                 	.EQU __sm_standby=0x60
                 	.EQU __sm_ext_standby=0x70
                 	.EQU __sm_adc_noise_red=0x10
                 	.SET power_ctrl_reg=mcucr
                 	#endif
                 ;#include <stdlib.h>
                 ;#include <delay.h>
                 ;
                 ;// Alphanumeric LCD functions
                 ;#include <alcd.h>
                 ;
                 ;// Declare your global variables here
                 ;
                 ;// Voltage Reference: AVCC pin
                 ;#define ADC_VREF_TYPE ((0<<REFS1) | (1<<REFS0) | (0<<ADLAR))
                 ;
                 ;// Read the AD conversion result
                 ;unsigned int read_adc(unsigned char adc_input)
                 ; 0000 0026 {
                 
                 	.CSEG
                 _read_adc:
                 ; .FSTART _read_adc
                 ; 0000 0027 ADMUX=adc_input | ADC_VREF_TYPE;
000075 93aa      	ST   -Y,R26
                 ;	adc_input -> Y+0
000076 81e8      	LD   R30,Y
000077 64e0      	ORI  R30,0x40
000078 b9e7      	OUT  0x7,R30
                 ; 0000 0028 // Delay needed for the stabilization of the ADC input voltage
                 ; 0000 0029 delay_us(10);
                +
000079 e18b     +LDI R24 , LOW ( 27 )
                +__DELAY_USB_LOOP :
00007a 958a     +DEC R24
00007b f7f1     +BRNE __DELAY_USB_LOOP
                 	__DELAY_USB 27
                 ; 0000 002A // Start the AD conversion
                 ; 0000 002B ADCSRA|=(1<<ADSC);
00007c 9a36      	SBI  0x6,6
                 ; 0000 002C // Wait for the AD conversion to complete
                 ; 0000 002D while ((ADCSRA & (1<<ADIF))==0);
                 _0x3:
00007d 9b34      	SBIS 0x6,4
00007e cffe      	RJMP _0x3
                 ; 0000 002E ADCSRA|=(1<<ADIF);
00007f 9a34      	SBI  0x6,4
                 ; 0000 002F return ADCW;
000080 b1e4      	IN   R30,0x4
000081 b1f5      	IN   R31,0x4+1
000082 940c 0252 	JMP  _0x20A0002
                 ; 0000 0030 }
                 ; .FEND
                 ;void show(int value) {
                 ; 0000 0031 void show(int value) {
                 _show:
                 ; .FSTART _show
                 ; 0000 0032     char text[3];
                 ; 0000 0033     ftoa(value,2,text);
000084 93ba      	ST   -Y,R27
000085 93aa      	ST   -Y,R26
000086 9723      	SBIW R28,3
                 ;	value -> Y+3
                 ;	text -> Y+0
000087 81eb      	LDD  R30,Y+3
000088 81fc      	LDD  R31,Y+3+1
000089 940e 02a9 	CALL SUBOPT_0x0
00008b 940e 04f5 	CALL __PUTPARD1
00008d e0e2      	LDI  R30,LOW(2)
00008e 93ea      	ST   -Y,R30
00008f 01de      	MOVW R26,R28
000090 9615      	ADIW R26,5
000091 940e 00fe 	CALL _ftoa
                 ; 0000 0034     lcd_gotoxy(9,1);
000093 e0e9      	LDI  R30,LOW(9)
000094 940e 02ae 	CALL SUBOPT_0x1
                 ; 0000 0035     lcd_puts(text);
000096 01de      	MOVW R26,R28
000097 940e 0215 	CALL _lcd_puts
                 ; 0000 0036     lcd_gotoxy(13,1);
000099 e0ed      	LDI  R30,LOW(13)
00009a 940e 02ae 	CALL SUBOPT_0x1
                 ; 0000 0037     lcd_putchar(223);
00009c edaf      	LDI  R26,LOW(223)
00009d 940e 0200 	CALL _lcd_putchar
                 ; 0000 0038     lcd_gotoxy(14,1);
00009f e0ee      	LDI  R30,LOW(14)
0000a0 940e 02ae 	CALL SUBOPT_0x1
                 ; 0000 0039     lcd_putchar('C');
0000a2 e4a3      	LDI  R26,LOW(67)
0000a3 940e 0200 	CALL _lcd_putchar
                 ; 0000 003A 
                 ; 0000 003B }
0000a5 9625      	ADIW R28,5
0000a6 9508      	RET
                 ; .FEND
                 ;
                 ;void main(void)
                 ; 0000 003E {
                 _main:
                 ; .FSTART _main
                 ; 0000 003F // Declare your local variables here
                 ; 0000 0040     int temprature;
                 ; 0000 0041 // Input/Output Ports initialization
                 ; 0000 0042 // Port A initialization
                 ; 0000 0043 // Function: Bit7=In Bit6=In Bit5=In Bit4=In Bit3=In Bit2=In Bit1=In Bit0=In
                 ; 0000 0044 DDRA=0x00;
                 ;	temprature -> R16,R17
0000a7 e0e0      	LDI  R30,LOW(0)
0000a8 bbea      	OUT  0x1A,R30
                 ; 0000 0045 // State: Bit7=T Bit6=T Bit5=T Bit4=T Bit3=T Bit2=T Bit1=T Bit0=T
                 ; 0000 0046 PORTA=0x01;
0000a9 e0e1      	LDI  R30,LOW(1)
0000aa bbeb      	OUT  0x1B,R30
                 ; 0000 0047 
                 ; 0000 0048 // Port B initialization
                 ; 0000 0049 // Function: Bit7=In Bit6=In Bit5=In Bit4=In Bit3=In Bit2=In Bit1=In Bit0=In
                 ; 0000 004A 
                 ; 0000 004B // State: Bit7=T Bit6=T Bit5=T Bit4=T Bit3=T Bit2=T Bit1=T Bit0=T
                 ; 0000 004C PORTB=(0<<PORTB7) | (0<<PORTB6) | (0<<PORTB5) | (0<<PORTB4) | (0<<PORTB3) | (0<<PORTB2) | (0<<PORTB1) | (0<<PORTB0);
0000ab e0e0      	LDI  R30,LOW(0)
0000ac bbe8      	OUT  0x18,R30
                 ; 0000 004D 
                 ; 0000 004E // Port C initialization
                 ; 0000 004F // Function: Bit7=In Bit6=In Bit5=In Bit4=In Bit3=In Bit2=In Bit1=In Bit0=In
                 ; 0000 0050 DDRC=(0<<DDC7) | (0<<DDC6) | (0<<DDC5) | (0<<DDC4) | (0<<DDC3) | (0<<DDC2) | (0<<DDC1) | (0<<DDC0);
0000ad bbe4      	OUT  0x14,R30
                 ; 0000 0051 // State: Bit7=T Bit6=T Bit5=T Bit4=T Bit3=T Bit2=T Bit1=T Bit0=T
                 ; 0000 0052 PORTC=(0<<PORTC7) | (0<<PORTC6) | (0<<PORTC5) | (0<<PORTC4) | (0<<PORTC3) | (0<<PORTC2) | (0<<PORTC1) | (0<<PORTC0);
0000ae bbe5      	OUT  0x15,R30
                 ; 0000 0053 
                 ; 0000 0054 // Port D initialization
                 ; 0000 0055 // Function: Bit7=In Bit6=In Bit5=In Bit4=In Bit3=In Bit2=In Bit1=In Bit0=In
                 ; 0000 0056 DDRD=(0<<DDD7) | (0<<DDD6) | (0<<DDD5) | (0<<DDD4) | (0<<DDD3) | (0<<DDD2) | (0<<DDD1) | (0<<DDD0);
0000af bbe1      	OUT  0x11,R30
                 ; 0000 0057 // State: Bit7=T Bit6=T Bit5=T Bit4=T Bit3=T Bit2=T Bit1=T Bit0=T
                 ; 0000 0058 PORTD=(0<<PORTD7) | (0<<PORTD6) | (0<<PORTD5) | (0<<PORTD4) | (0<<PORTD3) | (0<<PORTD2) | (0<<PORTD1) | (0<<PORTD0);
0000b0 bbe2      	OUT  0x12,R30
                 ; 0000 0059 
                 ; 0000 005A // Timer/Counter 0 initialization
                 ; 0000 005B // Clock source: System Clock
                 ; 0000 005C // Clock value: Timer 0 Stopped
                 ; 0000 005D // Mode: Normal top=0xFF
                 ; 0000 005E // OC0 output: Disconnected
                 ; 0000 005F TCCR0=(0<<WGM00) | (0<<COM01) | (0<<COM00) | (0<<WGM01) | (0<<CS02) | (0<<CS01) | (0<<CS00);
0000b1 bfe3      	OUT  0x33,R30
                 ; 0000 0060 TCNT0=0x00;
0000b2 bfe2      	OUT  0x32,R30
                 ; 0000 0061 OCR0=0x00;
0000b3 bfec      	OUT  0x3C,R30
                 ; 0000 0062 
                 ; 0000 0063 // Timer/Counter 1 initialization
                 ; 0000 0064 // Clock source: System Clock
                 ; 0000 0065 // Clock value: Timer1 Stopped
                 ; 0000 0066 // Mode: Normal top=0xFFFF
                 ; 0000 0067 // OC1A output: Disconnected
                 ; 0000 0068 // OC1B output: Disconnected
                 ; 0000 0069 // Noise Canceler: Off
                 ; 0000 006A // Input Capture on Falling Edge
                 ; 0000 006B // Timer1 Overflow Interrupt: Off
                 ; 0000 006C // Input Capture Interrupt: Off
                 ; 0000 006D // Compare A Match Interrupt: Off
                 ; 0000 006E // Compare B Match Interrupt: Off
                 ; 0000 006F TCCR1A=(0<<COM1A1) | (0<<COM1A0) | (0<<COM1B1) | (0<<COM1B0) | (0<<WGM11) | (0<<WGM10);
0000b4 bdef      	OUT  0x2F,R30
                 ; 0000 0070 TCCR1B=(0<<ICNC1) | (0<<ICES1) | (0<<WGM13) | (0<<WGM12) | (0<<CS12) | (0<<CS11) | (0<<CS10);
0000b5 bdee      	OUT  0x2E,R30
                 ; 0000 0071 TCNT1H=0x00;
0000b6 bded      	OUT  0x2D,R30
                 ; 0000 0072 TCNT1L=0x00;
0000b7 bdec      	OUT  0x2C,R30
                 ; 0000 0073 ICR1H=0x00;
0000b8 bde7      	OUT  0x27,R30
                 ; 0000 0074 ICR1L=0x00;
0000b9 bde6      	OUT  0x26,R30
                 ; 0000 0075 OCR1AH=0x00;
0000ba bdeb      	OUT  0x2B,R30
                 ; 0000 0076 OCR1AL=0x00;
0000bb bdea      	OUT  0x2A,R30
                 ; 0000 0077 OCR1BH=0x00;
0000bc bde9      	OUT  0x29,R30
                 ; 0000 0078 OCR1BL=0x00;
0000bd bde8      	OUT  0x28,R30
                 ; 0000 0079 
                 ; 0000 007A // Timer/Counter 2 initialization
                 ; 0000 007B // Clock source: System Clock
                 ; 0000 007C // Clock value: Timer2 Stopped
                 ; 0000 007D // Mode: Normal top=0xFF
                 ; 0000 007E // OC2 output: Disconnected
                 ; 0000 007F ASSR=0<<AS2;
0000be bde2      	OUT  0x22,R30
                 ; 0000 0080 TCCR2=(0<<PWM2) | (0<<COM21) | (0<<COM20) | (0<<CTC2) | (0<<CS22) | (0<<CS21) | (0<<CS20);
0000bf bde5      	OUT  0x25,R30
                 ; 0000 0081 TCNT2=0x00;
0000c0 bde4      	OUT  0x24,R30
                 ; 0000 0082 OCR2=0x00;
0000c1 bde3      	OUT  0x23,R30
                 ; 0000 0083 
                 ; 0000 0084 // Timer(s)/Counter(s) Interrupt(s) initialization
                 ; 0000 0085 TIMSK=(0<<OCIE2) | (0<<TOIE2) | (0<<TICIE1) | (0<<OCIE1A) | (0<<OCIE1B) | (0<<TOIE1) | (0<<OCIE0) | (0<<TOIE0);
0000c2 bfe9      	OUT  0x39,R30
                 ; 0000 0086 
                 ; 0000 0087 // External Interrupt(s) initialization
                 ; 0000 0088 // INT0: Off
                 ; 0000 0089 // INT1: Off
                 ; 0000 008A // INT2: Off
                 ; 0000 008B MCUCR=(0<<ISC11) | (0<<ISC10) | (0<<ISC01) | (0<<ISC00);
0000c3 bfe5      	OUT  0x35,R30
                 ; 0000 008C MCUCSR=(0<<ISC2);
0000c4 bfe4      	OUT  0x34,R30
                 ; 0000 008D 
                 ; 0000 008E // USART initialization
                 ; 0000 008F // USART disabled
                 ; 0000 0090 UCSRB=(0<<RXCIE) | (0<<TXCIE) | (0<<UDRIE) | (0<<RXEN) | (0<<TXEN) | (0<<UCSZ2) | (0<<RXB8) | (0<<TXB8);
0000c5 b9ea      	OUT  0xA,R30
                 ; 0000 0091 
                 ; 0000 0092 // Analog Comparator initialization
                 ; 0000 0093 // Analog Comparator: Off
                 ; 0000 0094 // The Analog Comparator's positive input is
                 ; 0000 0095 // connected to the AIN0 pin
                 ; 0000 0096 // The Analog Comparator's negative input is
                 ; 0000 0097 // connected to the AIN1 pin
                 ; 0000 0098 ACSR=(1<<ACD) | (0<<ACBG) | (0<<ACO) | (0<<ACI) | (0<<ACIE) | (0<<ACIC) | (0<<ACIS1) | (0<<ACIS0);
0000c6 e8e0      	LDI  R30,LOW(128)
0000c7 b9e8      	OUT  0x8,R30
                 ; 0000 0099 
                 ; 0000 009A // ADC initialization
                 ; 0000 009B // ADC Clock frequency: 250.000 kHz
                 ; 0000 009C // ADC Voltage Reference: AVCC pin
                 ; 0000 009D // ADC Auto Trigger Source: ADC Stopped
                 ; 0000 009E ADMUX |= (1<<MUX0);
0000c8 9a38      	SBI  0x7,0
                 ; 0000 009F //ADMUX=ADC_VREF_TYPE;
                 ; 0000 00A0 ADCSRA=(1<<ADEN) | (0<<ADSC) | (0<<ADATE) | (0<<ADIF) | (0<<ADIE) | (1<<ADPS2) | (0<<ADPS1) | (1<<ADPS0);
0000c9 e8e5      	LDI  R30,LOW(133)
0000ca b9e6      	OUT  0x6,R30
                 ; 0000 00A1 SFIOR=(0<<ADTS2) | (0<<ADTS1) | (0<<ADTS0);
0000cb e0e0      	LDI  R30,LOW(0)
0000cc bfe0      	OUT  0x30,R30
                 ; 0000 00A2 
                 ; 0000 00A3 // SPI initialization
                 ; 0000 00A4 // SPI disabled
                 ; 0000 00A5 SPCR=(0<<SPIE) | (0<<SPE) | (0<<DORD) | (0<<MSTR) | (0<<CPOL) | (0<<CPHA) | (0<<SPR1) | (0<<SPR0);
0000cd b9ed      	OUT  0xD,R30
                 ; 0000 00A6 
                 ; 0000 00A7 // TWI initialization
                 ; 0000 00A8 // TWI disabled
                 ; 0000 00A9 TWCR=(0<<TWEA) | (0<<TWSTA) | (0<<TWSTO) | (0<<TWEN) | (0<<TWIE);
0000ce bfe6      	OUT  0x36,R30
                 ; 0000 00AA 
                 ; 0000 00AB // Alphanumeric LCD initialization
                 ; 0000 00AC // Connections are specified in the
                 ; 0000 00AD // Project|Configure|C Compiler|Libraries|Alphanumeric LCD menu:
                 ; 0000 00AE // RS - PORTC Bit 0
                 ; 0000 00AF // RD - PORTC Bit 1
                 ; 0000 00B0 // EN - PORTC Bit 2
                 ; 0000 00B1 // D4 - PORTC Bit 4
                 ; 0000 00B2 // D5 - PORTC Bit 5
                 ; 0000 00B3 // D6 - PORTC Bit 6
                 ; 0000 00B4 // D7 - PORTC Bit 7
                 ; 0000 00B5 // Characters/line: 16
                 ; 0000 00B6 lcd_init(16);
0000cf e1a0      	LDI  R26,LOW(16)
0000d0 940e 0226 	CALL _lcd_init
                 ; 0000 00B7 lcd_gotoxy(3, 0);
0000d2 e0e3      	LDI  R30,LOW(3)
0000d3 93ea      	ST   -Y,R30
0000d4 e0a0      	LDI  R26,LOW(0)
0000d5 940e 01e7 	CALL _lcd_gotoxy
                 ; 0000 00B8 lcd_puts("LM35 Sensor");
                +
0000d7 e6a0     +LDI R26 , LOW ( _0x6 + ( 0 ) )
0000d8 e0b2     +LDI R27 , HIGH ( _0x6 + ( 0 ) )
                 	__POINTW2MN _0x6,0
0000d9 940e 0215 	CALL _lcd_puts
                 ; 0000 00B9 lcd_gotoxy(2, 1);
0000db e0e2      	LDI  R30,LOW(2)
0000dc 940e 02ae 	CALL SUBOPT_0x1
                 ; 0000 00BA lcd_puts("Temp :");
                +
0000de e6ac     +LDI R26 , LOW ( _0x6 + ( 12 ) )
0000df e0b2     +LDI R27 , HIGH ( _0x6 + ( 12 ) )
                 	__POINTW2MN _0x6,12
0000e0 940e 0215 	CALL _lcd_puts
                 ; 0000 00BB 
                 ; 0000 00BC while (1)
                 _0x7:
                 ; 0000 00BD       {
                 ; 0000 00BE         //ADCSRA = ADCSRA | (1 << ADSC);
                 ; 0000 00BF         temprature = read_adc(0);
0000e2 e0a0      	LDI  R26,LOW(0)
0000e3 df91      	RCALL _read_adc
0000e4 018f      	MOVW R16,R30
                 ; 0000 00C0         temprature = temprature * 4.8898;
0000e5 940e 02a9 	CALL SUBOPT_0x0
                +
0000e7 e3ae     +LDI R26 , LOW ( 0x409C793E )
0000e8 e7b9     +LDI R27 , HIGH ( 0x409C793E )
0000e9 e98c     +LDI R24 , BYTE3 ( 0x409C793E )
0000ea e490     +LDI R25 , BYTE4 ( 0x409C793E )
                 	__GETD2N 0x409C793E
0000eb 940e 03fc 	CALL __MULF12
0000ed 940e 033b 	CALL __CFD1
0000ef 018f      	MOVW R16,R30
                 ; 0000 00C1         temprature = temprature / 10;
0000f0 01d8      	MOVW R26,R16
0000f1 e0ea      	LDI  R30,LOW(10)
0000f2 e0f0      	LDI  R31,HIGH(10)
0000f3 940e 04d3 	CALL __DIVW21
0000f5 018f      	MOVW R16,R30
                 ; 0000 00C2         show(temprature);
0000f6 01d8      	MOVW R26,R16
0000f7 df8c      	RCALL _show
                 ; 0000 00C3         delay_ms(100);
0000f8 e6a4      	LDI  R26,LOW(100)
0000f9 e0b0      	LDI  R27,0
0000fa 940e 02fc 	CALL _delay_ms
                 ; 0000 00C4 
                 ; 0000 00C5       }
0000fc cfe5      	RJMP _0x7
                 ; 0000 00C6 }
                 _0xA:
0000fd cfff      	RJMP _0xA
                 ; .FEND
                 
                 	.DSEG
                 _0x6:
000260           	.BYTE 0x13
                 ;
                 
                 	.CSEG
                 _ftoa:
                 ; .FSTART _ftoa
0000fe 93ba      	ST   -Y,R27
0000ff 93aa      	ST   -Y,R26
000100 9724      	SBIW R28,4
000101 e0e0      	LDI  R30,LOW(0)
000102 83e8      	ST   Y,R30
000103 83e9      	STD  Y+1,R30
000104 83ea      	STD  Y+2,R30
000105 e3ef      	LDI  R30,LOW(63)
000106 83eb      	STD  Y+3,R30
000107 931a      	ST   -Y,R17
000108 930a      	ST   -Y,R16
000109 85eb      	LDD  R30,Y+11
00010a 85fc      	LDD  R31,Y+11+1
00010b 3fef      	CPI  R30,LOW(0xFFFF)
00010c efaf      	LDI  R26,HIGH(0xFFFF)
00010d 07fa      	CPC  R31,R26
00010e f439      	BRNE _0x200000D
00010f 940e 02b2 	CALL SUBOPT_0x2
                +
000111 e6aa     +LDI R26 , LOW ( 2 * _0x2000000 + ( 0 ) )
000112 e0b0     +LDI R27 , HIGH ( 2 * _0x2000000 + ( 0 ) )
                 	__POINTW2FN _0x2000000,0
000113 940e 029c 	CALL _strcpyf
000115 c0ad      	RJMP _0x20A0004
                 _0x200000D:
000116 3fef      	CPI  R30,LOW(0x7FFF)
000117 e7af      	LDI  R26,HIGH(0x7FFF)
000118 07fa      	CPC  R31,R26
000119 f439      	BRNE _0x200000C
00011a 940e 02b2 	CALL SUBOPT_0x2
                +
00011c e6ab     +LDI R26 , LOW ( 2 * _0x2000000 + ( 1 ) )
00011d e0b0     +LDI R27 , HIGH ( 2 * _0x2000000 + ( 1 ) )
                 	__POINTW2FN _0x2000000,1
00011e 940e 029c 	CALL _strcpyf
000120 c0a2      	RJMP _0x20A0004
                 _0x200000C:
000121 85ac      	LDD  R26,Y+12
000122 23aa      	TST  R26
000123 f462      	BRPL _0x200000F
                +
000124 85e9     +LDD R30 , Y + 9
000125 85fa     +LDD R31 , Y + 9 + 1
000126 856b     +LDD R22 , Y + 9 + 2
000127 857c     +LDD R23 , Y + 9 + 3
                 	__GETD1S 9
000128 940e 0306 	CALL __ANEGF1
00012a 940e 02b7 	CALL SUBOPT_0x3
00012c 940e 02bc 	CALL SUBOPT_0x4
00012e e2ed      	LDI  R30,LOW(45)
00012f 93ec      	ST   X,R30
                 _0x200000F:
000130 85a8      	LDD  R26,Y+8
000131 30a7      	CPI  R26,LOW(0x7)
000132 f010      	BRLO _0x2000010
000133 e0e6      	LDI  R30,LOW(6)
000134 87e8      	STD  Y+8,R30
                 _0x2000010:
000135 8518      	LDD  R17,Y+8
                 _0x2000011:
000136 2fe1      	MOV  R30,R17
000137 5011      	SUBI R17,1
000138 30e0      	CPI  R30,0
000139 f039      	BREQ _0x2000013
00013a 940e 02c3 	CALL SUBOPT_0x5
00013c 940e 02c8 	CALL SUBOPT_0x6
00013e 940e 02cf 	CALL SUBOPT_0x7
000140 cff5      	RJMP _0x2000011
                 _0x2000013:
000141 940e 02d4 	CALL SUBOPT_0x8
000143 940e 03ac 	CALL __ADDF12
000145 940e 02b7 	CALL SUBOPT_0x3
000147 e010      	LDI  R17,LOW(0)
                +
000148 e0e0     +LDI R30 , LOW ( 0x3F800000 )
000149 e0f0     +LDI R31 , HIGH ( 0x3F800000 )
00014a e860     +LDI R22 , BYTE3 ( 0x3F800000 )
00014b e37f     +LDI R23 , BYTE4 ( 0x3F800000 )
                 	__GETD1N 0x3F800000
00014c 940e 02cf 	CALL SUBOPT_0x7
                 _0x2000014:
00014e 940e 02d4 	CALL SUBOPT_0x8
000150 940e 048f 	CALL __CMPF12
000152 f088      	BRLO _0x2000016
000153 940e 02c3 	CALL SUBOPT_0x5
000155 940e 02dd 	CALL SUBOPT_0x9
000157 940e 02cf 	CALL SUBOPT_0x7
000159 5f1f      	SUBI R17,-LOW(1)
00015a 3217      	CPI  R17,39
00015b f038      	BRLO _0x2000017
00015c 940e 02b2 	CALL SUBOPT_0x2
                +
00015e e6af     +LDI R26 , LOW ( 2 * _0x2000000 + ( 5 ) )
00015f e0b0     +LDI R27 , HIGH ( 2 * _0x2000000 + ( 5 ) )
                 	__POINTW2FN _0x2000000,5
000160 940e 029c 	CALL _strcpyf
000162 c060      	RJMP _0x20A0004
                 _0x2000017:
000163 cfea      	RJMP _0x2000014
                 _0x2000016:
000164 3010      	CPI  R17,0
000165 f429      	BRNE _0x2000018
000166 940e 02bc 	CALL SUBOPT_0x4
000168 e3e0      	LDI  R30,LOW(48)
000169 93ec      	ST   X,R30
00016a c02d      	RJMP _0x2000019
                 _0x2000018:
                 _0x200001A:
00016b 2fe1      	MOV  R30,R17
00016c 5011      	SUBI R17,1
00016d 30e0      	CPI  R30,0
00016e f149      	BREQ _0x200001C
00016f 940e 02c3 	CALL SUBOPT_0x5
000171 940e 02c8 	CALL SUBOPT_0x6
                +
000173 e0a0     +LDI R26 , LOW ( 0x3F000000 )
000174 e0b0     +LDI R27 , HIGH ( 0x3F000000 )
000175 e080     +LDI R24 , BYTE3 ( 0x3F000000 )
000176 e39f     +LDI R25 , BYTE4 ( 0x3F000000 )
                 	__GETD2N 0x3F000000
000177 940e 03ac 	CALL __ADDF12
000179 01df      	MOVW R26,R30
00017a 01cb      	MOVW R24,R22
00017b 940e 0285 	CALL _floor
00017d 940e 02cf 	CALL SUBOPT_0x7
00017f 940e 02d4 	CALL SUBOPT_0x8
000181 940e 044a 	CALL __DIVF21
000183 940e 0339 	CALL __CFD1U
000185 2f0e      	MOV  R16,R30
000186 940e 02bc 	CALL SUBOPT_0x4
000188 2fe0      	MOV  R30,R16
000189 5de0      	SUBI R30,-LOW(48)
00018a 93ec      	ST   X,R30
00018b 2fe0      	MOV  R30,R16
00018c e0f0      	LDI  R31,0
00018d 940e 02c3 	CALL SUBOPT_0x5
00018f 940e 02a9 	CALL SUBOPT_0x0
000191 940e 03fc 	CALL __MULF12
000193 940e 02e4 	CALL SUBOPT_0xA
000195 940e 02e9 	CALL SUBOPT_0xB
000197 cfd3      	RJMP _0x200001A
                 _0x200001C:
                 _0x2000019:
000198 85e8      	LDD  R30,Y+8
000199 30e0      	CPI  R30,0
00019a f121      	BREQ _0x20A0003
00019b 940e 02bc 	CALL SUBOPT_0x4
00019d e2ee      	LDI  R30,LOW(46)
00019e 93ec      	ST   X,R30
                 _0x200001E:
00019f 85e8      	LDD  R30,Y+8
0001a0 50e1      	SUBI R30,LOW(1)
0001a1 87e8      	STD  Y+8,R30
0001a2 5fef      	SUBI R30,-LOW(1)
0001a3 f0d9      	BREQ _0x2000020
0001a4 940e 02e4 	CALL SUBOPT_0xA
0001a6 940e 02dd 	CALL SUBOPT_0x9
0001a8 940e 02b7 	CALL SUBOPT_0x3
                +
0001aa 85e9     +LDD R30 , Y + 9
0001ab 85fa     +LDD R31 , Y + 9 + 1
0001ac 856b     +LDD R22 , Y + 9 + 2
0001ad 857c     +LDD R23 , Y + 9 + 3
                 	__GETD1S 9
0001ae 940e 0339 	CALL __CFD1U
0001b0 2f0e      	MOV  R16,R30
0001b1 940e 02bc 	CALL SUBOPT_0x4
0001b3 2fe0      	MOV  R30,R16
0001b4 5de0      	SUBI R30,-LOW(48)
0001b5 93ec      	ST   X,R30
0001b6 2fe0      	MOV  R30,R16
0001b7 e0f0      	LDI  R31,0
0001b8 940e 02e4 	CALL SUBOPT_0xA
0001ba 940e 02a9 	CALL SUBOPT_0x0
0001bc 940e 02e9 	CALL SUBOPT_0xB
0001be cfe0      	RJMP _0x200001E
                 _0x2000020:
                 _0x20A0003:
0001bf 81ae      	LDD  R26,Y+6
0001c0 81bf      	LDD  R27,Y+6+1
0001c1 e0e0      	LDI  R30,LOW(0)
0001c2 93ec      	ST   X,R30
                 _0x20A0004:
0001c3 8119      	LDD  R17,Y+1
0001c4 8108      	LDD  R16,Y+0
0001c5 962d      	ADIW R28,13
0001c6 9508      	RET
                 ; .FEND
                 
                 	.DSEG
                 
                 	.CSEG
                 	#ifndef __SLEEP_DEFINED__
                 	#endif
                 
                 	.DSEG
                 
                 	.CSEG
                 __lcd_write_nibble_G101:
                 ; .FSTART __lcd_write_nibble_G101
0001c7 93aa      	ST   -Y,R26
0001c8 b3e5      	IN   R30,0x15
0001c9 70ef      	ANDI R30,LOW(0xF)
0001ca 2fae      	MOV  R26,R30
0001cb 81e8      	LD   R30,Y
0001cc 7fe0      	ANDI R30,LOW(0xF0)
0001cd 2bea      	OR   R30,R26
0001ce bbe5      	OUT  0x15,R30
                +
0001cf e08d     +LDI R24 , LOW ( 13 )
                +__DELAY_USB_LOOP :
0001d0 958a     +DEC R24
0001d1 f7f1     +BRNE __DELAY_USB_LOOP
                 	__DELAY_USB 13
0001d2 9aaa      	SBI  0x15,2
                +
0001d3 e08d     +LDI R24 , LOW ( 13 )
                +__DELAY_USB_LOOP :
0001d4 958a     +DEC R24
0001d5 f7f1     +BRNE __DELAY_USB_LOOP
                 	__DELAY_USB 13
0001d6 98aa      	CBI  0x15,2
                +
0001d7 e08d     +LDI R24 , LOW ( 13 )
                +__DELAY_USB_LOOP :
0001d8 958a     +DEC R24
0001d9 f7f1     +BRNE __DELAY_USB_LOOP
                 	__DELAY_USB 13
0001da c077      	RJMP _0x20A0002
                 ; .FEND
                 __lcd_write_data:
                 ; .FSTART __lcd_write_data
0001db 93aa      	ST   -Y,R26
0001dc 81a8      	LD   R26,Y
0001dd dfe9      	RCALL __lcd_write_nibble_G101
0001de 81e8          ld    r30,y
0001df 95e2          swap  r30
0001e0 83e8          st    y,r30
0001e1 81a8      	LD   R26,Y
0001e2 dfe4      	RCALL __lcd_write_nibble_G101
                +
0001e3 e885     +LDI R24 , LOW ( 133 )
                +__DELAY_USB_LOOP :
0001e4 958a     +DEC R24
0001e5 f7f1     +BRNE __DELAY_USB_LOOP
                 	__DELAY_USB 133
0001e6 c06b      	RJMP _0x20A0002
                 ; .FEND
                 _lcd_gotoxy:
                 ; .FSTART _lcd_gotoxy
0001e7 93aa      	ST   -Y,R26
0001e8 81e8      	LD   R30,Y
0001e9 e0f0      	LDI  R31,0
0001ea 58e9      	SUBI R30,LOW(-__base_y_G101)
0001eb 4ffd      	SBCI R31,HIGH(-__base_y_G101)
0001ec 81e0      	LD   R30,Z
0001ed 81a9      	LDD  R26,Y+1
0001ee 0fae      	ADD  R26,R30
0001ef dfeb      	RCALL __lcd_write_data
0001f0 8059      	LDD  R5,Y+1
0001f1 8048      	LDD  R4,Y+0
0001f2 9622      	ADIW R28,2
0001f3 9508      	RET
                 ; .FEND
                 _lcd_clear:
                 ; .FSTART _lcd_clear
0001f4 e0a2      	LDI  R26,LOW(2)
0001f5 940e 02ee 	CALL SUBOPT_0xC
0001f7 e0ac      	LDI  R26,LOW(12)
0001f8 dfe2      	RCALL __lcd_write_data
0001f9 e0a1      	LDI  R26,LOW(1)
0001fa 940e 02ee 	CALL SUBOPT_0xC
0001fc e0e0      	LDI  R30,LOW(0)
0001fd 2e4e      	MOV  R4,R30
0001fe 2e5e      	MOV  R5,R30
0001ff 9508      	RET
                 ; .FEND
                 _lcd_putchar:
                 ; .FSTART _lcd_putchar
000200 93aa      	ST   -Y,R26
000201 81a8      	LD   R26,Y
000202 30aa      	CPI  R26,LOW(0xA)
000203 f011      	BREQ _0x2020005
000204 1457      	CP   R5,R7
000205 f048      	BRLO _0x2020004
                 _0x2020005:
000206 e0e0      	LDI  R30,LOW(0)
000207 93ea      	ST   -Y,R30
000208 9443      	INC  R4
000209 2da4      	MOV  R26,R4
00020a dfdc      	RCALL _lcd_gotoxy
00020b 81a8      	LD   R26,Y
00020c 30aa      	CPI  R26,LOW(0xA)
00020d f409      	BRNE _0x2020007
00020e c043      	RJMP _0x20A0002
                 _0x2020007:
                 _0x2020004:
00020f 9453      	INC  R5
000210 9aa8      	SBI  0x15,0
000211 81a8      	LD   R26,Y
000212 dfc8      	RCALL __lcd_write_data
000213 98a8      	CBI  0x15,0
000214 c03d      	RJMP _0x20A0002
                 ; .FEND
                 _lcd_puts:
                 ; .FSTART _lcd_puts
000215 93ba      	ST   -Y,R27
000216 93aa      	ST   -Y,R26
000217 931a      	ST   -Y,R17
                 _0x2020008:
000218 81a9      	LDD  R26,Y+1
000219 81ba      	LDD  R27,Y+1+1
00021a 91ed      	LD   R30,X+
00021b 83a9      	STD  Y+1,R26
00021c 83ba      	STD  Y+1+1,R27
00021d 2f1e      	MOV  R17,R30
00021e 30e0      	CPI  R30,0
00021f f019      	BREQ _0x202000A
000220 2fa1      	MOV  R26,R17
000221 dfde      	RCALL _lcd_putchar
000222 cff5      	RJMP _0x2020008
                 _0x202000A:
000223 8118      	LDD  R17,Y+0
000224 9623      	ADIW R28,3
000225 9508      	RET
                 ; .FEND
                 _lcd_init:
                 ; .FSTART _lcd_init
000226 93aa      	ST   -Y,R26
000227 b3e4      	IN   R30,0x14
000228 6fe0      	ORI  R30,LOW(0xF0)
000229 bbe4      	OUT  0x14,R30
00022a 9aa2      	SBI  0x14,2
00022b 9aa0      	SBI  0x14,0
00022c 9aa1      	SBI  0x14,1
00022d 98aa      	CBI  0x15,2
00022e 98a8      	CBI  0x15,0
00022f 98a9      	CBI  0x15,1
000230 8078      	LDD  R7,Y+0
000231 81e8      	LD   R30,Y
000232 58e0      	SUBI R30,-LOW(128)
                +
000233 93e0 0279+STS __base_y_G101 + ( 2 ) , R30
                 	__PUTB1MN __base_y_G101,2
000235 81e8      	LD   R30,Y
000236 54e0      	SUBI R30,-LOW(192)
                +
000237 93e0 027a+STS __base_y_G101 + ( 3 ) , R30
                 	__PUTB1MN __base_y_G101,3
000239 e1a4      	LDI  R26,LOW(20)
00023a e0b0      	LDI  R27,0
00023b 940e 02fc 	CALL _delay_ms
00023d 940e 02f4 	CALL SUBOPT_0xD
00023f 940e 02f4 	CALL SUBOPT_0xD
000241 940e 02f4 	CALL SUBOPT_0xD
000243 e2a0      	LDI  R26,LOW(32)
000244 df82      	RCALL __lcd_write_nibble_G101
                +
000245 ec88     +LDI R24 , LOW ( 200 )
000246 e090     +LDI R25 , HIGH ( 200 )
                +__DELAY_USW_LOOP :
000247 9701     +SBIW R24 , 1
000248 f7f1     +BRNE __DELAY_USW_LOOP
                 	__DELAY_USW 200
000249 e2a8      	LDI  R26,LOW(40)
00024a df90      	RCALL __lcd_write_data
00024b e0a4      	LDI  R26,LOW(4)
00024c df8e      	RCALL __lcd_write_data
00024d e8a5      	LDI  R26,LOW(133)
00024e df8c      	RCALL __lcd_write_data
00024f e0a6      	LDI  R26,LOW(6)
000250 df8a      	RCALL __lcd_write_data
000251 dfa2      	RCALL _lcd_clear
                 _0x20A0002:
000252 9621      	ADIW R28,1
000253 9508      	RET
                 ; .FEND
                 
                 	.CSEG
                 
                 	.CSEG
                 _ftrunc:
                 ; .FSTART _ftrunc
000254 940e 04fa 	CALL __PUTPARD2
000256 817b         ldd  r23,y+3
000257 816a         ldd  r22,y+2
000258 81f9         ldd  r31,y+1
000259 81e8         ld   r30,y
00025a fb77         bst  r23,7
00025b 0f77         lsl  r23
00025c fd67         sbrc r22,7
00025d 6071         sbr  r23,1
00025e 2f97         mov  r25,r23
00025f 579e         subi r25,0x7e
000260 f081         breq __ftrunc0
000261 f078         brcs __ftrunc0
000262 3198         cpi  r25,24
000263 f490         brsh __ftrunc1
000264 27aa         clr  r26
000265 27bb         clr  r27
000266 2788         clr  r24
                 __ftrunc2:
000267 9408         sec
000268 9587         ror  r24
000269 95b7         ror  r27
00026a 95a7         ror  r26
00026b 959a         dec  r25
00026c f7d1         brne __ftrunc2
00026d 23ea         and  r30,r26
00026e 23fb         and  r31,r27
00026f 2368         and  r22,r24
000270 c005         rjmp __ftrunc1
                 __ftrunc0:
000271 94e8         clt
000272 2777         clr  r23
000273 27ee         clr  r30
000274 27ff         clr  r31
000275 2766         clr  r22
                 __ftrunc1:
000276 776f         cbr  r22,0x80
000277 9576         lsr  r23
000278 f408         brcc __ftrunc3
000279 6860         sbr  r22,0x80
                 __ftrunc3:
00027a f977         bld  r23,7
00027b 91a9         ld   r26,y+
00027c 91b9         ld   r27,y+
00027d 9189         ld   r24,y+
00027e 9199         ld   r25,y+
00027f 17ea         cp   r30,r26
000280 07fb         cpc  r31,r27
000281 0768         cpc  r22,r24
000282 0779         cpc  r23,r25
000283 fb97         bst  r25,7
000284 9508         ret
                 ; .FEND
                 _floor:
                 ; .FSTART _floor
000285 940e 04fa 	CALL __PUTPARD2
000287 940e 04eb 	CALL __GETD2S0
000289 940e 0254 	CALL _ftrunc
00028b 940e 04f0 	CALL __PUTD1S0
00028d f419          brne __floor1
                 __floor0:
00028e 940e 04e6 	CALL __GETD1S0
000290 c009      	RJMP _0x20A0001
                 __floor1:
000291 f7e6          brtc __floor0
000292 940e 04e6 	CALL __GETD1S0
                +
000294 e0a0     +LDI R26 , LOW ( 0x3F800000 )
000295 e0b0     +LDI R27 , HIGH ( 0x3F800000 )
000296 e880     +LDI R24 , BYTE3 ( 0x3F800000 )
000297 e39f     +LDI R25 , BYTE4 ( 0x3F800000 )
                 	__GETD2N 0x3F800000
000298 940e 03a5 	CALL __SUBF12
                 _0x20A0001:
00029a 9624      	ADIW R28,4
00029b 9508      	RET
                 ; .FEND
                 
                 	.CSEG
                 _strcpyf:
                 ; .FSTART _strcpyf
00029c 93ba      	ST   -Y,R27
00029d 93aa      	ST   -Y,R26
00029e 91e9          ld   r30,y+
00029f 91f9          ld   r31,y+
0002a0 91a9          ld   r26,y+
0002a1 91b9          ld   r27,y+
0002a2 01cd          movw r24,r26
                 strcpyf0:
0002a3 9005      	lpm  r0,z+
0002a4 920d          st   x+,r0
0002a5 2000          tst  r0
0002a6 f7e1          brne strcpyf0
0002a7 01fc          movw r30,r24
0002a8 9508          ret
                 ; .FEND
                 
                 	.DSEG
                 __seed_G100:
000273           	.BYTE 0x4
                 __base_y_G101:
000277           	.BYTE 0x4
                 
                 	.CSEG
                 ;OPTIMIZER ADDED SUBROUTINE, CALLED 4 TIMES, CODE SIZE REDUCTION:3 WORDS
                 SUBOPT_0x0:
0002a9 940e 04bb 	CALL __CWD1
0002ab 940e 0372 	CALL __CDF1
0002ad 9508      	RET
                 
                 ;OPTIMIZER ADDED SUBROUTINE, CALLED 4 TIMES, CODE SIZE REDUCTION:3 WORDS
                 SUBOPT_0x1:
0002ae 93ea      	ST   -Y,R30
0002af e0a1      	LDI  R26,LOW(1)
0002b0 940c 01e7 	JMP  _lcd_gotoxy
                 
                 ;OPTIMIZER ADDED SUBROUTINE, CALLED 3 TIMES, CODE SIZE REDUCTION:1 WORDS
                 SUBOPT_0x2:
0002b2 81ee      	LDD  R30,Y+6
0002b3 81ff      	LDD  R31,Y+6+1
0002b4 93fa      	ST   -Y,R31
0002b5 93ea      	ST   -Y,R30
0002b6 9508      	RET
                 
                 ;OPTIMIZER ADDED SUBROUTINE, CALLED 5 TIMES, CODE SIZE REDUCTION:5 WORDS
                 SUBOPT_0x3:
                +
0002b7 87e9     +STD Y + 9 , R30
0002b8 87fa     +STD Y + 9 + 1 , R31
0002b9 876b     +STD Y + 9 + 2 , R22
0002ba 877c     +STD Y + 9 + 3 , R23
                 	__PUTD1S 9
0002bb 9508      	RET
                 
                 ;OPTIMIZER ADDED SUBROUTINE, CALLED 5 TIMES, CODE SIZE REDUCTION:13 WORDS
                 SUBOPT_0x4:
0002bc 81ae      	LDD  R26,Y+6
0002bd 81bf      	LDD  R27,Y+6+1
0002be 9611      	ADIW R26,1
0002bf 83ae      	STD  Y+6,R26
0002c0 83bf      	STD  Y+6+1,R27
0002c1 9711      	SBIW R26,1
0002c2 9508      	RET
                 
                 ;OPTIMIZER ADDED SUBROUTINE, CALLED 4 TIMES, CODE SIZE REDUCTION:3 WORDS
                 SUBOPT_0x5:
                +
0002c3 81aa     +LDD R26 , Y + 2
0002c4 81bb     +LDD R27 , Y + 2 + 1
0002c5 818c     +LDD R24 , Y + 2 + 2
0002c6 819d     +LDD R25 , Y + 2 + 3
                 	__GETD2S 2
0002c7 9508      	RET
                 
                 ;OPTIMIZER ADDED SUBROUTINE, CALLED 2 TIMES, CODE SIZE REDUCTION:1 WORDS
                 SUBOPT_0x6:
                +
0002c8 eced     +LDI R30 , LOW ( 0x3DCCCCCD )
0002c9 ecfc     +LDI R31 , HIGH ( 0x3DCCCCCD )
0002ca ec6c     +LDI R22 , BYTE3 ( 0x3DCCCCCD )
0002cb e37d     +LDI R23 , BYTE4 ( 0x3DCCCCCD )
                 	__GETD1N 0x3DCCCCCD
0002cc 940e 03fc 	CALL __MULF12
0002ce 9508      	RET
                 
                 ;OPTIMIZER ADDED SUBROUTINE, CALLED 4 TIMES, CODE SIZE REDUCTION:3 WORDS
                 SUBOPT_0x7:
                +
0002cf 83ea     +STD Y + 2 , R30
0002d0 83fb     +STD Y + 2 + 1 , R31
0002d1 836c     +STD Y + 2 + 2 , R22
0002d2 837d     +STD Y + 2 + 3 , R23
                 	__PUTD1S 2
0002d3 9508      	RET
                 
                 ;OPTIMIZER ADDED SUBROUTINE, CALLED 3 TIMES, CODE SIZE REDUCTION:9 WORDS
                 SUBOPT_0x8:
                +
0002d4 81ea     +LDD R30 , Y + 2
0002d5 81fb     +LDD R31 , Y + 2 + 1
0002d6 816c     +LDD R22 , Y + 2 + 2
0002d7 817d     +LDD R23 , Y + 2 + 3
                 	__GETD1S 2
                +
0002d8 85a9     +LDD R26 , Y + 9
0002d9 85ba     +LDD R27 , Y + 9 + 1
0002da 858b     +LDD R24 , Y + 9 + 2
0002db 859c     +LDD R25 , Y + 9 + 3
                 	__GETD2S 9
0002dc 9508      	RET
                 
                 ;OPTIMIZER ADDED SUBROUTINE, CALLED 2 TIMES, CODE SIZE REDUCTION:1 WORDS
                 SUBOPT_0x9:
                +
0002dd e0e0     +LDI R30 , LOW ( 0x41200000 )
0002de e0f0     +LDI R31 , HIGH ( 0x41200000 )
0002df e260     +LDI R22 , BYTE3 ( 0x41200000 )
0002e0 e471     +LDI R23 , BYTE4 ( 0x41200000 )
                 	__GETD1N 0x41200000
0002e1 940e 03fc 	CALL __MULF12
0002e3 9508      	RET
                 
                 ;OPTIMIZER ADDED SUBROUTINE, CALLED 3 TIMES, CODE SIZE REDUCTION:1 WORDS
                 SUBOPT_0xA:
                +
0002e4 85a9     +LDD R26 , Y + 9
0002e5 85ba     +LDD R27 , Y + 9 + 1
0002e6 858b     +LDD R24 , Y + 9 + 2
0002e7 859c     +LDD R25 , Y + 9 + 3
                 	__GETD2S 9
0002e8 9508      	RET
                 
                 ;OPTIMIZER ADDED SUBROUTINE, CALLED 2 TIMES, CODE SIZE REDUCTION:1 WORDS
                 SUBOPT_0xB:
0002e9 940e 04ff 	CALL __SWAPD12
0002eb 940e 03a5 	CALL __SUBF12
0002ed cfc9      	RJMP SUBOPT_0x3
                 
                 ;OPTIMIZER ADDED SUBROUTINE, CALLED 2 TIMES, CODE SIZE REDUCTION:1 WORDS
                 SUBOPT_0xC:
0002ee 940e 01db 	CALL __lcd_write_data
0002f0 e0a3      	LDI  R26,LOW(3)
0002f1 e0b0      	LDI  R27,0
0002f2 940c 02fc 	JMP  _delay_ms
                 
                 ;OPTIMIZER ADDED SUBROUTINE, CALLED 3 TIMES, CODE SIZE REDUCTION:7 WORDS
                 SUBOPT_0xD:
0002f4 e3a0      	LDI  R26,LOW(48)
0002f5 940e 01c7 	CALL __lcd_write_nibble_G101
                +
0002f7 ec88     +LDI R24 , LOW ( 200 )
0002f8 e090     +LDI R25 , HIGH ( 200 )
                +__DELAY_USW_LOOP :
0002f9 9701     +SBIW R24 , 1
0002fa f7f1     +BRNE __DELAY_USW_LOOP
                 	__DELAY_USW 200
0002fb 9508      	RET
                 
                 
                 	.CSEG
                 _delay_ms:
0002fc 9610      	adiw r26,0
0002fd f039      	breq __delay_ms1
                 __delay_ms0:
                +
0002fe ed80     +LDI R24 , LOW ( 0x7D0 )
0002ff e097     +LDI R25 , HIGH ( 0x7D0 )
                +__DELAY_USW_LOOP :
000300 9701     +SBIW R24 , 1
000301 f7f1     +BRNE __DELAY_USW_LOOP
                 	__DELAY_USW 0x7D0
000302 95a8      	wdr
000303 9711      	sbiw r26,1
000304 f7c9      	brne __delay_ms0
                 __delay_ms1:
000305 9508      	ret
                 
                 __ANEGF1:
000306 9730      	SBIW R30,0
000307 4060      	SBCI R22,0
000308 4070      	SBCI R23,0
000309 f009      	BREQ __ANEGF10
00030a 5870      	SUBI R23,0x80
                 __ANEGF10:
00030b 9508      	RET
                 
                 __ROUND_REPACK:
00030c 2355      	TST  R21
00030d f442      	BRPL __REPACK
00030e 3850      	CPI  R21,0x80
00030f f411      	BRNE __ROUND_REPACK0
000310 ffe0      	SBRS R30,0
000311 c004      	RJMP __REPACK
                 __ROUND_REPACK0:
000312 9631      	ADIW R30,1
000313 1f69      	ADC  R22,R25
000314 1f79      	ADC  R23,R25
000315 f06b      	BRVS __REPACK1
                 
                 __REPACK:
000316 e850      	LDI  R21,0x80
000317 2757      	EOR  R21,R23
000318 f411      	BRNE __REPACK0
000319 935f      	PUSH R21
00031a c0cf      	RJMP __ZERORES
                 __REPACK0:
00031b 3f5f      	CPI  R21,0xFF
00031c f031      	BREQ __REPACK1
00031d 0f66      	LSL  R22
00031e 0c00      	LSL  R0
00031f 9557      	ROR  R21
000320 9567      	ROR  R22
000321 2f75      	MOV  R23,R21
000322 9508      	RET
                 __REPACK1:
000323 935f      	PUSH R21
000324 2000      	TST  R0
000325 f00a      	BRMI __REPACK2
000326 c0cf      	RJMP __MAXRES
                 __REPACK2:
000327 c0c8      	RJMP __MINRES
                 
                 __UNPACK:
000328 e850      	LDI  R21,0x80
000329 2e19      	MOV  R1,R25
00032a 2215      	AND  R1,R21
00032b 0f88      	LSL  R24
00032c 1f99      	ROL  R25
00032d 2795      	EOR  R25,R21
00032e 0f55      	LSL  R21
00032f 9587      	ROR  R24
                 
                 __UNPACK1:
000330 e850      	LDI  R21,0x80
000331 2e07      	MOV  R0,R23
000332 2205      	AND  R0,R21
000333 0f66      	LSL  R22
000334 1f77      	ROL  R23
000335 2775      	EOR  R23,R21
000336 0f55      	LSL  R21
000337 9567      	ROR  R22
000338 9508      	RET
                 
                 __CFD1U:
000339 9468      	SET
00033a c001      	RJMP __CFD1U0
                 __CFD1:
00033b 94e8      	CLT
                 __CFD1U0:
00033c 935f      	PUSH R21
00033d dff2      	RCALL __UNPACK1
00033e 3870      	CPI  R23,0x80
00033f f018      	BRLO __CFD10
000340 3f7f      	CPI  R23,0xFF
000341 f408      	BRCC __CFD10
000342 c0a7      	RJMP __ZERORES
                 __CFD10:
000343 e156      	LDI  R21,22
000344 1b57      	SUB  R21,R23
000345 f4aa      	BRPL __CFD11
000346 9551      	NEG  R21
000347 3058      	CPI  R21,8
000348 f40e      	BRTC __CFD19
000349 3059      	CPI  R21,9
                 __CFD19:
00034a f030      	BRLO __CFD17
00034b efef      	SER  R30
00034c efff      	SER  R31
00034d ef6f      	SER  R22
00034e e77f      	LDI  R23,0x7F
00034f f977      	BLD  R23,7
000350 c01a      	RJMP __CFD15
                 __CFD17:
000351 2777      	CLR  R23
000352 2355      	TST  R21
000353 f0b9      	BREQ __CFD15
                 __CFD18:
000354 0fee      	LSL  R30
000355 1fff      	ROL  R31
000356 1f66      	ROL  R22
000357 1f77      	ROL  R23
000358 955a      	DEC  R21
000359 f7d1      	BRNE __CFD18
00035a c010      	RJMP __CFD15
                 __CFD11:
00035b 2777      	CLR  R23
                 __CFD12:
00035c 3058      	CPI  R21,8
00035d f028      	BRLO __CFD13
00035e 2fef      	MOV  R30,R31
00035f 2ff6      	MOV  R31,R22
000360 2f67      	MOV  R22,R23
000361 5058      	SUBI R21,8
000362 cff9      	RJMP __CFD12
                 __CFD13:
000363 2355      	TST  R21
000364 f031      	BREQ __CFD15
                 __CFD14:
000365 9576      	LSR  R23
000366 9567      	ROR  R22
000367 95f7      	ROR  R31
000368 95e7      	ROR  R30
000369 955a      	DEC  R21
00036a f7d1      	BRNE __CFD14
                 __CFD15:
00036b 2000      	TST  R0
00036c f40a      	BRPL __CFD16
00036d d145      	RCALL __ANEGD1
                 __CFD16:
00036e 915f      	POP  R21
00036f 9508      	RET
                 
                 __CDF1U:
000370 9468      	SET
000371 c001      	RJMP __CDF1U0
                 __CDF1:
000372 94e8      	CLT
                 __CDF1U0:
000373 9730      	SBIW R30,0
000374 4060      	SBCI R22,0
000375 4070      	SBCI R23,0
000376 f0b1      	BREQ __CDF10
000377 2400      	CLR  R0
000378 f026      	BRTS __CDF11
000379 2377      	TST  R23
00037a f412      	BRPL __CDF11
00037b 9400      	COM  R0
00037c d136      	RCALL __ANEGD1
                 __CDF11:
00037d 2e17      	MOV  R1,R23
00037e e17e      	LDI  R23,30
00037f 2011      	TST  R1
                 __CDF12:
000380 f032      	BRMI __CDF13
000381 957a      	DEC  R23
000382 0fee      	LSL  R30
000383 1fff      	ROL  R31
000384 1f66      	ROL  R22
000385 1c11      	ROL  R1
000386 cff9      	RJMP __CDF12
                 __CDF13:
000387 2fef      	MOV  R30,R31
000388 2ff6      	MOV  R31,R22
000389 2d61      	MOV  R22,R1
00038a 935f      	PUSH R21
00038b df8a      	RCALL __REPACK
00038c 915f      	POP  R21
                 __CDF10:
00038d 9508      	RET
                 
                 __SWAPACC:
00038e 934f      	PUSH R20
00038f 01af      	MOVW R20,R30
000390 01fd      	MOVW R30,R26
000391 01da      	MOVW R26,R20
000392 01ab      	MOVW R20,R22
000393 01bc      	MOVW R22,R24
000394 01ca      	MOVW R24,R20
000395 2d40      	MOV  R20,R0
000396 2c01      	MOV  R0,R1
000397 2e14      	MOV  R1,R20
000398 914f      	POP  R20
000399 9508      	RET
                 
                 __UADD12:
00039a 0fea      	ADD  R30,R26
00039b 1ffb      	ADC  R31,R27
00039c 1f68      	ADC  R22,R24
00039d 9508      	RET
                 
                 __NEGMAN1:
00039e 95e0      	COM  R30
00039f 95f0      	COM  R31
0003a0 9560      	COM  R22
0003a1 5fef      	SUBI R30,-1
0003a2 4fff      	SBCI R31,-1
0003a3 4f6f      	SBCI R22,-1
0003a4 9508      	RET
                 
                 __SUBF12:
0003a5 935f      	PUSH R21
0003a6 df81      	RCALL __UNPACK
0003a7 3890      	CPI  R25,0x80
0003a8 f171      	BREQ __ADDF129
0003a9 e850      	LDI  R21,0x80
0003aa 2615      	EOR  R1,R21
                 
0003ab c004      	RJMP __ADDF120
                 
                 __ADDF12:
0003ac 935f      	PUSH R21
0003ad df7a      	RCALL __UNPACK
0003ae 3890      	CPI  R25,0x80
0003af f139      	BREQ __ADDF129
                 
                 __ADDF120:
0003b0 3870      	CPI  R23,0x80
0003b1 f121      	BREQ __ADDF128
                 __ADDF121:
0003b2 2f57      	MOV  R21,R23
0003b3 1b59      	SUB  R21,R25
0003b4 f12b      	BRVS __ADDF1211
0003b5 f412      	BRPL __ADDF122
0003b6 dfd7      	RCALL __SWAPACC
0003b7 cffa      	RJMP __ADDF121
                 __ADDF122:
0003b8 3158      	CPI  R21,24
0003b9 f018      	BRLO __ADDF123
0003ba 27aa      	CLR  R26
0003bb 27bb      	CLR  R27
0003bc 2788      	CLR  R24
                 __ADDF123:
0003bd 3058      	CPI  R21,8
0003be f028      	BRLO __ADDF124
0003bf 2fab      	MOV  R26,R27
0003c0 2fb8      	MOV  R27,R24
0003c1 2788      	CLR  R24
0003c2 5058      	SUBI R21,8
0003c3 cff9      	RJMP __ADDF123
                 __ADDF124:
0003c4 2355      	TST  R21
0003c5 f029      	BREQ __ADDF126
                 __ADDF125:
0003c6 9586      	LSR  R24
0003c7 95b7      	ROR  R27
0003c8 95a7      	ROR  R26
0003c9 955a      	DEC  R21
0003ca f7d9      	BRNE __ADDF125
                 __ADDF126:
0003cb 2d50      	MOV  R21,R0
0003cc 2551      	EOR  R21,R1
0003cd f072      	BRMI __ADDF127
0003ce dfcb      	RCALL __UADD12
0003cf f438      	BRCC __ADDF129
0003d0 9567      	ROR  R22
0003d1 95f7      	ROR  R31
0003d2 95e7      	ROR  R30
0003d3 9573      	INC  R23
0003d4 f413      	BRVC __ADDF129
0003d5 c020      	RJMP __MAXRES
                 __ADDF128:
0003d6 dfb7      	RCALL __SWAPACC
                 __ADDF129:
0003d7 df3e      	RCALL __REPACK
0003d8 915f      	POP  R21
0003d9 9508      	RET
                 __ADDF1211:
0003da f7d8      	BRCC __ADDF128
0003db cffb      	RJMP __ADDF129
                 __ADDF127:
0003dc 1bea      	SUB  R30,R26
0003dd 0bfb      	SBC  R31,R27
0003de 0b68      	SBC  R22,R24
0003df f051      	BREQ __ZERORES
0003e0 f410      	BRCC __ADDF1210
0003e1 9400      	COM  R0
0003e2 dfbb      	RCALL __NEGMAN1
                 __ADDF1210:
0003e3 2366      	TST  R22
0003e4 f392      	BRMI __ADDF129
0003e5 0fee      	LSL  R30
0003e6 1fff      	ROL  R31
0003e7 1f66      	ROL  R22
0003e8 957a      	DEC  R23
0003e9 f7cb      	BRVC __ADDF1210
                 
                 __ZERORES:
0003ea 27ee      	CLR  R30
0003eb 27ff      	CLR  R31
0003ec 2766      	CLR  R22
0003ed 2777      	CLR  R23
0003ee 915f      	POP  R21
0003ef 9508      	RET
                 
                 __MINRES:
0003f0 efef      	SER  R30
0003f1 efff      	SER  R31
0003f2 e76f      	LDI  R22,0x7F
0003f3 ef7f      	SER  R23
0003f4 915f      	POP  R21
0003f5 9508      	RET
                 
                 __MAXRES:
0003f6 efef      	SER  R30
0003f7 efff      	SER  R31
0003f8 e76f      	LDI  R22,0x7F
0003f9 e77f      	LDI  R23,0x7F
0003fa 915f      	POP  R21
0003fb 9508      	RET
                 
                 __MULF12:
0003fc 935f      	PUSH R21
0003fd df2a      	RCALL __UNPACK
0003fe 3870      	CPI  R23,0x80
0003ff f351      	BREQ __ZERORES
000400 3890      	CPI  R25,0x80
000401 f341      	BREQ __ZERORES
000402 2401      	EOR  R0,R1
000403 9408      	SEC
000404 1f79      	ADC  R23,R25
000405 f423      	BRVC __MULF124
000406 f31c      	BRLT __ZERORES
                 __MULF125:
000407 2000      	TST  R0
000408 f33a      	BRMI __MINRES
000409 cfec      	RJMP __MAXRES
                 __MULF124:
00040a 920f      	PUSH R0
00040b 931f      	PUSH R17
00040c 932f      	PUSH R18
00040d 933f      	PUSH R19
00040e 934f      	PUSH R20
00040f 2711      	CLR  R17
000410 2722      	CLR  R18
000411 2799      	CLR  R25
000412 9f68      	MUL  R22,R24
000413 01a0      	MOVW R20,R0
000414 9f8f      	MUL  R24,R31
000415 2d30      	MOV  R19,R0
000416 0d41      	ADD  R20,R1
000417 1f59      	ADC  R21,R25
000418 9f6b      	MUL  R22,R27
000419 0d30      	ADD  R19,R0
00041a 1d41      	ADC  R20,R1
00041b 1f59      	ADC  R21,R25
00041c 9f8e      	MUL  R24,R30
00041d d027      	RCALL __MULF126
00041e 9fbf      	MUL  R27,R31
00041f d025      	RCALL __MULF126
000420 9f6a      	MUL  R22,R26
000421 d023      	RCALL __MULF126
000422 9fbe      	MUL  R27,R30
000423 d01d      	RCALL __MULF127
000424 9faf      	MUL  R26,R31
000425 d01b      	RCALL __MULF127
000426 9fae      	MUL  R26,R30
000427 0d11      	ADD  R17,R1
000428 1f29      	ADC  R18,R25
000429 1f39      	ADC  R19,R25
00042a 1f49      	ADC  R20,R25
00042b 1f59      	ADC  R21,R25
00042c 2fe3      	MOV  R30,R19
00042d 2ff4      	MOV  R31,R20
00042e 2f65      	MOV  R22,R21
00042f 2f52      	MOV  R21,R18
000430 914f      	POP  R20
000431 913f      	POP  R19
000432 912f      	POP  R18
000433 911f      	POP  R17
000434 900f      	POP  R0
000435 2366      	TST  R22
000436 f02a      	BRMI __MULF122
000437 0f55      	LSL  R21
000438 1fee      	ROL  R30
000439 1fff      	ROL  R31
00043a 1f66      	ROL  R22
00043b c002      	RJMP __MULF123
                 __MULF122:
00043c 9573      	INC  R23
00043d f24b      	BRVS __MULF125
                 __MULF123:
00043e decd      	RCALL __ROUND_REPACK
00043f 915f      	POP  R21
000440 9508      	RET
                 
                 __MULF127:
000441 0d10      	ADD  R17,R0
000442 1d21      	ADC  R18,R1
000443 1f39      	ADC  R19,R25
000444 c002      	RJMP __MULF128
                 __MULF126:
000445 0d20      	ADD  R18,R0
000446 1d31      	ADC  R19,R1
                 __MULF128:
000447 1f49      	ADC  R20,R25
000448 1f59      	ADC  R21,R25
000449 9508      	RET
                 
                 __DIVF21:
00044a 935f      	PUSH R21
00044b dedc      	RCALL __UNPACK
00044c 3870      	CPI  R23,0x80
00044d f421      	BRNE __DIVF210
00044e 2011      	TST  R1
                 __DIVF211:
00044f f40a      	BRPL __DIVF219
000450 cf9f      	RJMP __MINRES
                 __DIVF219:
000451 cfa4      	RJMP __MAXRES
                 __DIVF210:
000452 3890      	CPI  R25,0x80
000453 f409      	BRNE __DIVF218
                 __DIVF217:
000454 cf95      	RJMP __ZERORES
                 __DIVF218:
000455 2401      	EOR  R0,R1
000456 9408      	SEC
000457 0b97      	SBC  R25,R23
000458 f41b      	BRVC __DIVF216
000459 f3d4      	BRLT __DIVF217
00045a 2000      	TST  R0
00045b cff3      	RJMP __DIVF211
                 __DIVF216:
00045c 2f79      	MOV  R23,R25
00045d 931f      	PUSH R17
00045e 932f      	PUSH R18
00045f 933f      	PUSH R19
000460 934f      	PUSH R20
000461 2411      	CLR  R1
000462 2711      	CLR  R17
000463 2722      	CLR  R18
000464 2733      	CLR  R19
000465 2744      	CLR  R20
000466 2755      	CLR  R21
000467 e290      	LDI  R25,32
                 __DIVF212:
000468 17ae      	CP   R26,R30
000469 07bf      	CPC  R27,R31
00046a 0786      	CPC  R24,R22
00046b 0741      	CPC  R20,R17
00046c f030      	BRLO __DIVF213
00046d 1bae      	SUB  R26,R30
00046e 0bbf      	SBC  R27,R31
00046f 0b86      	SBC  R24,R22
000470 0b41      	SBC  R20,R17
000471 9408      	SEC
000472 c001      	RJMP __DIVF214
                 __DIVF213:
000473 9488      	CLC
                 __DIVF214:
000474 1f55      	ROL  R21
000475 1f22      	ROL  R18
000476 1f33      	ROL  R19
000477 1c11      	ROL  R1
000478 1faa      	ROL  R26
000479 1fbb      	ROL  R27
00047a 1f88      	ROL  R24
00047b 1f44      	ROL  R20
00047c 959a      	DEC  R25
00047d f751      	BRNE __DIVF212
00047e 01f9      	MOVW R30,R18
00047f 2d61      	MOV  R22,R1
000480 914f      	POP  R20
000481 913f      	POP  R19
000482 912f      	POP  R18
000483 911f      	POP  R17
000484 2366      	TST  R22
000485 f032      	BRMI __DIVF215
000486 0f55      	LSL  R21
000487 1fee      	ROL  R30
000488 1fff      	ROL  R31
000489 1f66      	ROL  R22
00048a 957a      	DEC  R23
00048b f243      	BRVS __DIVF217
                 __DIVF215:
00048c de7f      	RCALL __ROUND_REPACK
00048d 915f      	POP  R21
00048e 9508      	RET
                 
                 __CMPF12:
00048f 2399      	TST  R25
000490 f09a      	BRMI __CMPF120
000491 2377      	TST  R23
000492 f042      	BRMI __CMPF121
000493 1797      	CP   R25,R23
000494 f048      	BRLO __CMPF122
000495 f429      	BRNE __CMPF121
000496 17ae      	CP   R26,R30
000497 07bf      	CPC  R27,R31
000498 0786      	CPC  R24,R22
000499 f020      	BRLO __CMPF122
00049a f031      	BREQ __CMPF123
                 __CMPF121:
00049b 9498      	CLZ
00049c 9488      	CLC
00049d 9508      	RET
                 __CMPF122:
00049e 9498      	CLZ
00049f 9408      	SEC
0004a0 9508      	RET
                 __CMPF123:
0004a1 9418      	SEZ
0004a2 9488      	CLC
0004a3 9508      	RET
                 __CMPF120:
0004a4 2377      	TST  R23
0004a5 f7c2      	BRPL __CMPF122
0004a6 1797      	CP   R25,R23
0004a7 f398      	BRLO __CMPF121
0004a8 f7a9      	BRNE __CMPF122
0004a9 17ea      	CP   R30,R26
0004aa 07fb      	CPC  R31,R27
0004ab 0768      	CPC  R22,R24
0004ac f388      	BRLO __CMPF122
0004ad f399      	BREQ __CMPF123
0004ae cfec      	RJMP __CMPF121
                 
                 __ANEGW1:
0004af 95f1      	NEG  R31
0004b0 95e1      	NEG  R30
0004b1 40f0      	SBCI R31,0
0004b2 9508      	RET
                 
                 __ANEGD1:
0004b3 95f0      	COM  R31
0004b4 9560      	COM  R22
0004b5 9570      	COM  R23
0004b6 95e1      	NEG  R30
0004b7 4fff      	SBCI R31,-1
0004b8 4f6f      	SBCI R22,-1
0004b9 4f7f      	SBCI R23,-1
0004ba 9508      	RET
                 
                 __CWD1:
0004bb 2f6f      	MOV  R22,R31
0004bc 0f66      	ADD  R22,R22
0004bd 0b66      	SBC  R22,R22
0004be 2f76      	MOV  R23,R22
0004bf 9508      	RET
                 
                 __DIVW21U:
0004c0 2400      	CLR  R0
0004c1 2411      	CLR  R1
0004c2 e190      	LDI  R25,16
                 __DIVW21U1:
0004c3 0faa      	LSL  R26
0004c4 1fbb      	ROL  R27
0004c5 1c00      	ROL  R0
0004c6 1c11      	ROL  R1
0004c7 1a0e      	SUB  R0,R30
0004c8 0a1f      	SBC  R1,R31
0004c9 f418      	BRCC __DIVW21U2
0004ca 0e0e      	ADD  R0,R30
0004cb 1e1f      	ADC  R1,R31
0004cc c001      	RJMP __DIVW21U3
                 __DIVW21U2:
0004cd 60a1      	SBR  R26,1
                 __DIVW21U3:
0004ce 959a      	DEC  R25
0004cf f799      	BRNE __DIVW21U1
0004d0 01fd      	MOVW R30,R26
0004d1 01d0      	MOVW R26,R0
0004d2 9508      	RET
                 
                 __DIVW21:
0004d3 d004      	RCALL __CHKSIGNW
0004d4 dfeb      	RCALL __DIVW21U
0004d5 f40e      	BRTC __DIVW211
0004d6 dfd8      	RCALL __ANEGW1
                 __DIVW211:
0004d7 9508      	RET
                 
                 __CHKSIGNW:
0004d8 94e8      	CLT
0004d9 fff7      	SBRS R31,7
0004da c002      	RJMP __CHKSW1
0004db dfd3      	RCALL __ANEGW1
0004dc 9468      	SET
                 __CHKSW1:
0004dd ffb7      	SBRS R27,7
0004de c006      	RJMP __CHKSW2
0004df 95a0      	COM  R26
0004e0 95b0      	COM  R27
0004e1 9611      	ADIW R26,1
0004e2 f800      	BLD  R0,0
0004e3 9403      	INC  R0
0004e4 fa00      	BST  R0,0
                 __CHKSW2:
0004e5 9508      	RET
                 
                 __GETD1S0:
0004e6 81e8      	LD   R30,Y
0004e7 81f9      	LDD  R31,Y+1
0004e8 816a      	LDD  R22,Y+2
0004e9 817b      	LDD  R23,Y+3
0004ea 9508      	RET
                 
                 __GETD2S0:
0004eb 81a8      	LD   R26,Y
0004ec 81b9      	LDD  R27,Y+1
0004ed 818a      	LDD  R24,Y+2
0004ee 819b      	LDD  R25,Y+3
0004ef 9508      	RET
                 
                 __PUTD1S0:
0004f0 83e8      	ST   Y,R30
0004f1 83f9      	STD  Y+1,R31
0004f2 836a      	STD  Y+2,R22
0004f3 837b      	STD  Y+3,R23
0004f4 9508      	RET
                 
                 __PUTPARD1:
0004f5 937a      	ST   -Y,R23
0004f6 936a      	ST   -Y,R22
0004f7 93fa      	ST   -Y,R31
0004f8 93ea      	ST   -Y,R30
0004f9 9508      	RET
                 
                 __PUTPARD2:
0004fa 939a      	ST   -Y,R25
0004fb 938a      	ST   -Y,R24
0004fc 93ba      	ST   -Y,R27
0004fd 93aa      	ST   -Y,R26
0004fe 9508      	RET
                 
                 __SWAPD12:
0004ff 2e18      	MOV  R1,R24
000500 2f86      	MOV  R24,R22
000501 2d61      	MOV  R22,R1
000502 2e19      	MOV  R1,R25
000503 2f97      	MOV  R25,R23
000504 2d71      	MOV  R23,R1
                 
                 __SWAPW12:
000505 2e1b      	MOV  R1,R27
000506 2fbf      	MOV  R27,R31
000507 2df1      	MOV  R31,R1
                 
                 __SWAPB12:
000508 2e1a      	MOV  R1,R26
000509 2fae      	MOV  R26,R30
00050a 2de1      	MOV  R30,R1
00050b 9508      	RET
                 
                 ;END OF CODE MARKER
                 __END_OF_CODE:


RESOURCE USE INFORMATION
------------------------

Notice:
The register and instruction counts are symbol table hit counts,
and hence implicitly used resources are not counted, eg, the
'lpm' instruction without operands implicitly uses r0 and z,
none of which are counted.

x,y,z are separate entities in the symbol table and are
counted separately from r26..r31 here.

.dseg memory usage only counts static data declared with .byte

ATmega32 register use summary:
r0 :  37 r1 :  34 r2 :   0 r3 :   0 r4 :   4 r5 :   4 r6 :   0 r7 :   2 
r8 :   0 r9 :   0 r10:   0 r11:   0 r12:   0 r13:   0 r14:   0 r15:   0 
r16:  13 r17:  25 r18:  12 r19:  12 r20:  22 r21:  63 r22:  71 r23:  66 
r24:  59 r25:  52 r26: 110 r27:  52 r28:  11 r29:   1 r30: 200 r31:  68 
x  :  11 y  : 133 z  :   9 
Registers used: 24 out of 35 (68.6%)

ATmega32 instruction use summary:
.lds  :   0 .lds.l:   0 .sts  :   0 .sts.l:   0 adc   :  18 add   :   9 
adiw  :  11 and   :   5 andi  :   2 asr   :   0 bclr  :   0 bld   :   3 
brbc  :   0 brbs  :   0 brcc  :   6 brcs  :   1 break :   0 breq  :  23 
brge  :   0 brhc  :   0 brhs  :   0 brid  :   0 brie  :   0 brlo  :  14 
brlt  :   2 brmi  :   9 brne  :  30 brpl  :   8 brsh  :   1 brtc  :   3 
brts  :   1 brvc  :   4 brvs  :   4 bset  :   0 bst   :   3 call  :  86 
cbi   :   5 cbr   :   1 clc   :   3 clh   :   0 cli   :   1 cln   :   0 
clr   :  31 cls   :   0 clt   :   4 clv   :   0 clz   :   2 com   :  10 
cp    :   7 cpc   :  12 cpi   :  28 cpse  :   0 dec   :  15 des   :   0 
eor   :   7 fmul  :   0 fmuls :   0 fmulsu:   0 icall :   0 ijmp  :   0 
in    :   4 inc   :   5 jmp   :  25 ld    :  24 ldd   :  57 ldi   : 119 
lds   :   0 lpm   :   8 lsl   :  13 lsr   :   3 mov   :  53 movw  :  24 
mul   :   9 muls  :   0 mulsu :   0 neg   :   4 nop   :   0 or    :   1 
ori   :   2 out   :  42 pop   :  18 push  :  18 rcall :  39 ret   :  51 
reti  :   0 rjmp  :  48 rol   :  27 ror   :  15 sbc   :   8 sbci  :  11 
sbi   :   8 sbic  :   0 sbis  :   1 sbiw  :  12 sbr   :   3 sbrc  :   1 
sbrs  :   3 sec   :   5 seh   :   0 sei   :   0 sen   :   0 ser   :   8 
ses   :   0 set   :   3 sev   :   0 sez   :   1 sleep :   0 spm   :   0 
st    :  44 std   :  20 sts   :   2 sub   :   5 subi  :  15 swap  :   1 
tst   :  19 wdr   :   1 
Instructions used: 77 out of 116 (66.4%)

ATmega32 memory use summary [bytes]:
Segment   Begin    End      Code   Data   Used    Size   Use%
---------------------------------------------------------------
[.cseg] 0x000000 0x000a18   2524     60   2584   32768   7.9%
[.dseg] 0x000060 0x00027b      0     27     27    2048   1.3%
[.eseg] 0x000000 0x000000      0      0      0    1024   0.0%

Assembly complete, 0 errors, 6 warnings
